TN:
SF:src\models\product.model.ts
FN:41,(anonymous_0)
FN:111,(anonymous_1)
FNF:2
FNH:0
FNDA:0,(anonymous_0)
FNDA:0,(anonymous_1)
DA:1,1
DA:2,1
DA:24,1
DA:42,0
DA:112,0
LF:5
LH:3
BRF:0
BRH:0
end_of_record
TN:
SF:src\models\user.model.ts
FN:39,(anonymous_0)
FN:101,(anonymous_1)
FNF:2
FNH:0
FNDA:0,(anonymous_0)
FNDA:0,(anonymous_1)
DA:1,1
DA:2,1
DA:23,1
DA:40,0
DA:102,0
LF:5
LH:3
BRF:0
BRH:0
end_of_record
TN:
SF:src\services\product.service.ts
FN:6,(anonymous_0)
FN:8,(anonymous_1)
FN:9,(anonymous_2)
FN:12,(anonymous_3)
FN:14,(anonymous_4)
FN:16,(anonymous_5)
FN:19,(anonymous_6)
FN:22,(anonymous_7)
FN:24,(anonymous_8)
FN:26,(anonymous_9)
FN:29,(anonymous_10)
FN:32,(anonymous_11)
FN:34,(anonymous_12)
FN:36,(anonymous_13)
FN:39,(anonymous_14)
FN:42,(anonymous_15)
FN:44,(anonymous_16)
FN:46,(anonymous_17)
FN:48,(anonymous_18)
FN:51,(anonymous_19)
FN:55,(anonymous_20)
FN:63,(anonymous_21)
FN:75,(anonymous_22)
FN:87,(anonymous_23)
FN:99,(anonymous_24)
FN:107,(anonymous_25)
FN:120,(anonymous_26)
FN:133,(anonymous_27)
FN:146,(anonymous_28)
FN:159,(anonymous_29)
FN:172,(anonymous_30)
FN:184,(anonymous_31)
FN:197,(anonymous_32)
FN:199,(anonymous_33)
FN:201,(anonymous_34)
FN:204,(anonymous_35)
FN:207,(anonymous_36)
FNF:37
FNH:26
FNDA:2,(anonymous_0)
FNDA:0,(anonymous_1)
FNDA:2,(anonymous_2)
FNDA:3,(anonymous_3)
FNDA:0,(anonymous_4)
FNDA:0,(anonymous_5)
FNDA:3,(anonymous_6)
FNDA:2,(anonymous_7)
FNDA:0,(anonymous_8)
FNDA:0,(anonymous_9)
FNDA:2,(anonymous_10)
FNDA:2,(anonymous_11)
FNDA:0,(anonymous_12)
FNDA:0,(anonymous_13)
FNDA:2,(anonymous_14)
FNDA:2,(anonymous_15)
FNDA:0,(anonymous_16)
FNDA:0,(anonymous_17)
FNDA:2,(anonymous_18)
FNDA:1,(anonymous_19)
FNDA:1,(anonymous_20)
FNDA:1,(anonymous_21)
FNDA:1,(anonymous_22)
FNDA:1,(anonymous_23)
FNDA:1,(anonymous_24)
FNDA:1,(anonymous_25)
FNDA:1,(anonymous_26)
FNDA:1,(anonymous_27)
FNDA:1,(anonymous_28)
FNDA:1,(anonymous_29)
FNDA:1,(anonymous_30)
FNDA:1,(anonymous_31)
FNDA:2,(anonymous_32)
FNDA:0,(anonymous_33)
FNDA:0,(anonymous_34)
FNDA:2,(anonymous_35)
FNDA:8,(anonymous_36)
DA:2,1
DA:4,1
DA:7,2
DA:8,0
DA:9,2
DA:13,3
DA:15,0
DA:16,0
DA:19,3
DA:23,2
DA:25,0
DA:26,0
DA:29,2
DA:33,2
DA:35,0
DA:36,0
DA:39,2
DA:43,2
DA:45,0
DA:46,0
DA:48,2
DA:52,1
DA:56,1
DA:64,1
DA:65,1
DA:76,1
DA:77,1
DA:88,1
DA:89,1
DA:100,1
DA:108,1
DA:109,1
DA:121,1
DA:122,1
DA:134,1
DA:135,1
DA:147,1
DA:148,1
DA:160,1
DA:161,1
DA:173,1
DA:174,1
DA:185,1
DA:186,1
DA:198,2
DA:200,0
DA:201,0
DA:204,2
DA:208,8
DA:210,8
DA:212,8
DA:213,1
DA:218,8
DA:219,1
DA:224,8
DA:225,1
DA:228,7
DA:229,2
DA:232,5
DA:233,0
DA:238,8
DA:239,1
DA:244,8
DA:245,1
DA:250,8
DA:251,1
DA:256,8
DA:260,8
DA:264,8
LF:69
LH:57
BRDA:212,0,0,1
BRDA:212,0,1,7
BRDA:218,1,0,1
BRDA:218,1,1,7
BRDA:224,2,0,1
BRDA:224,2,1,7
BRDA:224,3,0,8
BRDA:224,3,1,3
BRDA:228,4,0,2
BRDA:228,4,1,5
BRDA:228,5,0,7
BRDA:228,5,1,2
BRDA:232,6,0,0
BRDA:232,6,1,5
BRDA:232,7,0,5
BRDA:232,7,1,5
BRDA:238,8,0,1
BRDA:238,8,1,7
BRDA:244,9,0,1
BRDA:244,9,1,7
BRDA:250,10,0,1
BRDA:250,10,1,7
BRF:22
BRH:21
end_of_record
TN:
SF:src\services\user.service.ts
FN:8,(anonymous_1)
FN:20,(anonymous_2)
FN:30,(anonymous_3)
FN:30,(anonymous_4)
FN:32,(anonymous_5)
FN:35,(anonymous_6)
FN:46,(anonymous_7)
FN:54,(anonymous_8)
FN:57,(anonymous_9)
FN:59,(anonymous_10)
FN:61,(anonymous_11)
FN:64,(anonymous_12)
FN:67,(anonymous_13)
FN:71,(anonymous_14)
FN:77,(anonymous_15)
FN:80,(anonymous_16)
FN:86,(anonymous_17)
FN:88,(anonymous_18)
FN:91,(anonymous_19)
FN:94,(anonymous_20)
FN:100,(anonymous_21)
FN:102,(anonymous_22)
FN:105,(anonymous_23)
FNF:23
FNH:13
FNDA:4,(anonymous_1)
FNDA:0,(anonymous_2)
FNDA:0,(anonymous_3)
FNDA:0,(anonymous_4)
FNDA:4,(anonymous_5)
FNDA:4,(anonymous_6)
FNDA:0,(anonymous_7)
FNDA:4,(anonymous_8)
FNDA:3,(anonymous_9)
FNDA:0,(anonymous_10)
FNDA:0,(anonymous_11)
FNDA:3,(anonymous_12)
FNDA:1,(anonymous_13)
FNDA:2,(anonymous_14)
FNDA:2,(anonymous_15)
FNDA:1,(anonymous_16)
FNDA:0,(anonymous_17)
FNDA:0,(anonymous_18)
FNDA:1,(anonymous_19)
FNDA:1,(anonymous_20)
FNDA:0,(anonymous_21)
FNDA:0,(anonymous_22)
FNDA:1,(anonymous_23)
DA:1,1
DA:3,1
DA:4,1
DA:6,1
DA:9,4
DA:10,4
DA:11,4
DA:12,4
DA:21,0
DA:22,0
DA:23,0
DA:24,0
DA:25,0
DA:27,0
DA:30,0
DA:32,4
DA:36,4
DA:37,4
DA:38,4
DA:47,0
DA:48,0
DA:49,0
DA:51,0
DA:54,4
DA:58,3
DA:60,0
DA:61,0
DA:64,3
DA:68,1
DA:72,2
DA:77,2
DA:81,1
DA:87,0
DA:88,0
DA:91,1
DA:95,1
DA:101,0
DA:102,0
DA:105,1
LF:39
LH:22
BRDA:21,0,0,0
BRDA:21,0,1,0
BRDA:22,1,0,0
BRDA:22,1,1,0
BRDA:22,2,0,0
BRDA:22,2,1,0
BRDA:24,3,0,0
BRDA:24,3,1,0
BRDA:47,4,0,0
BRDA:47,4,1,0
BRF:10
BRH:0
end_of_record
TN:
SF:tests\services\product.service.test.ts
FN:7,(anonymous_0)
FN:189,(anonymous_1)
FN:201,(anonymous_2)
FN:202,(anonymous_3)
FN:203,(anonymous_4)
FN:211,(anonymous_5)
FN:216,(anonymous_6)
FN:234,(anonymous_7)
FN:239,(anonymous_8)
FN:240,(anonymous_9)
FN:258,(anonymous_10)
FN:263,(anonymous_11)
FN:269,(anonymous_12)
FN:287,(anonymous_13)
FN:291,(anonymous_14)
FN:309,(anonymous_15)
FN:314,(anonymous_16)
FN:315,(anonymous_17)
FN:316,(anonymous_18)
FN:321,(anonymous_19)
FN:326,(anonymous_20)
FN:327,(anonymous_21)
FN:332,(anonymous_22)
FN:333,(anonymous_23)
FN:334,(anonymous_24)
FN:339,(anonymous_25)
FN:345,(anonymous_26)
FN:346,(anonymous_27)
FN:351,(anonymous_28)
FN:352,(anonymous_29)
FN:353,(anonymous_30)
FN:358,(anonymous_31)
FN:363,(anonymous_32)
FN:364,(anonymous_33)
FN:369,(anonymous_34)
FN:370,(anonymous_35)
FN:371,(anonymous_36)
FN:377,(anonymous_37)
FN:378,(anonymous_38)
FN:379,(anonymous_39)
FN:385,(anonymous_40)
FN:386,(anonymous_41)
FN:387,(anonymous_42)
FN:393,(anonymous_43)
FN:394,(anonymous_44)
FN:395,(anonymous_45)
FN:401,(anonymous_46)
FN:402,(anonymous_47)
FN:403,(anonymous_48)
FN:409,(anonymous_49)
FN:410,(anonymous_50)
FN:411,(anonymous_51)
FN:417,(anonymous_52)
FN:418,(anonymous_53)
FN:419,(anonymous_54)
FN:425,(anonymous_55)
FN:426,(anonymous_56)
FN:427,(anonymous_57)
FN:433,(anonymous_58)
FN:434,(anonymous_59)
FN:435,(anonymous_60)
FN:441,(anonymous_61)
FN:442,(anonymous_62)
FN:443,(anonymous_63)
FN:449,(anonymous_64)
FN:450,(anonymous_65)
FN:451,(anonymous_66)
FN:457,(anonymous_67)
FN:458,(anonymous_68)
FN:459,(anonymous_69)
FN:465,(anonymous_70)
FN:466,(anonymous_71)
FN:467,(anonymous_72)
FN:473,(anonymous_73)
FN:474,(anonymous_74)
FN:475,(anonymous_75)
FN:480,(anonymous_76)
FN:485,(anonymous_77)
FN:486,(anonymous_78)
FN:491,(anonymous_79)
FN:492,(anonymous_80)
FN:496,(anonymous_81)
FN:501,(anonymous_82)
FN:505,(anonymous_83)
FN:510,(anonymous_84)
FN:514,(anonymous_85)
FN:519,(anonymous_86)
FN:523,(anonymous_87)
FN:528,(anonymous_88)
FN:533,(anonymous_89)
FN:538,(anonymous_90)
FN:542,(anonymous_91)
FN:547,(anonymous_92)
FN:551,(anonymous_93)
FN:556,(anonymous_94)
FN:560,(anonymous_95)
FNF:96
FNH:63
FNDA:1,(anonymous_0)
FNDA:1,(anonymous_1)
FNDA:1,(anonymous_2)
FNDA:1,(anonymous_3)
FNDA:0,(anonymous_4)
FNDA:0,(anonymous_5)
FNDA:1,(anonymous_6)
FNDA:1,(anonymous_7)
FNDA:1,(anonymous_8)
FNDA:1,(anonymous_9)
FNDA:0,(anonymous_10)
FNDA:0,(anonymous_11)
FNDA:1,(anonymous_12)
FNDA:1,(anonymous_13)
FNDA:1,(anonymous_14)
FNDA:1,(anonymous_15)
FNDA:1,(anonymous_16)
FNDA:1,(anonymous_17)
FNDA:0,(anonymous_18)
FNDA:0,(anonymous_19)
FNDA:1,(anonymous_20)
FNDA:1,(anonymous_21)
FNDA:1,(anonymous_22)
FNDA:1,(anonymous_23)
FNDA:0,(anonymous_24)
FNDA:0,(anonymous_25)
FNDA:1,(anonymous_26)
FNDA:1,(anonymous_27)
FNDA:1,(anonymous_28)
FNDA:1,(anonymous_29)
FNDA:0,(anonymous_30)
FNDA:0,(anonymous_31)
FNDA:1,(anonymous_32)
FNDA:1,(anonymous_33)
FNDA:1,(anonymous_34)
FNDA:1,(anonymous_35)
FNDA:0,(anonymous_36)
FNDA:1,(anonymous_37)
FNDA:1,(anonymous_38)
FNDA:0,(anonymous_39)
FNDA:1,(anonymous_40)
FNDA:1,(anonymous_41)
FNDA:0,(anonymous_42)
FNDA:1,(anonymous_43)
FNDA:1,(anonymous_44)
FNDA:0,(anonymous_45)
FNDA:1,(anonymous_46)
FNDA:1,(anonymous_47)
FNDA:0,(anonymous_48)
FNDA:1,(anonymous_49)
FNDA:1,(anonymous_50)
FNDA:0,(anonymous_51)
FNDA:1,(anonymous_52)
FNDA:1,(anonymous_53)
FNDA:0,(anonymous_54)
FNDA:1,(anonymous_55)
FNDA:1,(anonymous_56)
FNDA:0,(anonymous_57)
FNDA:1,(anonymous_58)
FNDA:1,(anonymous_59)
FNDA:0,(anonymous_60)
FNDA:1,(anonymous_61)
FNDA:1,(anonymous_62)
FNDA:0,(anonymous_63)
FNDA:1,(anonymous_64)
FNDA:1,(anonymous_65)
FNDA:0,(anonymous_66)
FNDA:1,(anonymous_67)
FNDA:1,(anonymous_68)
FNDA:0,(anonymous_69)
FNDA:1,(anonymous_70)
FNDA:1,(anonymous_71)
FNDA:0,(anonymous_72)
FNDA:1,(anonymous_73)
FNDA:1,(anonymous_74)
FNDA:0,(anonymous_75)
FNDA:0,(anonymous_76)
FNDA:1,(anonymous_77)
FNDA:1,(anonymous_78)
FNDA:1,(anonymous_79)
FNDA:1,(anonymous_80)
FNDA:0,(anonymous_81)
FNDA:1,(anonymous_82)
FNDA:0,(anonymous_83)
FNDA:1,(anonymous_84)
FNDA:0,(anonymous_85)
FNDA:1,(anonymous_86)
FNDA:0,(anonymous_87)
FNDA:1,(anonymous_88)
FNDA:0,(anonymous_89)
FNDA:1,(anonymous_90)
FNDA:0,(anonymous_91)
FNDA:1,(anonymous_92)
FNDA:0,(anonymous_93)
FNDA:1,(anonymous_94)
FNDA:0,(anonymous_95)
DA:1,1
DA:2,1
DA:3,1
DA:4,1
DA:7,1
DA:9,1
DA:11,1
DA:28,1
DA:45,1
DA:63,1
DA:81,1
DA:99,1
DA:117,1
DA:135,1
DA:153,1
DA:171,1
DA:189,1
DA:190,1
DA:191,1
DA:192,1
DA:193,1
DA:194,1
DA:195,1
DA:196,1
DA:197,1
DA:198,1
DA:201,1
DA:202,1
DA:203,1
DA:204,0
DA:205,0
DA:206,0
DA:207,0
DA:212,0
DA:216,1
DA:217,1
DA:234,1
DA:235,1
DA:239,1
DA:240,1
DA:241,1
DA:258,1
DA:259,0
DA:264,0
DA:265,0
DA:269,1
DA:270,1
DA:287,1
DA:288,1
DA:291,1
DA:292,1
DA:309,1
DA:310,1
DA:314,1
DA:315,1
DA:316,1
DA:317,0
DA:322,0
DA:326,1
DA:327,1
DA:328,1
DA:332,1
DA:333,1
DA:334,1
DA:335,0
DA:340,0
DA:341,0
DA:345,1
DA:346,1
DA:347,1
DA:351,1
DA:352,1
DA:353,1
DA:354,0
DA:359,0
DA:363,1
DA:364,1
DA:365,1
DA:369,1
DA:370,1
DA:371,1
DA:372,0
DA:373,0
DA:377,1
DA:378,1
DA:379,1
DA:380,0
DA:381,0
DA:385,1
DA:386,1
DA:387,1
DA:388,0
DA:389,0
DA:393,1
DA:394,1
DA:395,1
DA:396,0
DA:397,0
DA:401,1
DA:402,1
DA:403,1
DA:404,0
DA:405,0
DA:409,1
DA:410,1
DA:411,1
DA:412,0
DA:413,0
DA:417,1
DA:418,1
DA:419,1
DA:420,0
DA:421,0
DA:425,1
DA:426,1
DA:427,1
DA:428,0
DA:429,0
DA:433,1
DA:434,1
DA:435,1
DA:436,0
DA:437,0
DA:441,1
DA:442,1
DA:443,1
DA:444,0
DA:445,0
DA:449,1
DA:450,1
DA:451,1
DA:452,0
DA:453,0
DA:457,1
DA:458,1
DA:459,1
DA:460,0
DA:461,0
DA:465,1
DA:466,1
DA:467,1
DA:468,0
DA:469,0
DA:473,1
DA:474,1
DA:475,1
DA:476,0
DA:481,0
DA:485,1
DA:486,1
DA:487,1
DA:491,1
DA:492,1
DA:493,1
DA:496,1
DA:497,0
DA:498,0
DA:501,1
DA:502,1
DA:505,1
DA:506,0
DA:507,0
DA:510,1
DA:511,1
DA:514,1
DA:515,0
DA:516,0
DA:519,1
DA:520,1
DA:523,1
DA:524,0
DA:525,0
DA:528,1
DA:529,1
DA:533,1
DA:534,0
DA:535,0
DA:538,1
DA:539,1
DA:542,1
DA:543,0
DA:544,0
DA:547,1
DA:548,1
DA:551,1
DA:552,0
DA:553,0
DA:556,1
DA:557,1
DA:560,1
DA:561,0
DA:562,0
LF:192
LH:133
BRF:0
BRH:0
end_of_record
TN:
SF:tests\services\user.service.test.ts
FN:6,(anonymous_0)
FN:44,(anonymous_1)
FN:48,(anonymous_2)
FN:49,(anonymous_3)
FN:50,(anonymous_4)
FN:58,(anonymous_5)
FN:64,(anonymous_6)
FN:81,(anonymous_7)
FN:85,(anonymous_8)
FN:102,(anonymous_9)
FN:106,(anonymous_10)
FN:123,(anonymous_11)
FN:128,(anonymous_12)
FN:129,(anonymous_13)
FN:133,(anonymous_14)
FN:137,(anonymous_15)
FN:141,(anonymous_16)
FN:145,(anonymous_17)
FN:149,(anonymous_18)
FN:153,(anonymous_19)
FN:157,(anonymous_20)
FN:162,(anonymous_21)
FN:163,(anonymous_22)
FN:179,(anonymous_23)
FN:184,(anonymous_24)
FN:190,(anonymous_25)
FN:206,(anonymous_26)
FN:210,(anonymous_27)
FN:226,(anonymous_28)
FN:231,(anonymous_29)
FN:232,(anonymous_30)
FN:233,(anonymous_31)
FN:239,(anonymous_32)
FN:240,(anonymous_33)
FN:241,(anonymous_34)
FN:245,(anonymous_35)
FN:246,(anonymous_36)
FN:251,(anonymous_37)
FN:252,(anonymous_38)
FN:257,(anonymous_39)
FN:259,(anonymous_40)
FN:264,(anonymous_41)
FN:270,(anonymous_42)
FN:287,(anonymous_43)
FN:292,(anonymous_44)
FN:293,(anonymous_45)
FN:298,(anonymous_46)
FN:300,(anonymous_47)
FN:305,(anonymous_48)
FN:311,(anonymous_49)
FN:328,(anonymous_50)
FNF:51
FNH:37
FNDA:1,(anonymous_0)
FNDA:1,(anonymous_1)
FNDA:1,(anonymous_2)
FNDA:1,(anonymous_3)
FNDA:0,(anonymous_4)
FNDA:0,(anonymous_5)
FNDA:1,(anonymous_6)
FNDA:1,(anonymous_7)
FNDA:1,(anonymous_8)
FNDA:1,(anonymous_9)
FNDA:1,(anonymous_10)
FNDA:1,(anonymous_11)
FNDA:1,(anonymous_12)
FNDA:1,(anonymous_13)
FNDA:0,(anonymous_14)
FNDA:1,(anonymous_15)
FNDA:0,(anonymous_16)
FNDA:1,(anonymous_17)
FNDA:1,(anonymous_18)
FNDA:1,(anonymous_19)
FNDA:1,(anonymous_20)
FNDA:1,(anonymous_21)
FNDA:1,(anonymous_22)
FNDA:0,(anonymous_23)
FNDA:0,(anonymous_24)
FNDA:1,(anonymous_25)
FNDA:1,(anonymous_26)
FNDA:1,(anonymous_27)
FNDA:1,(anonymous_28)
FNDA:1,(anonymous_29)
FNDA:1,(anonymous_30)
FNDA:0,(anonymous_31)
FNDA:1,(anonymous_32)
FNDA:1,(anonymous_33)
FNDA:0,(anonymous_34)
FNDA:1,(anonymous_35)
FNDA:1,(anonymous_36)
FNDA:1,(anonymous_37)
FNDA:1,(anonymous_38)
FNDA:0,(anonymous_39)
FNDA:0,(anonymous_40)
FNDA:0,(anonymous_41)
FNDA:1,(anonymous_42)
FNDA:1,(anonymous_43)
FNDA:1,(anonymous_44)
FNDA:1,(anonymous_45)
FNDA:0,(anonymous_46)
FNDA:0,(anonymous_47)
FNDA:0,(anonymous_48)
FNDA:1,(anonymous_49)
FNDA:1,(anonymous_50)
DA:1,1
DA:2,1
DA:3,1
DA:6,1
DA:8,1
DA:10,1
DA:27,1
DA:44,1
DA:45,1
DA:48,1
DA:49,1
DA:50,1
DA:51,0
DA:52,0
DA:53,0
DA:54,0
DA:59,0
DA:60,0
DA:64,1
DA:65,1
DA:81,1
DA:82,1
DA:85,1
DA:86,1
DA:102,1
DA:103,1
DA:106,1
DA:107,1
DA:123,1
DA:124,1
DA:128,1
DA:129,1
DA:130,1
DA:134,0
DA:137,1
DA:138,1
DA:142,0
DA:145,1
DA:146,1
DA:150,1
DA:153,1
DA:154,1
DA:158,1
DA:162,1
DA:163,1
DA:164,1
DA:180,0
DA:185,0
DA:186,0
DA:190,1
DA:191,1
DA:207,1
DA:210,1
DA:211,1
DA:227,1
DA:231,1
DA:232,1
DA:233,1
DA:234,0
DA:235,0
DA:239,1
DA:240,1
DA:241,1
DA:242,0
DA:245,1
DA:246,1
DA:247,1
DA:251,1
DA:252,1
DA:253,1
DA:258,0
DA:259,0
DA:260,0
DA:265,0
DA:270,1
DA:271,1
DA:287,1
DA:288,1
DA:292,1
DA:293,1
DA:294,1
DA:299,0
DA:300,0
DA:301,0
DA:306,0
DA:311,1
DA:312,1
DA:328,1
DA:329,1
LF:89
LH:67
BRF:0
BRH:0
end_of_record
