TN:
SF:src\models\product.model.ts
FN:45,(anonymous_0)
FN:121,(anonymous_1)
FNF:2
FNH:0
FNDA:0,(anonymous_0)
FNDA:0,(anonymous_1)
DA:1,1
DA:2,1
DA:26,1
DA:46,0
DA:122,0
LF:5
LH:3
BRF:0
BRH:0
end_of_record
TN:
SF:src\models\transaction.model.ts
FN:26,(anonymous_0)
FNF:1
FNH:0
FNDA:0,(anonymous_0)
DA:1,1
DA:16,1
DA:27,0
LF:3
LH:2
BRF:0
BRH:0
end_of_record
TN:
SF:src\models\user.model.ts
FN:39,(anonymous_0)
FN:101,(anonymous_1)
FNF:2
FNH:0
FNDA:0,(anonymous_0)
FNDA:0,(anonymous_1)
DA:1,1
DA:2,1
DA:23,1
DA:40,0
DA:102,0
LF:5
LH:3
BRF:0
BRH:0
end_of_record
TN:
SF:src\services\product.service.ts
FN:6,(anonymous_0)
FN:8,(anonymous_1)
FN:9,(anonymous_2)
FN:12,(anonymous_3)
FN:14,(anonymous_4)
FN:16,(anonymous_5)
FN:19,(anonymous_6)
FN:22,(anonymous_7)
FN:24,(anonymous_8)
FN:26,(anonymous_9)
FN:29,(anonymous_10)
FN:32,(anonymous_11)
FN:34,(anonymous_12)
FN:36,(anonymous_13)
FN:39,(anonymous_14)
FN:42,(anonymous_15)
FN:44,(anonymous_16)
FN:46,(anonymous_17)
FN:48,(anonymous_18)
FN:51,(anonymous_19)
FN:55,(anonymous_20)
FN:63,(anonymous_21)
FN:75,(anonymous_22)
FN:87,(anonymous_23)
FN:99,(anonymous_24)
FN:107,(anonymous_25)
FN:120,(anonymous_26)
FN:133,(anonymous_27)
FN:146,(anonymous_28)
FN:159,(anonymous_29)
FN:172,(anonymous_30)
FN:184,(anonymous_31)
FN:197,(anonymous_32)
FN:199,(anonymous_33)
FN:201,(anonymous_34)
FN:204,(anonymous_35)
FN:207,(anonymous_36)
FN:269,(anonymous_37)
FNF:38
FNH:26
FNDA:2,(anonymous_0)
FNDA:0,(anonymous_1)
FNDA:2,(anonymous_2)
FNDA:3,(anonymous_3)
FNDA:0,(anonymous_4)
FNDA:0,(anonymous_5)
FNDA:3,(anonymous_6)
FNDA:2,(anonymous_7)
FNDA:0,(anonymous_8)
FNDA:0,(anonymous_9)
FNDA:2,(anonymous_10)
FNDA:2,(anonymous_11)
FNDA:0,(anonymous_12)
FNDA:0,(anonymous_13)
FNDA:2,(anonymous_14)
FNDA:2,(anonymous_15)
FNDA:0,(anonymous_16)
FNDA:0,(anonymous_17)
FNDA:2,(anonymous_18)
FNDA:1,(anonymous_19)
FNDA:1,(anonymous_20)
FNDA:1,(anonymous_21)
FNDA:1,(anonymous_22)
FNDA:1,(anonymous_23)
FNDA:1,(anonymous_24)
FNDA:1,(anonymous_25)
FNDA:1,(anonymous_26)
FNDA:1,(anonymous_27)
FNDA:1,(anonymous_28)
FNDA:1,(anonymous_29)
FNDA:1,(anonymous_30)
FNDA:1,(anonymous_31)
FNDA:2,(anonymous_32)
FNDA:0,(anonymous_33)
FNDA:0,(anonymous_34)
FNDA:2,(anonymous_35)
FNDA:8,(anonymous_36)
FNDA:0,(anonymous_37)
DA:2,1
DA:4,1
DA:7,2
DA:8,0
DA:9,2
DA:13,3
DA:15,0
DA:16,0
DA:19,3
DA:23,2
DA:25,0
DA:26,0
DA:29,2
DA:33,2
DA:35,0
DA:36,0
DA:39,2
DA:43,2
DA:45,0
DA:46,0
DA:48,2
DA:52,1
DA:56,1
DA:64,1
DA:65,1
DA:76,1
DA:77,1
DA:88,1
DA:89,1
DA:100,1
DA:108,1
DA:109,1
DA:121,1
DA:122,1
DA:134,1
DA:135,1
DA:147,1
DA:148,1
DA:160,1
DA:161,1
DA:173,1
DA:174,1
DA:185,1
DA:186,1
DA:198,2
DA:200,0
DA:201,0
DA:204,2
DA:208,8
DA:210,8
DA:212,8
DA:213,1
DA:218,8
DA:219,1
DA:224,8
DA:225,1
DA:228,7
DA:229,2
DA:232,5
DA:233,0
DA:238,8
DA:239,1
DA:244,8
DA:245,1
DA:250,8
DA:251,1
DA:256,8
DA:260,8
DA:264,8
DA:270,0
DA:271,0
LF:71
LH:57
BRDA:212,0,0,1
BRDA:212,0,1,7
BRDA:218,1,0,1
BRDA:218,1,1,7
BRDA:224,2,0,1
BRDA:224,2,1,7
BRDA:224,3,0,8
BRDA:224,3,1,3
BRDA:228,4,0,2
BRDA:228,4,1,5
BRDA:228,5,0,7
BRDA:228,5,1,2
BRDA:232,6,0,0
BRDA:232,6,1,5
BRDA:232,7,0,5
BRDA:232,7,1,5
BRDA:238,8,0,1
BRDA:238,8,1,7
BRDA:244,9,0,1
BRDA:244,9,1,7
BRDA:250,10,0,1
BRDA:250,10,1,7
BRF:22
BRH:21
end_of_record
TN:
SF:src\services\transaction.service.ts
FN:8,(anonymous_7)
FN:10,(anonymous_9)
FN:13,(anonymous_10)
FN:15,(anonymous_11)
FN:26,(anonymous_12)
FN:34,(anonymous_13)
FN:39,(anonymous_14)
FN:39,(anonymous_15)
FN:50,(anonymous_16)
FN:50,(anonymous_17)
FN:62,(anonymous_18)
FN:73,(anonymous_19)
FN:78,(anonymous_20)
FN:81,(anonymous_21)
FN:83,(anonymous_22)
FN:90,(anonymous_23)
FN:93,(anonymous_24)
FN:96,(anonymous_25)
FN:98,(anonymous_26)
FN:105,(anonymous_27)
FN:108,(anonymous_28)
FN:111,(anonymous_29)
FN:113,(anonymous_30)
FN:121,(anonymous_31)
FN:124,(anonymous_32)
FN:127,(anonymous_33)
FN:129,(anonymous_34)
FN:136,(anonymous_35)
FN:139,(anonymous_36)
FN:142,(anonymous_37)
FN:144,(anonymous_38)
FN:151,(anonymous_39)
FN:154,(anonymous_40)
FN:157,(anonymous_41)
FN:159,(anonymous_42)
FN:166,(anonymous_43)
FN:170,(anonymous_44)
FN:173,(anonymous_45)
FN:175,(anonymous_46)
FN:179,(anonymous_47)
FN:183,(anonymous_48)
FN:186,(anonymous_49)
FN:188,(anonymous_50)
FN:192,(anonymous_51)
FN:196,(anonymous_52)
FN:199,(anonymous_53)
FN:201,(anonymous_54)
FN:209,(anonymous_55)
FN:213,(anonymous_56)
FN:216,(anonymous_57)
FNF:50
FNH:2
FNDA:5,(anonymous_7)
FNDA:0,(anonymous_9)
FNDA:0,(anonymous_10)
FNDA:0,(anonymous_11)
FNDA:0,(anonymous_12)
FNDA:0,(anonymous_13)
FNDA:0,(anonymous_14)
FNDA:0,(anonymous_15)
FNDA:0,(anonymous_16)
FNDA:0,(anonymous_17)
FNDA:0,(anonymous_18)
FNDA:0,(anonymous_19)
FNDA:5,(anonymous_20)
FNDA:0,(anonymous_21)
FNDA:0,(anonymous_22)
FNDA:0,(anonymous_23)
FNDA:0,(anonymous_24)
FNDA:0,(anonymous_25)
FNDA:0,(anonymous_26)
FNDA:0,(anonymous_27)
FNDA:0,(anonymous_28)
FNDA:0,(anonymous_29)
FNDA:0,(anonymous_30)
FNDA:0,(anonymous_31)
FNDA:0,(anonymous_32)
FNDA:0,(anonymous_33)
FNDA:0,(anonymous_34)
FNDA:0,(anonymous_35)
FNDA:0,(anonymous_36)
FNDA:0,(anonymous_37)
FNDA:0,(anonymous_38)
FNDA:0,(anonymous_39)
FNDA:0,(anonymous_40)
FNDA:0,(anonymous_41)
FNDA:0,(anonymous_42)
FNDA:0,(anonymous_43)
FNDA:0,(anonymous_44)
FNDA:0,(anonymous_45)
FNDA:0,(anonymous_46)
FNDA:0,(anonymous_47)
FNDA:0,(anonymous_48)
FNDA:0,(anonymous_49)
FNDA:0,(anonymous_50)
FNDA:0,(anonymous_51)
FNDA:0,(anonymous_52)
FNDA:0,(anonymous_53)
FNDA:0,(anonymous_54)
FNDA:0,(anonymous_55)
FNDA:0,(anonymous_56)
FNDA:0,(anonymous_57)
DA:2,1
DA:3,1
DA:4,1
DA:6,1
DA:9,5
DA:11,0
DA:12,0
DA:14,0
DA:16,0
DA:17,0
DA:23,0
DA:27,0
DA:28,0
DA:35,0
DA:39,0
DA:40,0
DA:41,0
DA:42,0
DA:46,0
DA:47,0
DA:50,0
DA:51,0
DA:52,0
DA:53,0
DA:57,0
DA:58,0
DA:59,0
DA:63,0
DA:64,0
DA:66,0
DA:67,0
DA:68,0
DA:69,0
DA:73,0
DA:75,0
DA:78,5
DA:82,0
DA:84,0
DA:91,0
DA:93,0
DA:97,0
DA:99,0
DA:106,0
DA:108,0
DA:112,0
DA:114,0
DA:122,0
DA:124,0
DA:128,0
DA:130,0
DA:137,0
DA:139,0
DA:143,0
DA:145,0
DA:152,0
DA:154,0
DA:158,0
DA:160,0
DA:167,0
DA:170,0
DA:174,0
DA:176,0
DA:180,0
DA:183,0
DA:187,0
DA:189,0
DA:193,0
DA:196,0
DA:200,0
DA:202,0
DA:210,0
DA:213,0
DA:217,0
LF:73
LH:6
BRDA:11,0,0,0
BRDA:11,0,1,0
BRDA:16,1,0,0
BRDA:16,1,1,0
BRDA:27,2,0,0
BRDA:27,2,1,0
BRDA:27,3,0,0
BRDA:27,3,1,0
BRDA:40,4,0,0
BRDA:40,4,1,0
BRDA:51,5,0,0
BRDA:51,5,1,0
BRDA:63,6,0,0
BRDA:63,6,1,0
BRF:14
BRH:0
end_of_record
TN:
SF:src\services\user.service.ts
FN:8,(anonymous_1)
FN:20,(anonymous_2)
FN:30,(anonymous_3)
FN:30,(anonymous_4)
FN:32,(anonymous_5)
FN:35,(anonymous_6)
FN:46,(anonymous_7)
FN:54,(anonymous_8)
FN:57,(anonymous_9)
FN:63,(anonymous_10)
FN:65,(anonymous_11)
FN:68,(anonymous_12)
FN:71,(anonymous_13)
FN:75,(anonymous_14)
FN:81,(anonymous_15)
FN:84,(anonymous_16)
FN:90,(anonymous_17)
FN:92,(anonymous_18)
FN:95,(anonymous_19)
FN:98,(anonymous_20)
FN:104,(anonymous_21)
FN:106,(anonymous_22)
FN:109,(anonymous_23)
FNF:23
FNH:13
FNDA:4,(anonymous_1)
FNDA:0,(anonymous_2)
FNDA:0,(anonymous_3)
FNDA:0,(anonymous_4)
FNDA:4,(anonymous_5)
FNDA:4,(anonymous_6)
FNDA:0,(anonymous_7)
FNDA:4,(anonymous_8)
FNDA:3,(anonymous_9)
FNDA:0,(anonymous_10)
FNDA:0,(anonymous_11)
FNDA:3,(anonymous_12)
FNDA:1,(anonymous_13)
FNDA:2,(anonymous_14)
FNDA:2,(anonymous_15)
FNDA:1,(anonymous_16)
FNDA:0,(anonymous_17)
FNDA:0,(anonymous_18)
FNDA:1,(anonymous_19)
FNDA:1,(anonymous_20)
FNDA:0,(anonymous_21)
FNDA:0,(anonymous_22)
FNDA:1,(anonymous_23)
DA:1,1
DA:3,1
DA:4,1
DA:6,1
DA:9,4
DA:10,4
DA:11,4
DA:12,4
DA:21,0
DA:22,0
DA:23,0
DA:24,0
DA:25,0
DA:27,0
DA:30,0
DA:32,4
DA:36,4
DA:37,4
DA:38,4
DA:47,0
DA:48,0
DA:49,0
DA:51,0
DA:54,4
DA:58,3
DA:59,3
DA:60,3
DA:62,3
DA:64,0
DA:65,0
DA:68,3
DA:72,1
DA:76,2
DA:81,2
DA:85,1
DA:91,0
DA:92,0
DA:95,1
DA:99,1
DA:105,0
DA:106,0
DA:109,1
LF:42
LH:25
BRDA:21,0,0,0
BRDA:21,0,1,0
BRDA:22,1,0,0
BRDA:22,1,1,0
BRDA:22,2,0,0
BRDA:22,2,1,0
BRDA:24,3,0,0
BRDA:24,3,1,0
BRDA:47,4,0,0
BRDA:47,4,1,0
BRDA:59,5,0,3
BRDA:59,5,1,0
BRF:12
BRH:1
end_of_record
TN:
SF:tests\services\product.service.test.ts
FN:7,(anonymous_0)
FN:205,(anonymous_1)
FN:217,(anonymous_2)
FN:218,(anonymous_3)
FN:219,(anonymous_4)
FN:227,(anonymous_5)
FN:232,(anonymous_6)
FN:252,(anonymous_7)
FN:257,(anonymous_8)
FN:258,(anonymous_9)
FN:278,(anonymous_10)
FN:283,(anonymous_11)
FN:289,(anonymous_12)
FN:309,(anonymous_13)
FN:313,(anonymous_14)
FN:333,(anonymous_15)
FN:338,(anonymous_16)
FN:339,(anonymous_17)
FN:340,(anonymous_18)
FN:345,(anonymous_19)
FN:350,(anonymous_20)
FN:351,(anonymous_21)
FN:356,(anonymous_22)
FN:357,(anonymous_23)
FN:358,(anonymous_24)
FN:363,(anonymous_25)
FN:369,(anonymous_26)
FN:370,(anonymous_27)
FN:375,(anonymous_28)
FN:376,(anonymous_29)
FN:377,(anonymous_30)
FN:382,(anonymous_31)
FN:387,(anonymous_32)
FN:388,(anonymous_33)
FN:393,(anonymous_34)
FN:394,(anonymous_35)
FN:395,(anonymous_36)
FN:401,(anonymous_37)
FN:402,(anonymous_38)
FN:403,(anonymous_39)
FN:409,(anonymous_40)
FN:410,(anonymous_41)
FN:411,(anonymous_42)
FN:417,(anonymous_43)
FN:418,(anonymous_44)
FN:419,(anonymous_45)
FN:425,(anonymous_46)
FN:426,(anonymous_47)
FN:427,(anonymous_48)
FN:433,(anonymous_49)
FN:434,(anonymous_50)
FN:435,(anonymous_51)
FN:441,(anonymous_52)
FN:442,(anonymous_53)
FN:443,(anonymous_54)
FN:449,(anonymous_55)
FN:450,(anonymous_56)
FN:451,(anonymous_57)
FN:457,(anonymous_58)
FN:458,(anonymous_59)
FN:459,(anonymous_60)
FN:465,(anonymous_61)
FN:466,(anonymous_62)
FN:467,(anonymous_63)
FN:473,(anonymous_64)
FN:474,(anonymous_65)
FN:475,(anonymous_66)
FN:481,(anonymous_67)
FN:482,(anonymous_68)
FN:483,(anonymous_69)
FN:489,(anonymous_70)
FN:490,(anonymous_71)
FN:491,(anonymous_72)
FN:497,(anonymous_73)
FN:498,(anonymous_74)
FN:499,(anonymous_75)
FN:504,(anonymous_76)
FN:509,(anonymous_77)
FN:510,(anonymous_78)
FN:515,(anonymous_79)
FN:516,(anonymous_80)
FN:520,(anonymous_81)
FN:525,(anonymous_82)
FN:529,(anonymous_83)
FN:534,(anonymous_84)
FN:538,(anonymous_85)
FN:543,(anonymous_86)
FN:547,(anonymous_87)
FN:552,(anonymous_88)
FN:557,(anonymous_89)
FN:562,(anonymous_90)
FN:566,(anonymous_91)
FN:571,(anonymous_92)
FN:575,(anonymous_93)
FN:580,(anonymous_94)
FN:584,(anonymous_95)
FNF:96
FNH:63
FNDA:1,(anonymous_0)
FNDA:1,(anonymous_1)
FNDA:1,(anonymous_2)
FNDA:1,(anonymous_3)
FNDA:0,(anonymous_4)
FNDA:0,(anonymous_5)
FNDA:1,(anonymous_6)
FNDA:1,(anonymous_7)
FNDA:1,(anonymous_8)
FNDA:1,(anonymous_9)
FNDA:0,(anonymous_10)
FNDA:0,(anonymous_11)
FNDA:1,(anonymous_12)
FNDA:1,(anonymous_13)
FNDA:1,(anonymous_14)
FNDA:1,(anonymous_15)
FNDA:1,(anonymous_16)
FNDA:1,(anonymous_17)
FNDA:0,(anonymous_18)
FNDA:0,(anonymous_19)
FNDA:1,(anonymous_20)
FNDA:1,(anonymous_21)
FNDA:1,(anonymous_22)
FNDA:1,(anonymous_23)
FNDA:0,(anonymous_24)
FNDA:0,(anonymous_25)
FNDA:1,(anonymous_26)
FNDA:1,(anonymous_27)
FNDA:1,(anonymous_28)
FNDA:1,(anonymous_29)
FNDA:0,(anonymous_30)
FNDA:0,(anonymous_31)
FNDA:1,(anonymous_32)
FNDA:1,(anonymous_33)
FNDA:1,(anonymous_34)
FNDA:1,(anonymous_35)
FNDA:0,(anonymous_36)
FNDA:1,(anonymous_37)
FNDA:1,(anonymous_38)
FNDA:0,(anonymous_39)
FNDA:1,(anonymous_40)
FNDA:1,(anonymous_41)
FNDA:0,(anonymous_42)
FNDA:1,(anonymous_43)
FNDA:1,(anonymous_44)
FNDA:0,(anonymous_45)
FNDA:1,(anonymous_46)
FNDA:1,(anonymous_47)
FNDA:0,(anonymous_48)
FNDA:1,(anonymous_49)
FNDA:1,(anonymous_50)
FNDA:0,(anonymous_51)
FNDA:1,(anonymous_52)
FNDA:1,(anonymous_53)
FNDA:0,(anonymous_54)
FNDA:1,(anonymous_55)
FNDA:1,(anonymous_56)
FNDA:0,(anonymous_57)
FNDA:1,(anonymous_58)
FNDA:1,(anonymous_59)
FNDA:0,(anonymous_60)
FNDA:1,(anonymous_61)
FNDA:1,(anonymous_62)
FNDA:0,(anonymous_63)
FNDA:1,(anonymous_64)
FNDA:1,(anonymous_65)
FNDA:0,(anonymous_66)
FNDA:1,(anonymous_67)
FNDA:1,(anonymous_68)
FNDA:0,(anonymous_69)
FNDA:1,(anonymous_70)
FNDA:1,(anonymous_71)
FNDA:0,(anonymous_72)
FNDA:1,(anonymous_73)
FNDA:1,(anonymous_74)
FNDA:0,(anonymous_75)
FNDA:0,(anonymous_76)
FNDA:1,(anonymous_77)
FNDA:1,(anonymous_78)
FNDA:1,(anonymous_79)
FNDA:1,(anonymous_80)
FNDA:0,(anonymous_81)
FNDA:1,(anonymous_82)
FNDA:0,(anonymous_83)
FNDA:1,(anonymous_84)
FNDA:0,(anonymous_85)
FNDA:1,(anonymous_86)
FNDA:0,(anonymous_87)
FNDA:1,(anonymous_88)
FNDA:0,(anonymous_89)
FNDA:1,(anonymous_90)
FNDA:0,(anonymous_91)
FNDA:1,(anonymous_92)
FNDA:0,(anonymous_93)
FNDA:1,(anonymous_94)
FNDA:0,(anonymous_95)
DA:1,1
DA:2,1
DA:3,1
DA:4,1
DA:7,1
DA:9,1
DA:11,1
DA:28,1
DA:45,1
DA:65,1
DA:85,1
DA:105,1
DA:125,1
DA:145,1
DA:165,1
DA:185,1
DA:205,1
DA:206,1
DA:207,1
DA:208,1
DA:209,1
DA:210,1
DA:211,1
DA:212,1
DA:213,1
DA:214,1
DA:217,1
DA:218,1
DA:219,1
DA:220,0
DA:221,0
DA:222,0
DA:223,0
DA:228,0
DA:232,1
DA:233,1
DA:252,1
DA:253,1
DA:257,1
DA:258,1
DA:259,1
DA:278,1
DA:279,0
DA:284,0
DA:285,0
DA:289,1
DA:290,1
DA:309,1
DA:310,1
DA:313,1
DA:314,1
DA:333,1
DA:334,1
DA:338,1
DA:339,1
DA:340,1
DA:341,0
DA:346,0
DA:350,1
DA:351,1
DA:352,1
DA:356,1
DA:357,1
DA:358,1
DA:359,0
DA:364,0
DA:365,0
DA:369,1
DA:370,1
DA:371,1
DA:375,1
DA:376,1
DA:377,1
DA:378,0
DA:383,0
DA:387,1
DA:388,1
DA:389,1
DA:393,1
DA:394,1
DA:395,1
DA:396,0
DA:397,0
DA:401,1
DA:402,1
DA:403,1
DA:404,0
DA:405,0
DA:409,1
DA:410,1
DA:411,1
DA:412,0
DA:413,0
DA:417,1
DA:418,1
DA:419,1
DA:420,0
DA:421,0
DA:425,1
DA:426,1
DA:427,1
DA:428,0
DA:429,0
DA:433,1
DA:434,1
DA:435,1
DA:436,0
DA:437,0
DA:441,1
DA:442,1
DA:443,1
DA:444,0
DA:445,0
DA:449,1
DA:450,1
DA:451,1
DA:452,0
DA:453,0
DA:457,1
DA:458,1
DA:459,1
DA:460,0
DA:461,0
DA:465,1
DA:466,1
DA:467,1
DA:468,0
DA:469,0
DA:473,1
DA:474,1
DA:475,1
DA:476,0
DA:477,0
DA:481,1
DA:482,1
DA:483,1
DA:484,0
DA:485,0
DA:489,1
DA:490,1
DA:491,1
DA:492,0
DA:493,0
DA:497,1
DA:498,1
DA:499,1
DA:500,0
DA:505,0
DA:509,1
DA:510,1
DA:511,1
DA:515,1
DA:516,1
DA:517,1
DA:520,1
DA:521,0
DA:522,0
DA:525,1
DA:526,1
DA:529,1
DA:530,0
DA:531,0
DA:534,1
DA:535,1
DA:538,1
DA:539,0
DA:540,0
DA:543,1
DA:544,1
DA:547,1
DA:548,0
DA:549,0
DA:552,1
DA:553,1
DA:557,1
DA:558,0
DA:559,0
DA:562,1
DA:563,1
DA:566,1
DA:567,0
DA:568,0
DA:571,1
DA:572,1
DA:575,1
DA:576,0
DA:577,0
DA:580,1
DA:581,1
DA:584,1
DA:585,0
DA:586,0
LF:192
LH:133
BRF:0
BRH:0
end_of_record
TN:
SF:tests\services\transaction.service.test.ts
FN:7,(anonymous_0)
FN:149,(anonymous_1)
FN:157,(anonymous_2)
FN:158,(anonymous_3)
FN:159,(anonymous_4)
FN:160,(anonymous_5)
FN:163,(anonymous_6)
FN:166,(anonymous_7)
FN:175,(anonymous_8)
FN:176,(anonymous_9)
FN:177,(anonymous_10)
FN:180,(anonymous_11)
FN:183,(anonymous_12)
FN:192,(anonymous_13)
FN:193,(anonymous_14)
FN:194,(anonymous_15)
FN:197,(anonymous_16)
FN:200,(anonymous_17)
FN:209,(anonymous_18)
FN:210,(anonymous_19)
FN:215,(anonymous_20)
FN:216,(anonymous_21)
FN:219,(anonymous_22)
FN:222,(anonymous_23)
FNF:24
FNH:10
FNDA:1,(anonymous_0)
FNDA:1,(anonymous_1)
FNDA:1,(anonymous_2)
FNDA:1,(anonymous_3)
FNDA:0,(anonymous_4)
FNDA:0,(anonymous_5)
FNDA:0,(anonymous_6)
FNDA:0,(anonymous_7)
FNDA:1,(anonymous_8)
FNDA:0,(anonymous_9)
FNDA:0,(anonymous_10)
FNDA:0,(anonymous_11)
FNDA:0,(anonymous_12)
FNDA:1,(anonymous_13)
FNDA:0,(anonymous_14)
FNDA:0,(anonymous_15)
FNDA:0,(anonymous_16)
FNDA:0,(anonymous_17)
FNDA:1,(anonymous_18)
FNDA:1,(anonymous_19)
FNDA:1,(anonymous_20)
FNDA:1,(anonymous_21)
FNDA:0,(anonymous_22)
FNDA:0,(anonymous_23)
DA:1,1
DA:2,1
DA:4,1
DA:5,1
DA:7,1
DA:9,1
DA:11,1
DA:28,1
DA:45,1
DA:65,1
DA:85,1
DA:105,1
DA:116,1
DA:127,1
DA:138,1
DA:149,1
DA:150,1
DA:151,1
DA:152,1
DA:153,1
DA:154,1
DA:157,1
DA:158,1
DA:159,1
DA:160,0
DA:161,0
DA:163,0
DA:164,0
DA:166,0
DA:167,0
DA:168,0
DA:169,0
DA:170,0
DA:172,0
DA:175,1
DA:176,1
DA:177,0
DA:178,0
DA:180,0
DA:181,0
DA:183,0
DA:184,0
DA:185,0
DA:186,0
DA:187,0
DA:189,0
DA:192,1
DA:193,1
DA:194,0
DA:195,0
DA:197,0
DA:198,0
DA:200,0
DA:201,0
DA:202,0
DA:203,0
DA:204,0
DA:206,0
DA:209,1
DA:210,1
DA:211,1
DA:212,0
DA:215,1
DA:216,1
DA:217,1
DA:218,0
DA:219,0
DA:220,0
DA:222,0
DA:223,0
LF:70
LH:34
BRF:0
BRH:0
end_of_record
TN:
SF:tests\services\user.service.test.ts
FN:6,(anonymous_0)
FN:44,(anonymous_1)
FN:48,(anonymous_2)
FN:49,(anonymous_3)
FN:50,(anonymous_4)
FN:58,(anonymous_5)
FN:64,(anonymous_6)
FN:81,(anonymous_7)
FN:85,(anonymous_8)
FN:102,(anonymous_9)
FN:106,(anonymous_10)
FN:123,(anonymous_11)
FN:128,(anonymous_12)
FN:129,(anonymous_13)
FN:133,(anonymous_14)
FN:137,(anonymous_15)
FN:141,(anonymous_16)
FN:145,(anonymous_17)
FN:149,(anonymous_18)
FN:153,(anonymous_19)
FN:157,(anonymous_20)
FN:162,(anonymous_21)
FN:163,(anonymous_22)
FN:179,(anonymous_23)
FN:184,(anonymous_24)
FN:190,(anonymous_25)
FN:206,(anonymous_26)
FN:210,(anonymous_27)
FN:226,(anonymous_28)
FN:231,(anonymous_29)
FN:232,(anonymous_30)
FN:233,(anonymous_31)
FN:239,(anonymous_32)
FN:240,(anonymous_33)
FN:241,(anonymous_34)
FN:245,(anonymous_35)
FN:246,(anonymous_36)
FN:251,(anonymous_37)
FN:252,(anonymous_38)
FN:257,(anonymous_39)
FN:259,(anonymous_40)
FN:264,(anonymous_41)
FN:270,(anonymous_42)
FN:287,(anonymous_43)
FN:292,(anonymous_44)
FN:293,(anonymous_45)
FN:298,(anonymous_46)
FN:300,(anonymous_47)
FN:305,(anonymous_48)
FN:311,(anonymous_49)
FN:328,(anonymous_50)
FNF:51
FNH:37
FNDA:1,(anonymous_0)
FNDA:1,(anonymous_1)
FNDA:1,(anonymous_2)
FNDA:1,(anonymous_3)
FNDA:0,(anonymous_4)
FNDA:0,(anonymous_5)
FNDA:1,(anonymous_6)
FNDA:1,(anonymous_7)
FNDA:1,(anonymous_8)
FNDA:1,(anonymous_9)
FNDA:1,(anonymous_10)
FNDA:1,(anonymous_11)
FNDA:1,(anonymous_12)
FNDA:1,(anonymous_13)
FNDA:0,(anonymous_14)
FNDA:1,(anonymous_15)
FNDA:0,(anonymous_16)
FNDA:1,(anonymous_17)
FNDA:1,(anonymous_18)
FNDA:1,(anonymous_19)
FNDA:1,(anonymous_20)
FNDA:1,(anonymous_21)
FNDA:1,(anonymous_22)
FNDA:0,(anonymous_23)
FNDA:0,(anonymous_24)
FNDA:1,(anonymous_25)
FNDA:1,(anonymous_26)
FNDA:1,(anonymous_27)
FNDA:1,(anonymous_28)
FNDA:1,(anonymous_29)
FNDA:1,(anonymous_30)
FNDA:0,(anonymous_31)
FNDA:1,(anonymous_32)
FNDA:1,(anonymous_33)
FNDA:0,(anonymous_34)
FNDA:1,(anonymous_35)
FNDA:1,(anonymous_36)
FNDA:1,(anonymous_37)
FNDA:1,(anonymous_38)
FNDA:0,(anonymous_39)
FNDA:0,(anonymous_40)
FNDA:0,(anonymous_41)
FNDA:1,(anonymous_42)
FNDA:1,(anonymous_43)
FNDA:1,(anonymous_44)
FNDA:1,(anonymous_45)
FNDA:0,(anonymous_46)
FNDA:0,(anonymous_47)
FNDA:0,(anonymous_48)
FNDA:1,(anonymous_49)
FNDA:1,(anonymous_50)
DA:1,1
DA:2,1
DA:3,1
DA:6,1
DA:8,1
DA:10,1
DA:27,1
DA:44,1
DA:45,1
DA:48,1
DA:49,1
DA:50,1
DA:51,0
DA:52,0
DA:53,0
DA:54,0
DA:59,0
DA:60,0
DA:64,1
DA:65,1
DA:81,1
DA:82,1
DA:85,1
DA:86,1
DA:102,1
DA:103,1
DA:106,1
DA:107,1
DA:123,1
DA:124,1
DA:128,1
DA:129,1
DA:130,1
DA:134,0
DA:137,1
DA:138,1
DA:142,0
DA:145,1
DA:146,1
DA:150,1
DA:153,1
DA:154,1
DA:158,1
DA:162,1
DA:163,1
DA:164,1
DA:180,0
DA:185,0
DA:186,0
DA:190,1
DA:191,1
DA:207,1
DA:210,1
DA:211,1
DA:227,1
DA:231,1
DA:232,1
DA:233,1
DA:234,0
DA:235,0
DA:239,1
DA:240,1
DA:241,1
DA:242,0
DA:245,1
DA:246,1
DA:247,1
DA:251,1
DA:252,1
DA:253,1
DA:258,0
DA:259,0
DA:260,0
DA:265,0
DA:270,1
DA:271,1
DA:287,1
DA:288,1
DA:292,1
DA:293,1
DA:294,1
DA:299,0
DA:300,0
DA:301,0
DA:306,0
DA:311,1
DA:312,1
DA:328,1
DA:329,1
LF:89
LH:67
BRF:0
BRH:0
end_of_record
