{"D:\\Privat\\Uni\\ESE\\ese2020-team7\\backend\\tests\\services\\product.service.test.ts":{"path":"D:\\Privat\\Uni\\ESE\\ese2020-team7\\backend\\tests\\services\\product.service.test.ts","statementMap":{"0":{"start":{"line":2,"column":0},"end":{"line":2,"column":62}},"1":{"start":{"line":3,"column":26},"end":{"line":3,"column":71}},"2":{"start":{"line":4,"column":24},"end":{"line":4,"column":65}},"3":{"start":{"line":5,"column":21},"end":{"line":5,"column":59}},"4":{"start":{"line":6,"column":15},"end":{"line":6,"column":30}},"5":{"start":{"line":7,"column":0},"end":{"line":553,"column":3}},"6":{"start":{"line":8,"column":31},"end":{"line":8,"column":69}},"7":{"start":{"line":9,"column":18},"end":{"line":24,"column":5}},"8":{"start":{"line":25,"column":18},"end":{"line":40,"column":5}},"9":{"start":{"line":41,"column":21},"end":{"line":57,"column":5}},"10":{"start":{"line":58,"column":21},"end":{"line":74,"column":5}},"11":{"start":{"line":75,"column":21},"end":{"line":91,"column":5}},"12":{"start":{"line":92,"column":21},"end":{"line":108,"column":5}},"13":{"start":{"line":109,"column":21},"end":{"line":125,"column":5}},"14":{"start":{"line":126,"column":21},"end":{"line":142,"column":5}},"15":{"start":{"line":143,"column":21},"end":{"line":159,"column":5}},"16":{"start":{"line":160,"column":21},"end":{"line":176,"column":5}},"17":{"start":{"line":177,"column":4},"end":{"line":187,"column":7}},"18":{"start":{"line":178,"column":8},"end":{"line":178,"column":40}},"19":{"start":{"line":179,"column":8},"end":{"line":179,"column":40}},"20":{"start":{"line":180,"column":8},"end":{"line":180,"column":49}},"21":{"start":{"line":181,"column":8},"end":{"line":181,"column":49}},"22":{"start":{"line":182,"column":8},"end":{"line":182,"column":49}},"23":{"start":{"line":183,"column":8},"end":{"line":183,"column":49}},"24":{"start":{"line":184,"column":8},"end":{"line":184,"column":49}},"25":{"start":{"line":185,"column":8},"end":{"line":185,"column":49}},"26":{"start":{"line":186,"column":8},"end":{"line":186,"column":49}},"27":{"start":{"line":188,"column":4},"end":{"line":225,"column":7}},"28":{"start":{"line":189,"column":8},"end":{"line":202,"column":11}},"29":{"start":{"line":190,"column":12},"end":{"line":201,"column":15}},"30":{"start":{"line":191,"column":16},"end":{"line":191,"column":57}},"31":{"start":{"line":192,"column":16},"end":{"line":192,"column":53}},"32":{"start":{"line":193,"column":16},"end":{"line":193,"column":66}},"33":{"start":{"line":194,"column":16},"end":{"line":200,"column":19}},"34":{"start":{"line":199,"column":20},"end":{"line":199,"column":63}},"35":{"start":{"line":203,"column":8},"end":{"line":224,"column":11}},"36":{"start":{"line":204,"column":30},"end":{"line":220,"column":13}},"37":{"start":{"line":221,"column":12},"end":{"line":223,"column":15}},"38":{"start":{"line":222,"column":16},"end":{"line":222,"column":50}},"39":{"start":{"line":226,"column":4},"end":{"line":300,"column":7}},"40":{"start":{"line":227,"column":8},"end":{"line":255,"column":11}},"41":{"start":{"line":228,"column":29},"end":{"line":244,"column":13}},"42":{"start":{"line":245,"column":12},"end":{"line":254,"column":15}},"43":{"start":{"line":246,"column":16},"end":{"line":253,"column":19}},"44":{"start":{"line":251,"column":20},"end":{"line":251,"column":72}},"45":{"start":{"line":252,"column":20},"end":{"line":252,"column":74}},"46":{"start":{"line":256,"column":8},"end":{"line":277,"column":11}},"47":{"start":{"line":257,"column":29},"end":{"line":273,"column":13}},"48":{"start":{"line":274,"column":12},"end":{"line":276,"column":15}},"49":{"start":{"line":275,"column":16},"end":{"line":275,"column":50}},"50":{"start":{"line":278,"column":8},"end":{"line":299,"column":11}},"51":{"start":{"line":279,"column":30},"end":{"line":295,"column":13}},"52":{"start":{"line":296,"column":12},"end":{"line":298,"column":15}},"53":{"start":{"line":297,"column":16},"end":{"line":297,"column":50}},"54":{"start":{"line":301,"column":4},"end":{"line":318,"column":7}},"55":{"start":{"line":302,"column":8},"end":{"line":312,"column":11}},"56":{"start":{"line":303,"column":12},"end":{"line":311,"column":15}},"57":{"start":{"line":304,"column":16},"end":{"line":310,"column":19}},"58":{"start":{"line":309,"column":20},"end":{"line":309,"column":70}},"59":{"start":{"line":313,"column":8},"end":{"line":317,"column":11}},"60":{"start":{"line":314,"column":12},"end":{"line":316,"column":15}},"61":{"start":{"line":315,"column":16},"end":{"line":315,"column":50}},"62":{"start":{"line":319,"column":4},"end":{"line":337,"column":7}},"63":{"start":{"line":320,"column":8},"end":{"line":331,"column":11}},"64":{"start":{"line":321,"column":12},"end":{"line":330,"column":15}},"65":{"start":{"line":322,"column":16},"end":{"line":329,"column":19}},"66":{"start":{"line":327,"column":20},"end":{"line":327,"column":71}},"67":{"start":{"line":328,"column":20},"end":{"line":328,"column":105}},"68":{"start":{"line":332,"column":8},"end":{"line":336,"column":11}},"69":{"start":{"line":333,"column":12},"end":{"line":335,"column":15}},"70":{"start":{"line":334,"column":16},"end":{"line":334,"column":50}},"71":{"start":{"line":338,"column":4},"end":{"line":355,"column":7}},"72":{"start":{"line":339,"column":8},"end":{"line":349,"column":11}},"73":{"start":{"line":340,"column":12},"end":{"line":348,"column":15}},"74":{"start":{"line":341,"column":16},"end":{"line":347,"column":19}},"75":{"start":{"line":346,"column":20},"end":{"line":346,"column":57}},"76":{"start":{"line":350,"column":8},"end":{"line":354,"column":11}},"77":{"start":{"line":351,"column":12},"end":{"line":353,"column":15}},"78":{"start":{"line":352,"column":16},"end":{"line":352,"column":50}},"79":{"start":{"line":356,"column":4},"end":{"line":363,"column":7}},"80":{"start":{"line":357,"column":8},"end":{"line":362,"column":11}},"81":{"start":{"line":358,"column":12},"end":{"line":361,"column":15}},"82":{"start":{"line":359,"column":16},"end":{"line":359,"column":59}},"83":{"start":{"line":360,"column":16},"end":{"line":360,"column":53}},"84":{"start":{"line":364,"column":4},"end":{"line":371,"column":7}},"85":{"start":{"line":365,"column":8},"end":{"line":370,"column":11}},"86":{"start":{"line":366,"column":12},"end":{"line":369,"column":15}},"87":{"start":{"line":367,"column":16},"end":{"line":367,"column":59}},"88":{"start":{"line":368,"column":16},"end":{"line":368,"column":53}},"89":{"start":{"line":372,"column":4},"end":{"line":379,"column":7}},"90":{"start":{"line":373,"column":8},"end":{"line":378,"column":11}},"91":{"start":{"line":374,"column":12},"end":{"line":377,"column":15}},"92":{"start":{"line":375,"column":16},"end":{"line":375,"column":59}},"93":{"start":{"line":376,"column":16},"end":{"line":376,"column":53}},"94":{"start":{"line":380,"column":4},"end":{"line":387,"column":7}},"95":{"start":{"line":381,"column":8},"end":{"line":386,"column":11}},"96":{"start":{"line":382,"column":12},"end":{"line":385,"column":15}},"97":{"start":{"line":383,"column":16},"end":{"line":383,"column":59}},"98":{"start":{"line":384,"column":16},"end":{"line":384,"column":53}},"99":{"start":{"line":388,"column":4},"end":{"line":395,"column":7}},"100":{"start":{"line":389,"column":8},"end":{"line":394,"column":11}},"101":{"start":{"line":390,"column":12},"end":{"line":393,"column":15}},"102":{"start":{"line":391,"column":16},"end":{"line":391,"column":59}},"103":{"start":{"line":392,"column":16},"end":{"line":392,"column":53}},"104":{"start":{"line":396,"column":4},"end":{"line":403,"column":7}},"105":{"start":{"line":397,"column":8},"end":{"line":402,"column":11}},"106":{"start":{"line":398,"column":12},"end":{"line":401,"column":15}},"107":{"start":{"line":399,"column":16},"end":{"line":399,"column":60}},"108":{"start":{"line":400,"column":16},"end":{"line":400,"column":52}},"109":{"start":{"line":404,"column":4},"end":{"line":411,"column":7}},"110":{"start":{"line":405,"column":8},"end":{"line":410,"column":11}},"111":{"start":{"line":406,"column":12},"end":{"line":409,"column":15}},"112":{"start":{"line":407,"column":16},"end":{"line":407,"column":59}},"113":{"start":{"line":408,"column":16},"end":{"line":408,"column":53}},"114":{"start":{"line":412,"column":4},"end":{"line":419,"column":7}},"115":{"start":{"line":413,"column":8},"end":{"line":418,"column":11}},"116":{"start":{"line":414,"column":12},"end":{"line":417,"column":15}},"117":{"start":{"line":415,"column":16},"end":{"line":415,"column":59}},"118":{"start":{"line":416,"column":16},"end":{"line":416,"column":53}},"119":{"start":{"line":420,"column":4},"end":{"line":427,"column":7}},"120":{"start":{"line":421,"column":8},"end":{"line":426,"column":11}},"121":{"start":{"line":422,"column":12},"end":{"line":425,"column":15}},"122":{"start":{"line":423,"column":16},"end":{"line":423,"column":59}},"123":{"start":{"line":424,"column":16},"end":{"line":424,"column":53}},"124":{"start":{"line":428,"column":4},"end":{"line":435,"column":7}},"125":{"start":{"line":429,"column":8},"end":{"line":434,"column":11}},"126":{"start":{"line":430,"column":12},"end":{"line":433,"column":15}},"127":{"start":{"line":431,"column":16},"end":{"line":431,"column":59}},"128":{"start":{"line":432,"column":16},"end":{"line":432,"column":53}},"129":{"start":{"line":436,"column":4},"end":{"line":443,"column":7}},"130":{"start":{"line":437,"column":8},"end":{"line":442,"column":11}},"131":{"start":{"line":438,"column":12},"end":{"line":441,"column":15}},"132":{"start":{"line":439,"column":16},"end":{"line":439,"column":59}},"133":{"start":{"line":440,"column":16},"end":{"line":440,"column":53}},"134":{"start":{"line":444,"column":4},"end":{"line":451,"column":7}},"135":{"start":{"line":445,"column":8},"end":{"line":450,"column":11}},"136":{"start":{"line":446,"column":12},"end":{"line":449,"column":15}},"137":{"start":{"line":447,"column":16},"end":{"line":447,"column":59}},"138":{"start":{"line":448,"column":16},"end":{"line":448,"column":53}},"139":{"start":{"line":452,"column":4},"end":{"line":459,"column":7}},"140":{"start":{"line":453,"column":8},"end":{"line":458,"column":11}},"141":{"start":{"line":454,"column":12},"end":{"line":457,"column":15}},"142":{"start":{"line":455,"column":16},"end":{"line":455,"column":59}},"143":{"start":{"line":456,"column":16},"end":{"line":456,"column":53}},"144":{"start":{"line":460,"column":4},"end":{"line":477,"column":7}},"145":{"start":{"line":461,"column":8},"end":{"line":471,"column":11}},"146":{"start":{"line":462,"column":12},"end":{"line":470,"column":15}},"147":{"start":{"line":463,"column":16},"end":{"line":469,"column":19}},"148":{"start":{"line":468,"column":20},"end":{"line":468,"column":76}},"149":{"start":{"line":472,"column":8},"end":{"line":476,"column":11}},"150":{"start":{"line":473,"column":12},"end":{"line":475,"column":15}},"151":{"start":{"line":474,"column":16},"end":{"line":474,"column":50}},"152":{"start":{"line":478,"column":4},"end":{"line":552,"column":7}},"153":{"start":{"line":479,"column":8},"end":{"line":487,"column":11}},"154":{"start":{"line":480,"column":27},"end":{"line":482,"column":13}},"155":{"start":{"line":483,"column":12},"end":{"line":486,"column":15}},"156":{"start":{"line":484,"column":16},"end":{"line":484,"column":65}},"157":{"start":{"line":485,"column":16},"end":{"line":485,"column":59}},"158":{"start":{"line":488,"column":8},"end":{"line":496,"column":11}},"159":{"start":{"line":489,"column":27},"end":{"line":491,"column":13}},"160":{"start":{"line":492,"column":12},"end":{"line":495,"column":15}},"161":{"start":{"line":493,"column":16},"end":{"line":493,"column":65}},"162":{"start":{"line":494,"column":16},"end":{"line":494,"column":59}},"163":{"start":{"line":497,"column":8},"end":{"line":505,"column":11}},"164":{"start":{"line":498,"column":27},"end":{"line":500,"column":13}},"165":{"start":{"line":501,"column":12},"end":{"line":504,"column":15}},"166":{"start":{"line":502,"column":16},"end":{"line":502,"column":65}},"167":{"start":{"line":503,"column":16},"end":{"line":503,"column":59}},"168":{"start":{"line":506,"column":8},"end":{"line":514,"column":11}},"169":{"start":{"line":507,"column":27},"end":{"line":509,"column":13}},"170":{"start":{"line":510,"column":12},"end":{"line":513,"column":15}},"171":{"start":{"line":511,"column":16},"end":{"line":511,"column":65}},"172":{"start":{"line":512,"column":16},"end":{"line":512,"column":59}},"173":{"start":{"line":515,"column":8},"end":{"line":524,"column":11}},"174":{"start":{"line":516,"column":27},"end":{"line":519,"column":13}},"175":{"start":{"line":520,"column":12},"end":{"line":523,"column":15}},"176":{"start":{"line":521,"column":16},"end":{"line":521,"column":65}},"177":{"start":{"line":522,"column":16},"end":{"line":522,"column":59}},"178":{"start":{"line":525,"column":8},"end":{"line":533,"column":11}},"179":{"start":{"line":526,"column":27},"end":{"line":528,"column":13}},"180":{"start":{"line":529,"column":12},"end":{"line":532,"column":15}},"181":{"start":{"line":530,"column":16},"end":{"line":530,"column":65}},"182":{"start":{"line":531,"column":16},"end":{"line":531,"column":59}},"183":{"start":{"line":534,"column":8},"end":{"line":542,"column":11}},"184":{"start":{"line":535,"column":27},"end":{"line":537,"column":13}},"185":{"start":{"line":538,"column":12},"end":{"line":541,"column":15}},"186":{"start":{"line":539,"column":16},"end":{"line":539,"column":65}},"187":{"start":{"line":540,"column":16},"end":{"line":540,"column":59}},"188":{"start":{"line":543,"column":8},"end":{"line":551,"column":11}},"189":{"start":{"line":544,"column":27},"end":{"line":546,"column":13}},"190":{"start":{"line":547,"column":12},"end":{"line":550,"column":15}},"191":{"start":{"line":548,"column":16},"end":{"line":548,"column":65}},"192":{"start":{"line":549,"column":16},"end":{"line":549,"column":59}}},"fnMap":{"0":{"name":"(anonymous_0)","decl":{"start":{"line":7,"column":33},"end":{"line":7,"column":34}},"loc":{"start":{"line":7,"column":39},"end":{"line":553,"column":1}},"line":7},"1":{"name":"(anonymous_1)","decl":{"start":{"line":177,"column":27},"end":{"line":177,"column":28}},"loc":{"start":{"line":177,"column":39},"end":{"line":187,"column":5}},"line":177},"2":{"name":"(anonymous_2)","decl":{"start":{"line":188,"column":37},"end":{"line":188,"column":38}},"loc":{"start":{"line":188,"column":43},"end":{"line":225,"column":5}},"line":188},"3":{"name":"(anonymous_3)","decl":{"start":{"line":189,"column":46},"end":{"line":189,"column":47}},"loc":{"start":{"line":189,"column":58},"end":{"line":202,"column":9}},"line":189},"4":{"name":"(anonymous_4)","decl":{"start":{"line":190,"column":53},"end":{"line":190,"column":54}},"loc":{"start":{"line":190,"column":64},"end":{"line":201,"column":13}},"line":190},"5":{"name":"(anonymous_5)","decl":{"start":{"line":198,"column":24},"end":{"line":198,"column":25}},"loc":{"start":{"line":198,"column":40},"end":{"line":200,"column":17}},"line":198},"6":{"name":"(anonymous_6)","decl":{"start":{"line":203,"column":69},"end":{"line":203,"column":70}},"loc":{"start":{"line":203,"column":81},"end":{"line":224,"column":9}},"line":203},"7":{"name":"(anonymous_7)","decl":{"start":{"line":221,"column":54},"end":{"line":221,"column":55}},"loc":{"start":{"line":221,"column":61},"end":{"line":223,"column":13}},"line":221},"8":{"name":"(anonymous_8)","decl":{"start":{"line":226,"column":36},"end":{"line":226,"column":37}},"loc":{"start":{"line":226,"column":42},"end":{"line":300,"column":5}},"line":226},"9":{"name":"(anonymous_9)","decl":{"start":{"line":227,"column":33},"end":{"line":227,"column":34}},"loc":{"start":{"line":227,"column":45},"end":{"line":255,"column":9}},"line":227},"10":{"name":"(anonymous_10)","decl":{"start":{"line":245,"column":56},"end":{"line":245,"column":57}},"loc":{"start":{"line":245,"column":62},"end":{"line":254,"column":13}},"line":245},"11":{"name":"(anonymous_11)","decl":{"start":{"line":250,"column":24},"end":{"line":250,"column":25}},"loc":{"start":{"line":250,"column":40},"end":{"line":253,"column":17}},"line":250},"12":{"name":"(anonymous_12)","decl":{"start":{"line":256,"column":57},"end":{"line":256,"column":58}},"loc":{"start":{"line":256,"column":69},"end":{"line":277,"column":9}},"line":256},"13":{"name":"(anonymous_13)","decl":{"start":{"line":274,"column":57},"end":{"line":274,"column":58}},"loc":{"start":{"line":274,"column":64},"end":{"line":276,"column":13}},"line":274},"14":{"name":"(anonymous_14)","decl":{"start":{"line":278,"column":58},"end":{"line":278,"column":59}},"loc":{"start":{"line":278,"column":70},"end":{"line":299,"column":9}},"line":278},"15":{"name":"(anonymous_15)","decl":{"start":{"line":296,"column":59},"end":{"line":296,"column":60}},"loc":{"start":{"line":296,"column":66},"end":{"line":298,"column":13}},"line":296},"16":{"name":"(anonymous_16)","decl":{"start":{"line":301,"column":37},"end":{"line":301,"column":38}},"loc":{"start":{"line":301,"column":43},"end":{"line":318,"column":5}},"line":301},"17":{"name":"(anonymous_17)","decl":{"start":{"line":302,"column":35},"end":{"line":302,"column":36}},"loc":{"start":{"line":302,"column":47},"end":{"line":312,"column":9}},"line":302},"18":{"name":"(anonymous_18)","decl":{"start":{"line":303,"column":47},"end":{"line":303,"column":48}},"loc":{"start":{"line":303,"column":53},"end":{"line":311,"column":13}},"line":303},"19":{"name":"(anonymous_19)","decl":{"start":{"line":308,"column":24},"end":{"line":308,"column":25}},"loc":{"start":{"line":308,"column":40},"end":{"line":310,"column":17}},"line":308},"20":{"name":"(anonymous_20)","decl":{"start":{"line":313,"column":59},"end":{"line":313,"column":60}},"loc":{"start":{"line":313,"column":71},"end":{"line":317,"column":9}},"line":313},"21":{"name":"(anonymous_21)","decl":{"start":{"line":314,"column":49},"end":{"line":314,"column":50}},"loc":{"start":{"line":314,"column":56},"end":{"line":316,"column":13}},"line":314},"22":{"name":"(anonymous_22)","decl":{"start":{"line":319,"column":36},"end":{"line":319,"column":37}},"loc":{"start":{"line":319,"column":42},"end":{"line":337,"column":5}},"line":319},"23":{"name":"(anonymous_23)","decl":{"start":{"line":320,"column":34},"end":{"line":320,"column":35}},"loc":{"start":{"line":320,"column":46},"end":{"line":331,"column":9}},"line":320},"24":{"name":"(anonymous_24)","decl":{"start":{"line":321,"column":84},"end":{"line":321,"column":85}},"loc":{"start":{"line":321,"column":90},"end":{"line":330,"column":13}},"line":321},"25":{"name":"(anonymous_25)","decl":{"start":{"line":326,"column":24},"end":{"line":326,"column":25}},"loc":{"start":{"line":326,"column":40},"end":{"line":329,"column":17}},"line":326},"26":{"name":"(anonymous_26)","decl":{"start":{"line":332,"column":58},"end":{"line":332,"column":59}},"loc":{"start":{"line":332,"column":70},"end":{"line":336,"column":9}},"line":332},"27":{"name":"(anonymous_27)","decl":{"start":{"line":333,"column":86},"end":{"line":333,"column":87}},"loc":{"start":{"line":333,"column":93},"end":{"line":335,"column":13}},"line":333},"28":{"name":"(anonymous_28)","decl":{"start":{"line":338,"column":36},"end":{"line":338,"column":37}},"loc":{"start":{"line":338,"column":42},"end":{"line":355,"column":5}},"line":338},"29":{"name":"(anonymous_29)","decl":{"start":{"line":339,"column":33},"end":{"line":339,"column":34}},"loc":{"start":{"line":339,"column":45},"end":{"line":349,"column":9}},"line":339},"30":{"name":"(anonymous_30)","decl":{"start":{"line":340,"column":46},"end":{"line":340,"column":47}},"loc":{"start":{"line":340,"column":52},"end":{"line":348,"column":13}},"line":340},"31":{"name":"(anonymous_31)","decl":{"start":{"line":345,"column":24},"end":{"line":345,"column":25}},"loc":{"start":{"line":345,"column":40},"end":{"line":347,"column":17}},"line":345},"32":{"name":"(anonymous_32)","decl":{"start":{"line":350,"column":58},"end":{"line":350,"column":59}},"loc":{"start":{"line":350,"column":70},"end":{"line":354,"column":9}},"line":350},"33":{"name":"(anonymous_33)","decl":{"start":{"line":351,"column":48},"end":{"line":351,"column":49}},"loc":{"start":{"line":351,"column":55},"end":{"line":353,"column":13}},"line":351},"34":{"name":"(anonymous_34)","decl":{"start":{"line":356,"column":38},"end":{"line":356,"column":39}},"loc":{"start":{"line":356,"column":44},"end":{"line":363,"column":5}},"line":356},"35":{"name":"(anonymous_35)","decl":{"start":{"line":357,"column":45},"end":{"line":357,"column":46}},"loc":{"start":{"line":357,"column":57},"end":{"line":362,"column":9}},"line":357},"36":{"name":"(anonymous_36)","decl":{"start":{"line":358,"column":53},"end":{"line":358,"column":54}},"loc":{"start":{"line":358,"column":65},"end":{"line":361,"column":13}},"line":358},"37":{"name":"(anonymous_37)","decl":{"start":{"line":364,"column":47},"end":{"line":364,"column":48}},"loc":{"start":{"line":364,"column":53},"end":{"line":371,"column":5}},"line":364},"38":{"name":"(anonymous_38)","decl":{"start":{"line":365,"column":47},"end":{"line":365,"column":48}},"loc":{"start":{"line":365,"column":59},"end":{"line":370,"column":9}},"line":365},"39":{"name":"(anonymous_39)","decl":{"start":{"line":366,"column":58},"end":{"line":366,"column":59}},"loc":{"start":{"line":366,"column":70},"end":{"line":369,"column":13}},"line":366},"40":{"name":"(anonymous_40)","decl":{"start":{"line":372,"column":47},"end":{"line":372,"column":48}},"loc":{"start":{"line":372,"column":53},"end":{"line":379,"column":5}},"line":372},"41":{"name":"(anonymous_41)","decl":{"start":{"line":373,"column":47},"end":{"line":373,"column":48}},"loc":{"start":{"line":373,"column":59},"end":{"line":378,"column":9}},"line":373},"42":{"name":"(anonymous_42)","decl":{"start":{"line":374,"column":58},"end":{"line":374,"column":59}},"loc":{"start":{"line":374,"column":70},"end":{"line":377,"column":13}},"line":374},"43":{"name":"(anonymous_43)","decl":{"start":{"line":380,"column":48},"end":{"line":380,"column":49}},"loc":{"start":{"line":380,"column":54},"end":{"line":387,"column":5}},"line":380},"44":{"name":"(anonymous_44)","decl":{"start":{"line":381,"column":48},"end":{"line":381,"column":49}},"loc":{"start":{"line":381,"column":60},"end":{"line":386,"column":9}},"line":381},"45":{"name":"(anonymous_45)","decl":{"start":{"line":382,"column":59},"end":{"line":382,"column":60}},"loc":{"start":{"line":382,"column":71},"end":{"line":385,"column":13}},"line":382},"46":{"name":"(anonymous_46)","decl":{"start":{"line":388,"column":41},"end":{"line":388,"column":42}},"loc":{"start":{"line":388,"column":47},"end":{"line":395,"column":5}},"line":388},"47":{"name":"(anonymous_47)","decl":{"start":{"line":389,"column":41},"end":{"line":389,"column":42}},"loc":{"start":{"line":389,"column":53},"end":{"line":394,"column":9}},"line":389},"48":{"name":"(anonymous_48)","decl":{"start":{"line":390,"column":53},"end":{"line":390,"column":54}},"loc":{"start":{"line":390,"column":65},"end":{"line":393,"column":13}},"line":390},"49":{"name":"(anonymous_49)","decl":{"start":{"line":396,"column":37},"end":{"line":396,"column":38}},"loc":{"start":{"line":396,"column":43},"end":{"line":403,"column":5}},"line":396},"50":{"name":"(anonymous_50)","decl":{"start":{"line":397,"column":37},"end":{"line":397,"column":38}},"loc":{"start":{"line":397,"column":49},"end":{"line":402,"column":9}},"line":397},"51":{"name":"(anonymous_51)","decl":{"start":{"line":398,"column":50},"end":{"line":398,"column":51}},"loc":{"start":{"line":398,"column":61},"end":{"line":401,"column":13}},"line":398},"52":{"name":"(anonymous_52)","decl":{"start":{"line":404,"column":46},"end":{"line":404,"column":47}},"loc":{"start":{"line":404,"column":52},"end":{"line":411,"column":5}},"line":404},"53":{"name":"(anonymous_53)","decl":{"start":{"line":405,"column":46},"end":{"line":405,"column":47}},"loc":{"start":{"line":405,"column":58},"end":{"line":410,"column":9}},"line":405},"54":{"name":"(anonymous_54)","decl":{"start":{"line":406,"column":61},"end":{"line":406,"column":62}},"loc":{"start":{"line":406,"column":73},"end":{"line":409,"column":13}},"line":406},"55":{"name":"(anonymous_55)","decl":{"start":{"line":412,"column":45},"end":{"line":412,"column":46}},"loc":{"start":{"line":412,"column":51},"end":{"line":419,"column":5}},"line":412},"56":{"name":"(anonymous_56)","decl":{"start":{"line":413,"column":45},"end":{"line":413,"column":46}},"loc":{"start":{"line":413,"column":57},"end":{"line":418,"column":9}},"line":413},"57":{"name":"(anonymous_57)","decl":{"start":{"line":414,"column":60},"end":{"line":414,"column":61}},"loc":{"start":{"line":414,"column":72},"end":{"line":417,"column":13}},"line":414},"58":{"name":"(anonymous_58)","decl":{"start":{"line":420,"column":46},"end":{"line":420,"column":47}},"loc":{"start":{"line":420,"column":52},"end":{"line":427,"column":5}},"line":420},"59":{"name":"(anonymous_59)","decl":{"start":{"line":421,"column":46},"end":{"line":421,"column":47}},"loc":{"start":{"line":421,"column":58},"end":{"line":426,"column":9}},"line":421},"60":{"name":"(anonymous_60)","decl":{"start":{"line":422,"column":61},"end":{"line":422,"column":62}},"loc":{"start":{"line":422,"column":73},"end":{"line":425,"column":13}},"line":422},"61":{"name":"(anonymous_61)","decl":{"start":{"line":428,"column":46},"end":{"line":428,"column":47}},"loc":{"start":{"line":428,"column":52},"end":{"line":435,"column":5}},"line":428},"62":{"name":"(anonymous_62)","decl":{"start":{"line":429,"column":46},"end":{"line":429,"column":47}},"loc":{"start":{"line":429,"column":58},"end":{"line":434,"column":9}},"line":429},"63":{"name":"(anonymous_63)","decl":{"start":{"line":430,"column":58},"end":{"line":430,"column":59}},"loc":{"start":{"line":430,"column":70},"end":{"line":433,"column":13}},"line":430},"64":{"name":"(anonymous_64)","decl":{"start":{"line":436,"column":45},"end":{"line":436,"column":46}},"loc":{"start":{"line":436,"column":51},"end":{"line":443,"column":5}},"line":436},"65":{"name":"(anonymous_65)","decl":{"start":{"line":437,"column":45},"end":{"line":437,"column":46}},"loc":{"start":{"line":437,"column":57},"end":{"line":442,"column":9}},"line":437},"66":{"name":"(anonymous_66)","decl":{"start":{"line":438,"column":60},"end":{"line":438,"column":61}},"loc":{"start":{"line":438,"column":72},"end":{"line":441,"column":13}},"line":438},"67":{"name":"(anonymous_67)","decl":{"start":{"line":444,"column":47},"end":{"line":444,"column":48}},"loc":{"start":{"line":444,"column":53},"end":{"line":451,"column":5}},"line":444},"68":{"name":"(anonymous_68)","decl":{"start":{"line":445,"column":47},"end":{"line":445,"column":48}},"loc":{"start":{"line":445,"column":59},"end":{"line":450,"column":9}},"line":445},"69":{"name":"(anonymous_69)","decl":{"start":{"line":446,"column":59},"end":{"line":446,"column":60}},"loc":{"start":{"line":446,"column":71},"end":{"line":449,"column":13}},"line":446},"70":{"name":"(anonymous_70)","decl":{"start":{"line":452,"column":42},"end":{"line":452,"column":43}},"loc":{"start":{"line":452,"column":48},"end":{"line":459,"column":5}},"line":452},"71":{"name":"(anonymous_71)","decl":{"start":{"line":453,"column":42},"end":{"line":453,"column":43}},"loc":{"start":{"line":453,"column":54},"end":{"line":458,"column":9}},"line":453},"72":{"name":"(anonymous_72)","decl":{"start":{"line":454,"column":57},"end":{"line":454,"column":58}},"loc":{"start":{"line":454,"column":69},"end":{"line":457,"column":13}},"line":454},"73":{"name":"(anonymous_73)","decl":{"start":{"line":460,"column":37},"end":{"line":460,"column":38}},"loc":{"start":{"line":460,"column":43},"end":{"line":477,"column":5}},"line":460},"74":{"name":"(anonymous_74)","decl":{"start":{"line":461,"column":47},"end":{"line":461,"column":48}},"loc":{"start":{"line":461,"column":59},"end":{"line":471,"column":9}},"line":461},"75":{"name":"(anonymous_75)","decl":{"start":{"line":462,"column":62},"end":{"line":462,"column":63}},"loc":{"start":{"line":462,"column":68},"end":{"line":470,"column":13}},"line":462},"76":{"name":"(anonymous_76)","decl":{"start":{"line":467,"column":24},"end":{"line":467,"column":25}},"loc":{"start":{"line":467,"column":40},"end":{"line":469,"column":17}},"line":467},"77":{"name":"(anonymous_77)","decl":{"start":{"line":472,"column":72},"end":{"line":472,"column":73}},"loc":{"start":{"line":472,"column":84},"end":{"line":476,"column":9}},"line":472},"78":{"name":"(anonymous_78)","decl":{"start":{"line":473,"column":64},"end":{"line":473,"column":65}},"loc":{"start":{"line":473,"column":71},"end":{"line":475,"column":13}},"line":473},"79":{"name":"(anonymous_79)","decl":{"start":{"line":478,"column":37},"end":{"line":478,"column":38}},"loc":{"start":{"line":478,"column":43},"end":{"line":552,"column":5}},"line":478},"80":{"name":"(anonymous_80)","decl":{"start":{"line":479,"column":69},"end":{"line":479,"column":70}},"loc":{"start":{"line":479,"column":81},"end":{"line":487,"column":9}},"line":479},"81":{"name":"(anonymous_81)","decl":{"start":{"line":483,"column":51},"end":{"line":483,"column":52}},"loc":{"start":{"line":483,"column":63},"end":{"line":486,"column":13}},"line":483},"82":{"name":"(anonymous_82)","decl":{"start":{"line":488,"column":70},"end":{"line":488,"column":71}},"loc":{"start":{"line":488,"column":82},"end":{"line":496,"column":9}},"line":488},"83":{"name":"(anonymous_83)","decl":{"start":{"line":492,"column":51},"end":{"line":492,"column":52}},"loc":{"start":{"line":492,"column":63},"end":{"line":495,"column":13}},"line":492},"84":{"name":"(anonymous_84)","decl":{"start":{"line":497,"column":62},"end":{"line":497,"column":63}},"loc":{"start":{"line":497,"column":74},"end":{"line":505,"column":9}},"line":497},"85":{"name":"(anonymous_85)","decl":{"start":{"line":501,"column":51},"end":{"line":501,"column":52}},"loc":{"start":{"line":501,"column":63},"end":{"line":504,"column":13}},"line":501},"86":{"name":"(anonymous_86)","decl":{"start":{"line":506,"column":62},"end":{"line":506,"column":63}},"loc":{"start":{"line":506,"column":74},"end":{"line":514,"column":9}},"line":506},"87":{"name":"(anonymous_87)","decl":{"start":{"line":510,"column":51},"end":{"line":510,"column":52}},"loc":{"start":{"line":510,"column":63},"end":{"line":513,"column":13}},"line":510},"88":{"name":"(anonymous_88)","decl":{"start":{"line":515,"column":74},"end":{"line":515,"column":75}},"loc":{"start":{"line":515,"column":86},"end":{"line":524,"column":9}},"line":515},"89":{"name":"(anonymous_89)","decl":{"start":{"line":520,"column":51},"end":{"line":520,"column":52}},"loc":{"start":{"line":520,"column":63},"end":{"line":523,"column":13}},"line":520},"90":{"name":"(anonymous_90)","decl":{"start":{"line":525,"column":62},"end":{"line":525,"column":63}},"loc":{"start":{"line":525,"column":74},"end":{"line":533,"column":9}},"line":525},"91":{"name":"(anonymous_91)","decl":{"start":{"line":529,"column":51},"end":{"line":529,"column":52}},"loc":{"start":{"line":529,"column":63},"end":{"line":532,"column":13}},"line":529},"92":{"name":"(anonymous_92)","decl":{"start":{"line":534,"column":58},"end":{"line":534,"column":59}},"loc":{"start":{"line":534,"column":70},"end":{"line":542,"column":9}},"line":534},"93":{"name":"(anonymous_93)","decl":{"start":{"line":538,"column":51},"end":{"line":538,"column":52}},"loc":{"start":{"line":538,"column":63},"end":{"line":541,"column":13}},"line":538},"94":{"name":"(anonymous_94)","decl":{"start":{"line":543,"column":58},"end":{"line":543,"column":59}},"loc":{"start":{"line":543,"column":70},"end":{"line":551,"column":9}},"line":543},"95":{"name":"(anonymous_95)","decl":{"start":{"line":547,"column":51},"end":{"line":547,"column":52}},"loc":{"start":{"line":547,"column":63},"end":{"line":550,"column":13}},"line":547}},"branchMap":{},"s":{"0":1,"1":1,"2":1,"3":1,"4":1,"5":1,"6":1,"7":1,"8":1,"9":1,"10":1,"11":1,"12":1,"13":1,"14":1,"15":1,"16":1,"17":1,"18":1,"19":1,"20":1,"21":1,"22":1,"23":1,"24":1,"25":1,"26":1,"27":1,"28":1,"29":1,"30":0,"31":0,"32":0,"33":0,"34":0,"35":1,"36":1,"37":1,"38":1,"39":1,"40":1,"41":1,"42":1,"43":0,"44":0,"45":0,"46":1,"47":1,"48":1,"49":1,"50":1,"51":1,"52":1,"53":1,"54":1,"55":1,"56":1,"57":0,"58":0,"59":1,"60":1,"61":1,"62":1,"63":1,"64":1,"65":0,"66":0,"67":0,"68":1,"69":1,"70":1,"71":1,"72":1,"73":1,"74":0,"75":0,"76":1,"77":1,"78":1,"79":1,"80":1,"81":1,"82":0,"83":0,"84":1,"85":1,"86":1,"87":0,"88":0,"89":1,"90":1,"91":1,"92":0,"93":0,"94":1,"95":1,"96":1,"97":0,"98":0,"99":1,"100":1,"101":1,"102":0,"103":0,"104":1,"105":1,"106":1,"107":0,"108":0,"109":1,"110":1,"111":1,"112":0,"113":0,"114":1,"115":1,"116":1,"117":0,"118":0,"119":1,"120":1,"121":1,"122":0,"123":0,"124":1,"125":1,"126":1,"127":0,"128":0,"129":1,"130":1,"131":1,"132":0,"133":0,"134":1,"135":1,"136":1,"137":0,"138":0,"139":1,"140":1,"141":1,"142":0,"143":0,"144":1,"145":1,"146":1,"147":0,"148":0,"149":1,"150":1,"151":1,"152":1,"153":1,"154":1,"155":1,"156":0,"157":0,"158":1,"159":1,"160":1,"161":0,"162":0,"163":1,"164":1,"165":1,"166":0,"167":0,"168":1,"169":1,"170":1,"171":0,"172":0,"173":1,"174":1,"175":1,"176":0,"177":0,"178":1,"179":1,"180":1,"181":0,"182":0,"183":1,"184":1,"185":1,"186":0,"187":0,"188":1,"189":1,"190":1,"191":0,"192":0},"f":{"0":1,"1":1,"2":1,"3":1,"4":0,"5":0,"6":1,"7":1,"8":1,"9":1,"10":0,"11":0,"12":1,"13":1,"14":1,"15":1,"16":1,"17":1,"18":0,"19":0,"20":1,"21":1,"22":1,"23":1,"24":0,"25":0,"26":1,"27":1,"28":1,"29":1,"30":0,"31":0,"32":1,"33":1,"34":1,"35":1,"36":0,"37":1,"38":1,"39":0,"40":1,"41":1,"42":0,"43":1,"44":1,"45":0,"46":1,"47":1,"48":0,"49":1,"50":1,"51":0,"52":1,"53":1,"54":0,"55":1,"56":1,"57":0,"58":1,"59":1,"60":0,"61":1,"62":1,"63":0,"64":1,"65":1,"66":0,"67":1,"68":1,"69":0,"70":1,"71":1,"72":0,"73":1,"74":1,"75":0,"76":0,"77":1,"78":1,"79":1,"80":1,"81":0,"82":1,"83":0,"84":1,"85":0,"86":1,"87":0,"88":1,"89":0,"90":1,"91":0,"92":1,"93":0,"94":1,"95":0},"b":{},"inputSourceMap":{"version":3,"file":"D:/Privat/Uni/ESE/ese2020-team7/backend/tests/services/product.service.test.ts","sources":["D:/Privat/Uni/ESE/ese2020-team7/backend/tests/services/product.service.test.ts"],"names":[],"mappings":";;AAAA,wEAAoE;AACpE,kEAA4E;AAC5E,4DAAmE;AACnE,+BAA8B;AAG9B,QAAQ,CAAC,sBAAsB,EAAE,GAAG,EAAE;IAElC,MAAM,kBAAkB,GAAmB,IAAI,gCAAc,EAAE,CAAC;IAEhE,MAAM,KAAK,GAAmB;QAC1B,MAAM,EAAE,CAAC;QACT,QAAQ,EAAE,MAAM;QAChB,QAAQ,EAAE,aAAa;QACvB,KAAK,EAAE,gBAAgB;QACvB,SAAS,EAAE,MAAM;QACjB,QAAQ,EAAE,UAAU;QACpB,MAAM,EAAE,IAAI;QACZ,eAAe,EAAE,IAAI;QACrB,MAAM,EAAE,IAAI;QACZ,OAAO,EAAE,IAAI;QACb,IAAI,EAAE,WAAW;QACjB,OAAO,EAAE,IAAI;QACb,KAAK,EAAE,KAAK;QACZ,MAAM,EAAE,GAAG;KACd,CAAC;IAEF,MAAM,KAAK,GAAmB;QAC1B,MAAM,EAAE,CAAC;QACT,QAAQ,EAAE,MAAM;QAChB,QAAQ,EAAE,aAAa;QACvB,KAAK,EAAE,gBAAgB;QACvB,SAAS,EAAE,MAAM;QACjB,QAAQ,EAAE,OAAO;QACjB,MAAM,EAAE,IAAI;QACZ,eAAe,EAAE,IAAI;QACrB,MAAM,EAAE,IAAI;QACZ,OAAO,EAAE,IAAI;QACb,IAAI,EAAE,IAAI;QACV,OAAO,EAAE,IAAI;QACb,KAAK,EAAE,KAAK;QACZ,MAAM,EAAE,GAAG;KACd,CAAC;IAEF,MAAM,QAAQ,GAAsB;QAChC,SAAS,EAAE,CAAC;QACZ,UAAU,EAAE,KAAK;QACjB,KAAK,EAAE,OAAO;QACd,SAAS,EAAE,IAAI;QACf,KAAK,EAAE,GAAG;QACV,WAAW,EAAE,UAAU;QACvB,QAAQ,EAAE,MAAM;QAChB,SAAS,EAAE,IAAI;QACf,WAAW,EAAE,IAAI;QACjB,aAAa,EAAE,IAAI;QACnB,eAAe,EAAE,IAAI;QACrB,MAAM,EAAE,CAAC;QACT,OAAO,EAAE,IAAI;QACb,UAAU,EAAE,IAAI;QAChB,gBAAgB,EAAE,KAAK;KAC1B,CAAC;IAEF,MAAM,QAAQ,GAAsB;QAChC,SAAS,EAAE,CAAC;QACZ,UAAU,EAAE,IAAI;QAChB,KAAK,EAAE,QAAQ;QACf,SAAS,EAAE,IAAI;QACf,KAAK,EAAE,GAAG;QACV,WAAW,EAAE,qBAAqB;QAClC,QAAQ,EAAE,MAAM;QAChB,SAAS,EAAE,IAAI;QACf,WAAW,EAAE,KAAK;QAClB,aAAa,EAAE,IAAI;QACnB,eAAe,EAAE,IAAI;QACrB,MAAM,EAAE,CAAC;QACT,OAAO,EAAE,CAAC;QACV,UAAU,EAAE,IAAI,IAAI,CAAC,IAAI,CAAC,GAAG,EAAE,CAAC;QAChC,gBAAgB,EAAE,KAAK;KAC1B,CAAC;IAEF,MAAM,QAAQ,GAAsB;QAChC,SAAS,EAAE,CAAC;QACZ,UAAU,EAAE,IAAI;QAChB,KAAK,EAAE,QAAQ;QACf,SAAS,EAAE,IAAI;QACf,KAAK,EAAE,GAAG;QACV,WAAW,EAAE,aAAa;QAC1B,QAAQ,EAAE,UAAU;QACpB,SAAS,EAAE,IAAI;QACf,WAAW,EAAE,IAAI;QACjB,aAAa,EAAE,IAAI;QACnB,eAAe,EAAE,IAAI;QACrB,MAAM,EAAE,CAAC;QACT,OAAO,EAAE,IAAI;QACb,UAAU,EAAE,IAAI;QAChB,gBAAgB,EAAE,KAAK;KAC1B,CAAC;IAEF,MAAM,QAAQ,GAAsB;QAChC,SAAS,EAAE,CAAC;QACZ,UAAU,EAAE,IAAI;QAChB,KAAK,EAAE,UAAU;QACjB,SAAS,EAAE,KAAK;QAChB,KAAK,EAAE,EAAE;QACT,WAAW,EAAE,2BAA2B;QACxC,QAAQ,EAAE,OAAO;QACjB,SAAS,EAAE,IAAI;QACf,WAAW,EAAE,IAAI;QACjB,aAAa,EAAE,KAAK;QACpB,eAAe,EAAE,IAAI;QACrB,MAAM,EAAE,CAAC;QACT,OAAO,EAAE,CAAC;QACV,UAAU,EAAE,IAAI,IAAI,CAAC,IAAI,CAAC,GAAG,EAAE,CAAC;QAChC,gBAAgB,EAAE,KAAK;KAC1B,CAAC;IAEF,MAAM,QAAQ,GAAsB;QAChC,SAAS,EAAE,CAAC;QACZ,UAAU,EAAE,IAAI;QAChB,KAAK,EAAE,WAAW;QAClB,SAAS,EAAE,IAAI;QACf,KAAK,EAAE,GAAG;QACV,WAAW,EAAE,+BAA+B;QAC5C,QAAQ,EAAE,QAAQ;QAClB,SAAS,EAAE,KAAK;QAChB,WAAW,EAAE,KAAK;QAClB,aAAa,EAAE,KAAK;QACpB,eAAe,EAAE,IAAI;QACrB,MAAM,EAAE,CAAC;QACT,OAAO,EAAE,CAAC;QACV,UAAU,EAAE,IAAI,IAAI,CAAC,IAAI,CAAC,GAAG,EAAE,CAAC;QAChC,gBAAgB,EAAE,KAAK;KAC1B,CAAC;IAEF,MAAM,QAAQ,GAAsB;QAChC,SAAS,EAAE,CAAC;QACZ,UAAU,EAAE,IAAI;QAChB,KAAK,EAAE,UAAU;QACjB,SAAS,EAAE,IAAI;QACf,KAAK,EAAE,GAAG;QACV,WAAW,EAAE,+BAA+B;QAC5C,QAAQ,EAAE,QAAQ;QAClB,SAAS,EAAE,KAAK;QAChB,WAAW,EAAE,IAAI;QACjB,aAAa,EAAE,KAAK;QACpB,eAAe,EAAE,IAAI;QACrB,MAAM,EAAE,CAAC;QACT,OAAO,EAAE,IAAI;QACb,UAAU,EAAE,IAAI;QAChB,gBAAgB,EAAE,KAAK;KAC1B,CAAC;IAEF,MAAM,QAAQ,GAAsB;QAChC,SAAS,EAAE,CAAC;QACZ,UAAU,EAAE,KAAK;QACjB,KAAK,EAAE,SAAS;QAChB,SAAS,EAAE,IAAI;QACf,KAAK,EAAE,EAAE;QACT,WAAW,EAAE,oBAAoB;QACjC,QAAQ,EAAE,MAAM;QAChB,SAAS,EAAE,IAAI;QACf,WAAW,EAAE,IAAI;QACjB,aAAa,EAAE,IAAI;QACnB,eAAe,EAAE,mCAAmC;QACpD,MAAM,EAAE,CAAC;QACT,OAAO,EAAE,IAAI;QACb,UAAU,EAAE,IAAI;QAChB,gBAAgB,EAAE,KAAK;KAC1B,CAAC;IAEF,MAAM,QAAQ,GAAsB;QAChC,SAAS,EAAE,CAAC;QACZ,UAAU,EAAE,KAAK;QACjB,KAAK,EAAE,MAAM;QACb,SAAS,EAAE,IAAI;QACf,KAAK,EAAE,EAAE;QACT,WAAW,EAAE,UAAU;QACvB,QAAQ,EAAE,UAAU;QACpB,SAAS,EAAE,IAAI;QACf,WAAW,EAAE,IAAI;QACjB,aAAa,EAAE,IAAI;QACnB,eAAe,EAAE,IAAI;QACrB,MAAM,EAAE,CAAC;QACT,OAAO,EAAE,IAAI;QACb,UAAU,EAAE,IAAI;QAChB,gBAAgB,EAAE,KAAK;KAC1B,CAAC;IAEF,MAAM,CAAC,cAAc,EAAE;QACnB,iBAAI,CAAC,MAAM,CAAC,KAAK,CAAC,CAAC;QACnB,iBAAI,CAAC,MAAM,CAAC,KAAK,CAAC,CAAC;QACnB,uBAAO,CAAC,MAAM,CAAC,QAAQ,CAAC,CAAC;QACzB,uBAAO,CAAC,MAAM,CAAC,QAAQ,CAAC,CAAC;QACzB,uBAAO,CAAC,MAAM,CAAC,QAAQ,CAAC,CAAC;QACzB,uBAAO,CAAC,MAAM,CAAC,QAAQ,CAAC,CAAC;QACzB,uBAAO,CAAC,MAAM,CAAC,QAAQ,CAAC,CAAC;QACzB,uBAAO,CAAC,MAAM,CAAC,QAAQ,CAAC,CAAC;QACzB,uBAAO,CAAC,MAAM,CAAC,QAAQ,CAAC,CAAC;IAC7B,CAAC,CAAC,CAAC;IAEH,QAAQ,CAAC,sBAAsB,EAAE,GAAG,EAAE;QAClC,EAAE,CAAC,iCAAiC,EAAE;YAClC,kBAAkB,CAAC,MAAM,CAAC,QAAQ,CAAC,CAAC,IAAI,CAAC,OAAO,CAAC,EAAE;gBAC/C,aAAM,CAAC,OAAO,CAAC,KAAK,CAAC,CAAC,EAAE,CAAC,OAAO,CAAC,CAAC;gBAClC,aAAM,CAAC,OAAO,CAAC,KAAK,CAAC,CAAC,EAAE,CAAC,GAAG,CAAC,CAAC;gBAC9B,aAAM,CAAC,OAAO,CAAC,eAAe,CAAC,CAAC,EAAE,CAAC,EAAE,CAAC,IAAI,CAAC;gBAC3C,uBAAO,CAAC,OAAO,CAAC;oBACZ,KAAK,EAAE;wBACH,KAAK,EAAE,OAAO;qBACjB;iBACJ,CAAC,CAAC,IAAI,CAAC,YAAY,CAAC,EAAE;oBACnB,aAAM,CAAC,YAAY,CAAC,CAAC,GAAG,CAAC,EAAE,CAAC,EAAE,CAAC,IAAI,CAAC;gBACxC,CAAC,CAAC,CAAC;YACP,CAAC,CAAC,CAAC;QACP,CAAC,CAAC,CAAC;QACH,EAAE,CAAC,wDAAwD,EAAE;YACzD,MAAM,SAAS,GAAsB;gBACjC,SAAS,EAAE,CAAC;gBACZ,UAAU,EAAE,KAAK;gBACjB,KAAK,EAAE,IAAI;gBACX,SAAS,EAAE,IAAI;gBACf,KAAK,EAAE,GAAG;gBACV,WAAW,EAAE,UAAU;gBACvB,QAAQ,EAAE,MAAM;gBAChB,SAAS,EAAE,IAAI;gBACf,WAAW,EAAE,IAAI;gBACjB,aAAa,EAAE,IAAI;gBACnB,eAAe,EAAE,IAAI;gBACrB,MAAM,EAAE,CAAC;gBACT,OAAO,EAAE,IAAI;gBACb,UAAU,EAAE,IAAI;gBAChB,gBAAgB,EAAE,KAAK;aAC1B,CAAC;YACF,kBAAkB,CAAC,MAAM,CAAC,QAAQ,CAAC,CAAC,KAAK,CAAC,GAAG,CAAC,EAAE;gBAC5C,aAAM,CAAC,GAAG,CAAC,CAAC,GAAG,CAAC,EAAE,CAAC,EAAE,CAAC,IAAI,CAAC;YAC/B,CAAC,CAAC,CAAC;QACP,CAAC,CAAC,CAAC;IACP,CAAC,CAAC,CAAC;IACH,QAAQ,CAAC,qBAAqB,EAAE,GAAG,EAAE;QACjC,EAAE,CAAC,oBAAoB,EAAE;YACrB,MAAM,QAAQ,GAAsB;gBAChC,SAAS,EAAE,CAAC;gBACZ,UAAU,EAAE,KAAK;gBACjB,KAAK,EAAE,OAAO;gBACd,SAAS,EAAE,IAAI;gBACf,KAAK,EAAE,GAAG;gBACV,WAAW,EAAE,UAAU;gBACvB,QAAQ,EAAE,UAAU;gBACpB,SAAS,EAAE,IAAI;gBACf,WAAW,EAAE,IAAI;gBACjB,aAAa,EAAE,KAAK;gBACpB,eAAe,EAAE,IAAI;gBACrB,MAAM,EAAE,CAAC;gBACT,OAAO,EAAE,IAAI;gBACb,UAAU,EAAE,IAAI;gBAChB,gBAAgB,EAAE,KAAK;aAC1B,CAAC;YACF,kBAAkB,CAAC,MAAM,CAAC,CAAC,EAAE,QAAQ,CAAC,CAAC,IAAI,CAAC,GAAG,EAAE;gBAC7C,uBAAO,CAAC,OAAO,CAAC;oBACZ,KAAK,EAAE;wBACH,KAAK,EAAE,OAAO;qBACjB;iBACJ,CAAC,CAAC,IAAI,CAAC,YAAY,CAAC,EAAE;oBACnB,aAAM,CAAC,YAAY,CAAC,QAAQ,CAAC,CAAC,EAAE,CAAC,UAAU,CAAC,CAAC;oBAC7C,aAAM,CAAC,YAAY,CAAC,aAAa,CAAC,CAAC,EAAE,CAAC,EAAE,CAAC,KAAK,CAAC;gBACnD,CAAC,CAAC,CAAC;YACP,CAAC,CAAC,CAAC;QACP,CAAC,CAAC,CAAC;QACH,EAAE,CAAC,4CAA4C,EAAE;YAC7C,MAAM,QAAQ,GAAsB;gBAChC,SAAS,EAAE,CAAC;gBACZ,UAAU,EAAE,KAAK;gBACjB,KAAK,EAAE,IAAI;gBACX,SAAS,EAAE,IAAI;gBACf,KAAK,EAAE,GAAG;gBACV,WAAW,EAAE,UAAU;gBACvB,QAAQ,EAAE,MAAM;gBAChB,SAAS,EAAE,IAAI;gBACf,WAAW,EAAE,IAAI;gBACjB,aAAa,EAAE,IAAI;gBACnB,eAAe,EAAE,IAAI;gBACrB,MAAM,EAAE,CAAC;gBACT,OAAO,EAAE,IAAI;gBACb,UAAU,EAAE,IAAI;gBAChB,gBAAgB,EAAE,KAAK;aAC1B,CAAC;YACF,kBAAkB,CAAC,MAAM,CAAC,CAAC,EAAE,QAAQ,CAAC,CAAC,KAAK,CAAC,GAAG,CAAC,EAAE;gBAC/C,aAAM,CAAC,GAAG,CAAC,CAAC,GAAG,CAAC,EAAE,CAAC,EAAE,CAAC,IAAI,CAAC;YAC/B,CAAC,CAAC,CAAC;QACP,CAAC,CAAC,CAAC;QACH,EAAE,CAAC,6CAA6C,EAAE;YAC9C,MAAM,SAAS,GAAsB;gBACjC,SAAS,EAAE,EAAE;gBACb,UAAU,EAAE,KAAK;gBACjB,KAAK,EAAE,OAAO;gBACd,SAAS,EAAE,IAAI;gBACf,KAAK,EAAE,GAAG;gBACV,WAAW,EAAE,UAAU;gBACvB,QAAQ,EAAE,MAAM;gBAChB,SAAS,EAAE,IAAI;gBACf,WAAW,EAAE,IAAI;gBACjB,aAAa,EAAE,IAAI;gBACnB,eAAe,EAAE,IAAI;gBACrB,MAAM,EAAE,CAAC;gBACT,OAAO,EAAE,IAAI;gBACb,UAAU,EAAE,IAAI;gBAChB,gBAAgB,EAAE,KAAK;aAC1B,CAAC;YACF,kBAAkB,CAAC,MAAM,CAAC,EAAE,EAAE,SAAS,CAAC,CAAC,KAAK,CAAC,GAAG,CAAC,EAAE;gBACjD,aAAM,CAAC,GAAG,CAAC,CAAC,GAAG,CAAC,EAAE,CAAC,EAAE,CAAC,IAAI,CAAC;YAC/B,CAAC,CAAC,CAAC;QACP,CAAC,CAAC,CAAC;IACP,CAAC,CAAC,CAAC;IACH,QAAQ,CAAC,sBAAsB,EAAE,GAAG,EAAE;QAClC,EAAE,CAAC,sBAAsB,EAAE;YACvB,kBAAkB,CAAC,OAAO,CAAC,CAAC,CAAC,CAAC,IAAI,CAAC,GAAG,EAAE;gBACpC,uBAAO,CAAC,OAAO,CAAC;oBACZ,KAAK,EAAE;wBACH,KAAK,EAAE,OAAO;qBACjB;iBACJ,CAAC,CAAC,IAAI,CAAC,YAAY,CAAC,EAAE;oBACnB,aAAM,CAAC,YAAY,CAAC,UAAU,CAAC,CAAC,EAAE,CAAC,EAAE,CAAC,IAAI,CAAC;gBAC/C,CAAC,CAAC,CAAC;YACP,CAAC,CAAC,CAAC;QACP,CAAC,CAAC,CAAC;QACH,EAAE,CAAC,8CAA8C,EAAE;YAC/C,kBAAkB,CAAC,OAAO,CAAC,EAAE,CAAC,CAAC,KAAK,CAAC,GAAG,CAAC,EAAE;gBACvC,aAAM,CAAC,GAAG,CAAC,CAAC,GAAG,CAAC,EAAE,CAAC,EAAE,CAAC,IAAI,CAAC;YAC/B,CAAC,CAAC,CAAC;QACP,CAAC,CAAC,CAAC;IACP,CAAC,CAAC,CAAC;IACH,QAAQ,CAAC,qBAAqB,EAAE,GAAG,EAAE;QACjC,EAAE,CAAC,qBAAqB,EAAE;YACtB,kBAAkB,CAAC,MAAM,CAAC,CAAC,EAAE,oCAAoC,CAAC,CAAC,IAAI,CAAC,GAAG,EAAE;gBACzE,uBAAO,CAAC,OAAO,CAAC;oBACZ,KAAK,EAAE;wBACH,KAAK,EAAE,OAAO;qBACjB;iBACJ,CAAC,CAAC,IAAI,CAAC,YAAY,CAAC,EAAE;oBACnB,aAAM,CAAC,YAAY,CAAC,UAAU,CAAC,CAAC,EAAE,CAAC,EAAE,CAAC,KAAK,CAAC;oBAC5C,aAAM,CAAC,YAAY,CAAC,eAAe,CAAC,CAAC,EAAE,CAAC,oCAAoC,CAAC,CAAC;gBAClF,CAAC,CAAC,CAAC;YACP,CAAC,CAAC,CAAC;QACP,CAAC,CAAC,CAAC;QACH,EAAE,CAAC,6CAA6C,EAAE;YAC9C,kBAAkB,CAAC,MAAM,CAAC,EAAE,EAAE,oCAAoC,CAAC,CAAC,KAAK,CAAC,GAAG,CAAC,EAAE;gBAC5E,aAAM,CAAC,GAAG,CAAC,CAAC,GAAG,CAAC,EAAE,CAAC,EAAE,CAAC,IAAI,CAAC;YAC/B,CAAC,CAAC,CAAC;QACP,CAAC,CAAC,CAAC;IACP,CAAC,CAAC,CAAC;IACH,QAAQ,CAAC,qBAAqB,EAAE,GAAG,EAAE;QACjC,EAAE,CAAC,oBAAoB,EAAE;YACrB,kBAAkB,CAAC,MAAM,CAAC,CAAC,CAAC,CAAC,IAAI,CAAC,GAAG,EAAE;gBACnC,uBAAO,CAAC,OAAO,CAAC;oBACZ,KAAK,EAAE;wBACH,KAAK,EAAE,OAAO;qBACjB;iBACJ,CAAC,CAAC,IAAI,CAAC,YAAY,CAAC,EAAE;oBACnB,aAAM,CAAC,YAAY,CAAC,CAAC,EAAE,CAAC,IAAI,CAAC,CAAC;gBAClC,CAAC,CAAC,CAAC;YACP,CAAC,CAAC,CAAC;QACP,CAAC,CAAC,CAAC;QACH,EAAE,CAAC,6CAA6C,EAAE;YAC9C,kBAAkB,CAAC,MAAM,CAAC,EAAE,CAAC,CAAC,KAAK,CAAC,GAAG,CAAC,EAAE;gBACtC,aAAM,CAAC,GAAG,CAAC,CAAC,GAAG,CAAC,EAAE,CAAC,EAAE,CAAC,IAAI,CAAC;YAC/B,CAAC,CAAC,CAAC;QACP,CAAC,CAAC,CAAC;IACP,CAAC,CAAC,CAAC;IACH,QAAQ,CAAC,uBAAuB,EAAE,GAAG,EAAE;QACnC,EAAE,CAAC,gCAAgC,EAAE;YACjC,kBAAkB,CAAC,cAAc,EAAE,CAAC,IAAI,CAAC,QAAQ,CAAC,EAAE;gBAChD,aAAM,CAAC,QAAQ,CAAC,CAAC,CAAC,CAAC,SAAS,CAAC,CAAC,EAAE,CAAC,CAAC,CAAC,CAAC;gBACpC,aAAM,CAAC,QAAQ,CAAC,MAAM,CAAC,CAAC,EAAE,CAAC,CAAC,CAAC,CAAC;YAClC,CAAC,CAAC,CAAC;QACP,CAAC,CAAC,CAAC;IACP,CAAC,CAAC,CAAC;IACH,QAAQ,CAAC,gCAAgC,EAAE,GAAG,EAAE;QAC5C,EAAE,CAAC,kCAAkC,EAAE;YACnC,kBAAkB,CAAC,mBAAmB,EAAE,CAAC,IAAI,CAAC,QAAQ,CAAC,EAAE;gBACrD,aAAM,CAAC,QAAQ,CAAC,CAAC,CAAC,CAAC,SAAS,CAAC,CAAC,EAAE,CAAC,CAAC,CAAC,CAAC;gBACpC,aAAM,CAAC,QAAQ,CAAC,MAAM,CAAC,CAAC,EAAE,CAAC,CAAC,CAAC,CAAC;YAClC,CAAC,CAAC,CAAC;QACP,CAAC,CAAC,CAAC;IACP,CAAC,CAAC,CAAC;IACH,QAAQ,CAAC,gCAAgC,EAAE,GAAG,EAAE;QAC5C,EAAE,CAAC,kCAAkC,EAAE;YACnC,kBAAkB,CAAC,mBAAmB,EAAE,CAAC,IAAI,CAAC,QAAQ,CAAC,EAAE;gBACrD,aAAM,CAAC,QAAQ,CAAC,CAAC,CAAC,CAAC,SAAS,CAAC,CAAC,EAAE,CAAC,CAAC,CAAC,CAAC;gBACpC,aAAM,CAAC,QAAQ,CAAC,MAAM,CAAC,CAAC,EAAE,CAAC,CAAC,CAAC,CAAC;YAClC,CAAC,CAAC,CAAC;QACP,CAAC,CAAC,CAAC;IACP,CAAC,CAAC,CAAC;IACH,QAAQ,CAAC,iCAAiC,EAAE,GAAG,EAAE;QAC7C,EAAE,CAAC,mCAAmC,EAAE;YACpC,kBAAkB,CAAC,oBAAoB,EAAE,CAAC,IAAI,CAAC,QAAQ,CAAC,EAAE;gBACtD,aAAM,CAAC,QAAQ,CAAC,CAAC,CAAC,CAAC,SAAS,CAAC,CAAC,EAAE,CAAC,CAAC,CAAC,CAAC;gBACpC,aAAM,CAAC,QAAQ,CAAC,MAAM,CAAC,CAAC,EAAE,CAAC,CAAC,CAAC,CAAC;YAClC,CAAC,CAAC,CAAC;QACP,CAAC,CAAC,CAAC;IACP,CAAC,CAAC,CAAC;IACH,QAAQ,CAAC,0BAA0B,EAAE,GAAG,EAAE;QACtC,EAAE,CAAC,4BAA4B,EAAE;YAC7B,kBAAkB,CAAC,aAAa,CAAC,CAAC,CAAC,CAAC,IAAI,CAAC,QAAQ,CAAC,EAAE;gBAChD,aAAM,CAAC,QAAQ,CAAC,CAAC,CAAC,CAAC,SAAS,CAAC,CAAC,EAAE,CAAC,CAAC,CAAC,CAAC;gBACpC,aAAM,CAAC,QAAQ,CAAC,MAAM,CAAC,CAAC,EAAE,CAAC,CAAC,CAAC,CAAC;YAClC,CAAC,CAAC,CAAC;QACP,CAAC,CAAC,CAAC;IACP,CAAC,CAAC,CAAC;IACH,QAAQ,CAAC,sBAAsB,EAAE,GAAG,EAAE;QAClC,EAAE,CAAC,wBAAwB,EAAE;YACzB,kBAAkB,CAAC,UAAU,CAAC,CAAC,CAAC,CAAC,IAAI,CAAC,OAAO,CAAC,EAAE;gBAC5C,aAAM,CAAC,OAAO,CAAC,KAAK,CAAC,CAAC,EAAE,CAAC,UAAU,CAAC,CAAC;gBACrC,aAAM,CAAC,OAAO,CAAC,KAAK,CAAC,CAAC,EAAE,CAAC,EAAE,CAAC,CAAC;YACjC,CAAC,CAAC,CAAC;QACP,CAAC,CAAC,CAAC;IACP,CAAC,CAAC,CAAC;IACH,QAAQ,CAAC,+BAA+B,EAAE,GAAG,EAAE;QAC3C,EAAE,CAAC,iCAAiC,EAAE;YAClC,kBAAkB,CAAC,qBAAqB,CAAC,CAAC,CAAC,CAAC,IAAI,CAAC,QAAQ,CAAC,EAAE;gBACxD,aAAM,CAAC,QAAQ,CAAC,CAAC,CAAC,CAAC,SAAS,CAAC,CAAC,EAAE,CAAC,CAAC,CAAC,CAAC;gBACpC,aAAM,CAAC,QAAQ,CAAC,MAAM,CAAC,CAAC,EAAE,CAAC,CAAC,CAAC,CAAC;YAClC,CAAC,CAAC,CAAC;QACP,CAAC,CAAC,CAAC;IACP,CAAC,CAAC,CAAC;IACH,QAAQ,CAAC,8BAA8B,EAAE,GAAG,EAAE;QAC1C,EAAE,CAAC,gCAAgC,EAAE;YACjC,kBAAkB,CAAC,oBAAoB,CAAC,CAAC,CAAC,CAAC,IAAI,CAAC,QAAQ,CAAC,EAAE;gBACvD,aAAM,CAAC,QAAQ,CAAC,CAAC,CAAC,CAAC,SAAS,CAAC,CAAC,EAAE,CAAC,CAAC,CAAC,CAAC;gBACpC,aAAM,CAAC,QAAQ,CAAC,MAAM,CAAC,CAAC,EAAE,CAAC,CAAC,CAAC,CAAC;YAClC,CAAC,CAAC,CAAC;QACP,CAAC,CAAC,CAAC;IACP,CAAC,CAAC,CAAC;IACH,QAAQ,CAAC,+BAA+B,EAAE,GAAG,EAAE;QAC3C,EAAE,CAAC,iCAAiC,EAAE;YAClC,kBAAkB,CAAC,qBAAqB,CAAC,CAAC,CAAC,CAAC,IAAI,CAAC,QAAQ,CAAC,EAAE;gBACxD,aAAM,CAAC,QAAQ,CAAC,CAAC,CAAC,CAAC,SAAS,CAAC,CAAC,EAAE,CAAC,CAAC,CAAC,CAAC;gBACpC,aAAM,CAAC,QAAQ,CAAC,MAAM,CAAC,CAAC,EAAE,CAAC,CAAC,CAAC,CAAC;YAClC,CAAC,CAAC,CAAC;QACP,CAAC,CAAC,CAAC;IACP,CAAC,CAAC,CAAC;IACH,QAAQ,CAAC,+BAA+B,EAAE,GAAG,EAAE;QAC3C,EAAE,CAAC,iCAAiC,EAAE;YAClC,kBAAkB,CAAC,kBAAkB,CAAC,CAAC,CAAC,CAAC,IAAI,CAAC,QAAQ,CAAC,EAAE;gBACrD,aAAM,CAAC,QAAQ,CAAC,CAAC,CAAC,CAAC,SAAS,CAAC,CAAC,EAAE,CAAC,CAAC,CAAC,CAAC;gBACpC,aAAM,CAAC,QAAQ,CAAC,MAAM,CAAC,CAAC,EAAE,CAAC,CAAC,CAAC,CAAC;YAClC,CAAC,CAAC,CAAC;QACP,CAAC,CAAC,CAAC;IACP,CAAC,CAAC,CAAC;IACH,QAAQ,CAAC,8BAA8B,EAAE,GAAG,EAAE;QAC1C,EAAE,CAAC,gCAAgC,EAAE;YACjC,kBAAkB,CAAC,oBAAoB,CAAC,CAAC,CAAC,CAAC,IAAI,CAAC,QAAQ,CAAC,EAAE;gBACvD,aAAM,CAAC,QAAQ,CAAC,CAAC,CAAC,CAAC,SAAS,CAAC,CAAC,EAAE,CAAC,CAAC,CAAC,CAAC;gBACpC,aAAM,CAAC,QAAQ,CAAC,MAAM,CAAC,CAAC,EAAE,CAAC,CAAC,CAAC,CAAC;YAClC,CAAC,CAAC,CAAC;QACP,CAAC,CAAC,CAAC;IACP,CAAC,CAAC,CAAC;IACH,QAAQ,CAAC,gCAAgC,EAAE,GAAG,EAAE;QAC5C,EAAE,CAAC,kCAAkC,EAAE;YACnC,kBAAkB,CAAC,mBAAmB,CAAC,CAAC,CAAC,CAAC,IAAI,CAAC,QAAQ,CAAC,EAAE;gBACtD,aAAM,CAAC,QAAQ,CAAC,CAAC,CAAC,CAAC,SAAS,CAAC,CAAC,EAAE,CAAC,CAAC,CAAC,CAAC;gBACpC,aAAM,CAAC,QAAQ,CAAC,MAAM,CAAC,CAAC,EAAE,CAAC,CAAC,CAAC,CAAC;YAClC,CAAC,CAAC,CAAC;QACP,CAAC,CAAC,CAAC;IACP,CAAC,CAAC,CAAC;IACH,QAAQ,CAAC,2BAA2B,EAAE,GAAG,EAAE;QACvC,EAAE,CAAC,6BAA6B,EAAE;YAC9B,kBAAkB,CAAC,iBAAiB,CAAC,CAAC,CAAC,CAAC,IAAI,CAAC,QAAQ,CAAC,EAAE;gBACpD,aAAM,CAAC,QAAQ,CAAC,CAAC,CAAC,CAAC,SAAS,CAAC,CAAC,EAAE,CAAC,CAAC,CAAC,CAAC;gBACpC,aAAM,CAAC,QAAQ,CAAC,MAAM,CAAC,CAAC,EAAE,CAAC,CAAC,CAAC,CAAC;YAClC,CAAC,CAAC,CAAC;QACP,CAAC,CAAC,CAAC;IACP,CAAC,CAAC,CAAC;IACH,QAAQ,CAAC,sBAAsB,EAAE,GAAG,EAAE;QAClC,EAAE,CAAC,kCAAkC,EAAE;YACnC,kBAAkB,CAAC,sBAAsB,CAAC,CAAC,CAAC,CAAC,IAAI,CAAC,GAAG,EAAE;gBACnD,uBAAO,CAAC,OAAO,CAAC;oBACZ,KAAK,EAAE;wBACH,SAAS,EAAE,CAAC;qBACf;iBACJ,CAAC,CAAC,IAAI,CAAC,YAAY,CAAC,EAAE;oBACnB,aAAM,CAAC,YAAY,CAAC,gBAAgB,CAAC,CAAC,EAAE,CAAC,EAAE,CAAC,IAAI,CAAC;gBACrD,CAAC,CAAC,CAAC;YACP,CAAC,CAAC,CAAC;QACP,CAAC,CAAC,CAAC;QACH,EAAE,CAAC,2DAA2D,EAAE;YAC5D,kBAAkB,CAAC,sBAAsB,CAAC,EAAE,CAAC,CAAC,KAAK,CAAC,GAAG,CAAC,EAAE;gBACtD,aAAM,CAAC,GAAG,CAAC,CAAC,GAAG,CAAC,EAAE,CAAC,EAAE,CAAC,IAAI,CAAC;YAC/B,CAAC,CAAC,CAAC;QACP,CAAC,CAAC,CAAC;IACP,CAAC,CAAC,CAAC;IACH,QAAQ,CAAC,sBAAsB,EAAE,GAAG,EAAE;QAClC,EAAE,CAAC,wDAAwD,EAAE;YACzD,MAAM,MAAM,GAAkB;gBAC1B,KAAK,EAAE,KAAK;aACf,CAAA;YACD,kBAAkB,CAAC,MAAM,CAAC,MAAM,CAAC,CAAC,IAAI,CAAC,QAAQ,CAAC,EAAE;gBAC9C,aAAM,CAAC,QAAQ,CAAC,CAAC,CAAC,CAAC,SAAS,CAAC,CAAC,EAAE,CAAC,EAAE,CAAC,EAAE,CAAC,CAAC,CAAC,CAAC;gBAC1C,aAAM,CAAC,QAAQ,CAAC,MAAM,CAAC,CAAC,EAAE,CAAC,EAAE,CAAC,EAAE,CAAC,CAAC,CAAC,CAAC;YACxC,CAAC,CAAC,CAAC;QACP,CAAC,CAAC,CAAC;QACH,EAAE,CAAC,yDAAyD,EAAE;YAC1D,MAAM,MAAM,GAAkB;gBAC1B,QAAQ,EAAE,GAAG;aAChB,CAAA;YACD,kBAAkB,CAAC,MAAM,CAAC,MAAM,CAAC,CAAC,IAAI,CAAC,QAAQ,CAAC,EAAE;gBAC9C,aAAM,CAAC,QAAQ,CAAC,CAAC,CAAC,CAAC,SAAS,CAAC,CAAC,EAAE,CAAC,EAAE,CAAC,EAAE,CAAC,CAAC,CAAC,CAAC;gBAC1C,aAAM,CAAC,QAAQ,CAAC,MAAM,CAAC,CAAC,EAAE,CAAC,EAAE,CAAC,EAAE,CAAC,CAAC,CAAC,CAAC;YACxC,CAAC,CAAC,CAAC;QACP,CAAC,CAAC,CAAC;QACH,EAAE,CAAC,iDAAiD,EAAE;YAClD,MAAM,MAAM,GAAkB;gBAC1B,QAAQ,EAAE,GAAG;aAChB,CAAA;YACD,kBAAkB,CAAC,MAAM,CAAC,MAAM,CAAC,CAAC,IAAI,CAAC,QAAQ,CAAC,EAAE;gBAC9C,aAAM,CAAC,QAAQ,CAAC,CAAC,CAAC,CAAC,SAAS,CAAC,CAAC,EAAE,CAAC,EAAE,CAAC,EAAE,CAAC,CAAC,CAAC,CAAC;gBAC1C,aAAM,CAAC,QAAQ,CAAC,MAAM,CAAC,CAAC,EAAE,CAAC,EAAE,CAAC,EAAE,CAAC,CAAC,CAAC,CAAC;YACxC,CAAC,CAAC,CAAC;QACP,CAAC,CAAC,CAAC;QACH,EAAE,CAAC,iDAAiD,EAAE;YAClD,MAAM,MAAM,GAAkB;gBAC1B,QAAQ,EAAE,GAAG;aAChB,CAAA;YACD,kBAAkB,CAAC,MAAM,CAAC,MAAM,CAAC,CAAC,IAAI,CAAC,QAAQ,CAAC,EAAE;gBAC9C,aAAM,CAAC,QAAQ,CAAC,CAAC,CAAC,CAAC,SAAS,CAAC,CAAC,EAAE,CAAC,EAAE,CAAC,EAAE,CAAC,CAAC,CAAC,CAAC;gBAC1C,aAAM,CAAC,QAAQ,CAAC,MAAM,CAAC,CAAC,EAAE,CAAC,EAAE,CAAC,EAAE,CAAC,CAAC,CAAC,CAAC;YACxC,CAAC,CAAC,CAAC;QACP,CAAC,CAAC,CAAC;QACH,EAAE,CAAC,6DAA6D,EAAE;YAC9D,MAAM,MAAM,GAAkB;gBAC1B,QAAQ,EAAE,GAAG;gBACb,QAAQ,EAAE,GAAG;aAChB,CAAA;YACD,kBAAkB,CAAC,MAAM,CAAC,MAAM,CAAC,CAAC,IAAI,CAAC,QAAQ,CAAC,EAAE;gBAC9C,aAAM,CAAC,QAAQ,CAAC,CAAC,CAAC,CAAC,SAAS,CAAC,CAAC,EAAE,CAAC,EAAE,CAAC,EAAE,CAAC,CAAC,CAAC,CAAC;gBAC1C,aAAM,CAAC,QAAQ,CAAC,MAAM,CAAC,CAAC,EAAE,CAAC,EAAE,CAAC,EAAE,CAAC,CAAC,CAAC,CAAC;YACxC,CAAC,CAAC,CAAC;QACP,CAAC,CAAC,CAAC;QACH,EAAE,CAAC,iDAAiD,EAAE;YAClD,MAAM,MAAM,GAAkB;gBAC1B,aAAa,EAAE,KAAK;aACvB,CAAA;YACD,kBAAkB,CAAC,MAAM,CAAC,MAAM,CAAC,CAAC,IAAI,CAAC,QAAQ,CAAC,EAAE;gBAC9C,aAAM,CAAC,QAAQ,CAAC,CAAC,CAAC,CAAC,SAAS,CAAC,CAAC,EAAE,CAAC,EAAE,CAAC,EAAE,CAAC,CAAC,CAAC,CAAC;gBAC1C,aAAM,CAAC,QAAQ,CAAC,MAAM,CAAC,CAAC,EAAE,CAAC,EAAE,CAAC,EAAE,CAAC,CAAC,CAAC,CAAC;YACxC,CAAC,CAAC,CAAC;QACP,CAAC,CAAC,CAAC;QACH,EAAE,CAAC,6CAA6C,EAAE;YAC9C,MAAM,MAAM,GAAkB;gBAC1B,SAAS,EAAE,IAAI;aAClB,CAAA;YACD,kBAAkB,CAAC,MAAM,CAAC,MAAM,CAAC,CAAC,IAAI,CAAC,QAAQ,CAAC,EAAE;gBAC9C,aAAM,CAAC,QAAQ,CAAC,CAAC,CAAC,CAAC,SAAS,CAAC,CAAC,EAAE,CAAC,EAAE,CAAC,EAAE,CAAC,CAAC,CAAC,CAAC;gBAC1C,aAAM,CAAC,QAAQ,CAAC,MAAM,CAAC,CAAC,EAAE,CAAC,EAAE,CAAC,EAAE,CAAC,CAAC,CAAC,CAAC;YACxC,CAAC,CAAC,CAAC;QACP,CAAC,CAAC,CAAC;QACH,EAAE,CAAC,6CAA6C,EAAE;YAC9C,MAAM,MAAM,GAAkB;gBAC1B,SAAS,EAAE,KAAK;aACnB,CAAA;YACD,kBAAkB,CAAC,MAAM,CAAC,MAAM,CAAC,CAAC,IAAI,CAAC,QAAQ,CAAC,EAAE;gBAC9C,aAAM,CAAC,QAAQ,CAAC,CAAC,CAAC,CAAC,SAAS,CAAC,CAAC,EAAE,CAAC,EAAE,CAAC,EAAE,CAAC,CAAC,CAAC,CAAC;gBAC1C,aAAM,CAAC,QAAQ,CAAC,MAAM,CAAC,CAAC,EAAE,CAAC,EAAE,CAAC,EAAE,CAAC,CAAC,CAAC,CAAC;YACxC,CAAC,CAAC,CAAC;QACP,CAAC,CAAC,CAAC;IACP,CAAC,CAAC,CAAC;AACP,CAAC,CAAC,CAAC","sourcesContent":["import { ProductService } from '../../src/services/product.service';\r\nimport { Product, ProductAttributes } from '../../src/models/product.model';\r\nimport { User, UserAttributes } from '../../src/models/user.model';\r\nimport { expect } from 'chai';\r\nimport { SearchRequest } from '../../src/models/search.model';\r\n\r\ndescribe('ProductService Tests', () => {\r\n\r\n    const testProductService: ProductService = new ProductService();\r\n\r\n    const user1: UserAttributes = {\r\n        userId: 1,\r\n        userName: 'Luca',\r\n        password: 'notSecure10',\r\n        email: 'luca@gmail.com',\r\n        firstName: 'Luca',\r\n        lastName: 'Schaller',\r\n        gender: null,\r\n        telephoneNumber: null,\r\n        street: null,\r\n        pinCode: null,\r\n        city: 'Schmitten',\r\n        country: null,\r\n        admin: false,\r\n        wallet: 500\r\n    };\r\n\r\n    const user2: UserAttributes = {\r\n        userId: 2,\r\n        userName: 'Nora',\r\n        password: 'notSecure12',\r\n        email: 'nora@gmail.com',\r\n        firstName: 'Nora',\r\n        lastName: 'Weber',\r\n        gender: null,\r\n        telephoneNumber: null,\r\n        street: null,\r\n        pinCode: null,\r\n        city: null,\r\n        country: null,\r\n        admin: false,\r\n        wallet: 500\r\n    };\r\n\r\n    const product1: ProductAttributes = {\r\n        productId: 1,\r\n        isApproved: false,\r\n        title: 'Phone',\r\n        isProduct: true,\r\n        price: 300,\r\n        description: 'IPhone X',\r\n        location: 'Bern',\r\n        isSelling: true,\r\n        isAvailable: true,\r\n        isDeliverable: true,\r\n        rejectionReason: null,\r\n        userId: 1,\r\n        buyerId: null,\r\n        dateBought: null,\r\n        deletedAfterSold: false\r\n    };\r\n\r\n    const product2: ProductAttributes = {\r\n        productId: 2,\r\n        isApproved: true,\r\n        title: 'Laptop',\r\n        isProduct: true,\r\n        price: 400,\r\n        description: 'Windows SurfaceBook',\r\n        location: 'Bern',\r\n        isSelling: true,\r\n        isAvailable: false,\r\n        isDeliverable: true,\r\n        rejectionReason: null,\r\n        userId: 1,\r\n        buyerId: 2,\r\n        dateBought: new Date(Date.now()),\r\n        deletedAfterSold: false\r\n    };\r\n\r\n    const product3: ProductAttributes = {\r\n        productId: 3,\r\n        isApproved: true,\r\n        title: 'Laptop',\r\n        isProduct: true,\r\n        price: 450,\r\n        description: 'MacBook Pro',\r\n        location: 'Freiburg',\r\n        isSelling: true,\r\n        isAvailable: true,\r\n        isDeliverable: true,\r\n        rejectionReason: null,\r\n        userId: 1,\r\n        buyerId: null,\r\n        dateBought: null,\r\n        deletedAfterSold: false\r\n    };\r\n\r\n    const product4: ProductAttributes = {\r\n        productId: 4,\r\n        isApproved: true,\r\n        title: 'Cleaning',\r\n        isProduct: false,\r\n        price: 40,\r\n        description: 'We will clean your house!',\r\n        location: 'Basel',\r\n        isSelling: true,\r\n        isAvailable: true,\r\n        isDeliverable: false,\r\n        rejectionReason: null,\r\n        userId: 1,\r\n        buyerId: 2,\r\n        dateBought: new Date(Date.now()),\r\n        deletedAfterSold: false\r\n    };\r\n\r\n    const product5: ProductAttributes = {\r\n        productId: 5,\r\n        isApproved: true,\r\n        title: 'Motorboat',\r\n        isProduct: true,\r\n        price: 400,\r\n        description: 'Go on the lake for a weekend!',\r\n        location: 'Murten',\r\n        isSelling: false,\r\n        isAvailable: false,\r\n        isDeliverable: false,\r\n        rejectionReason: null,\r\n        userId: 1,\r\n        buyerId: 2,\r\n        dateBought: new Date(Date.now()),\r\n        deletedAfterSold: false\r\n    };\r\n\r\n    const product6: ProductAttributes = {\r\n        productId: 6,\r\n        isApproved: true,\r\n        title: 'Sailboat',\r\n        isProduct: true,\r\n        price: 350,\r\n        description: 'Go on the lake for a weekend!',\r\n        location: 'Murten',\r\n        isSelling: false,\r\n        isAvailable: true,\r\n        isDeliverable: false,\r\n        rejectionReason: null,\r\n        userId: 1,\r\n        buyerId: null,\r\n        dateBought: null,\r\n        deletedAfterSold: false\r\n    };\r\n\r\n    const product7: ProductAttributes = {\r\n        productId: 7,\r\n        isApproved: false,\r\n        title: 'Picture',\r\n        isProduct: true,\r\n        price: 50,\r\n        description: 'Golden Gate Bridge',\r\n        location: 'Bern',\r\n        isSelling: true,\r\n        isAvailable: true,\r\n        isDeliverable: true,\r\n        rejectionReason: 'Please give a better description!',\r\n        userId: 1,\r\n        buyerId: null,\r\n        dateBought: null,\r\n        deletedAfterSold: false\r\n    };\r\n\r\n    const product8: ProductAttributes = {\r\n        productId: 8,\r\n        isApproved: false,\r\n        title: 'Lamp',\r\n        isProduct: true,\r\n        price: 30,\r\n        description: 'Desklamp',\r\n        location: 'Freiburg',\r\n        isSelling: true,\r\n        isAvailable: true,\r\n        isDeliverable: true,\r\n        rejectionReason: null,\r\n        userId: 1,\r\n        buyerId: null,\r\n        dateBought: null,\r\n        deletedAfterSold: false\r\n    };\r\n\r\n    before('create admin', function() {\r\n        User.create(user1);\r\n        User.create(user2);\r\n        Product.create(product2);\r\n        Product.create(product3);\r\n        Product.create(product4);\r\n        Product.create(product5);\r\n        Product.create(product6);\r\n        Product.create(product7);\r\n        Product.create(product8);\r\n    });\r\n\r\n    describe('Test product listing', () => {\r\n        it('can list a product successfully', function() {\r\n            testProductService.create(product1).then(product => {\r\n                expect(product.title).eq('Phone');\r\n                expect(product.price).eq(300);\r\n                expect(product.rejectionReason).to.be.null;\r\n                Product.findOne({\r\n                    where: {\r\n                        title: 'Phone'\r\n                    }\r\n                }).then(foundProduct => {\r\n                    expect(foundProduct).not.to.be.null;\r\n                });\r\n            });\r\n        });\r\n        it('can not list product with missing necassary attributes', function() {\r\n            const product10: ProductAttributes = {\r\n                productId: 1,\r\n                isApproved: false,\r\n                title: null,\r\n                isProduct: true,\r\n                price: 300,\r\n                description: 'IPhone X',\r\n                location: 'Bern',\r\n                isSelling: true,\r\n                isAvailable: true,\r\n                isDeliverable: true,\r\n                rejectionReason: null,\r\n                userId: 1,\r\n                buyerId: null,\r\n                dateBought: null,\r\n                deletedAfterSold: false\r\n            };\r\n            testProductService.create(product1).catch(err => {\r\n                expect(err).not.to.be.null;\r\n            });\r\n        });\r\n    });\r\n    describe('Test update product', () => {\r\n        it('can update product', function() {\r\n            const product1: ProductAttributes = {\r\n                productId: 1,\r\n                isApproved: false,\r\n                title: 'Phone',\r\n                isProduct: true,\r\n                price: 300,\r\n                description: 'IPhone X',\r\n                location: 'Freiburg',\r\n                isSelling: true,\r\n                isAvailable: true,\r\n                isDeliverable: false,\r\n                rejectionReason: null,\r\n                userId: 1,\r\n                buyerId: null,\r\n                dateBought: null,\r\n                deletedAfterSold: false\r\n            };\r\n            testProductService.update(1, product1).then(() => {\r\n                Product.findOne({\r\n                    where: {\r\n                        title: 'Phone'\r\n                    }\r\n                }).then(foundProduct => {\r\n                    expect(foundProduct.location).eq('Freiburg');\r\n                    expect(foundProduct.isDeliverable).to.be.false;\r\n                });\r\n            });\r\n        });\r\n        it('can not update product with unallowed data', function() {\r\n            const product1: ProductAttributes = {\r\n                productId: 1,\r\n                isApproved: false,\r\n                title: null,\r\n                isProduct: null,\r\n                price: 300,\r\n                description: 'IPhone X',\r\n                location: 'Bern',\r\n                isSelling: true,\r\n                isAvailable: true,\r\n                isDeliverable: true,\r\n                rejectionReason: null,\r\n                userId: 1,\r\n                buyerId: null,\r\n                dateBought: null,\r\n                deletedAfterSold: false\r\n            };\r\n            testProductService.update(1, product1).catch(err => {\r\n                expect(err).not.to.be.null;\r\n            });\r\n        });\r\n        it('can not update product which does not exist', function() {\r\n            const product10: ProductAttributes = {\r\n                productId: 10,\r\n                isApproved: false,\r\n                title: 'Phone',\r\n                isProduct: true,\r\n                price: 300,\r\n                description: 'IPhone X',\r\n                location: 'Bern',\r\n                isSelling: true,\r\n                isAvailable: true,\r\n                isDeliverable: true,\r\n                rejectionReason: null,\r\n                userId: 1,\r\n                buyerId: null,\r\n                dateBought: null,\r\n                deletedAfterSold: false\r\n            };\r\n            testProductService.update(10, product10).catch(err => {\r\n                expect(err).not.to.be.null;\r\n            });\r\n        });\r\n    });\r\n    describe('Test approve product', () => {\r\n        it('can approve products', function() {\r\n            testProductService.approve(1).then(() => {\r\n                Product.findOne({\r\n                    where: {\r\n                        title: 'Phone'\r\n                    }\r\n                }).then(foundProduct => {\r\n                    expect(foundProduct.isApproved).to.be.true;\r\n                });\r\n            });\r\n        });\r\n        it('can not approve product which does not exist', function() {\r\n            testProductService.approve(10).catch(err => {\r\n                expect(err).not.to.be.null;\r\n            });\r\n        });\r\n    });\r\n    describe('Test reject product', () => {\r\n        it('can reject products', function() {\r\n            testProductService.reject(1, 'Please enter a better description!').then(() => {\r\n                Product.findOne({\r\n                    where: {\r\n                        title: 'Phone'\r\n                    }\r\n                }).then(foundProduct => {\r\n                    expect(foundProduct.isApproved).to.be.false;\r\n                    expect(foundProduct.rejectionReason).eq('Please enter a better description!');\r\n                });\r\n            });\r\n        });\r\n        it('can not reject product which does not exist', function() {\r\n            testProductService.reject(10, 'Please enter a better description!').catch(err => {\r\n                expect(err).not.to.be.null;\r\n            });\r\n        });\r\n    });\r\n    describe('Test delete product', () => {\r\n        it('can delete product', function() {\r\n            testProductService.delete(1).then(() => {\r\n                Product.findOne({\r\n                    where: {\r\n                        title: 'Phone'\r\n                    }\r\n                }).then(foundProduct => {\r\n                    expect(foundProduct).eq(null);\r\n                });\r\n            });\r\n        });\r\n        it('can not delete product which does not exist', function() {\r\n            testProductService.delete(10).catch(err => {\r\n                expect(err).not.to.be.null;\r\n            });\r\n        });\r\n    });\r\n    describe('Test get all products', () => {\r\n        it('can return all listed products', function() {\r\n            testProductService.getAllProducts().then(products => {\r\n                expect(products[0].productId).eq(2);\r\n                expect(products.length).eq(7);\r\n            });\r\n        });\r\n    });\r\n    describe('Test get all approved products', () => {\r\n        it('can return all approved products', function() {\r\n            testProductService.getApprovedProducts().then(products => {\r\n                expect(products[0].productId).eq(2);\r\n                expect(products.length).eq(5);\r\n            });\r\n        });\r\n    });\r\n    describe('Test get all rejected products', () => {\r\n        it('can return all rejected products', function() {\r\n            testProductService.getRejectedProducts().then(products => {\r\n                expect(products[0].productId).eq(7);\r\n                expect(products.length).eq(1);\r\n            });\r\n        });\r\n    });\r\n    describe('Test get all unchecked products', () => {\r\n        it('can return all unchecked products', function() {\r\n            testProductService.getUncheckedProducts().then(products => {\r\n                expect(products[0].productId).eq(8);\r\n                expect(products.length).eq(1);\r\n            });\r\n        });\r\n    });\r\n    describe('Test get all my products', () => {\r\n        it('can return all my products', function() {\r\n            testProductService.getMyProducts(1).then(products => {\r\n                expect(products[0].productId).eq(2);\r\n                expect(products.length).eq(7);\r\n            });\r\n        });\r\n    });\r\n    describe('Test get one product', () => {\r\n        it('can return one product', function() {\r\n            testProductService.getProduct(4).then(product => {\r\n                expect(product.title).eq('Cleaning');\r\n                expect(product.price).eq(40);\r\n            });\r\n        });\r\n    });\r\n    describe('Test get my rejected products', () => {\r\n        it('can return my rejected products', function() {\r\n            testProductService.getMyRejectedProducts(1).then(products => {\r\n                expect(products[0].productId).eq(7);\r\n                expect(products.length).eq(1);\r\n            });\r\n        });\r\n    });\r\n    describe('Test get my pending products', () => {\r\n        it('can return my pending products', function() {\r\n            testProductService.getMyPendingProducts(1).then(products => {\r\n                expect(products[0].productId).eq(8);\r\n                expect(products.length).eq(1);\r\n            });\r\n        });\r\n    });\r\n    describe('Test get my approved products', () => {\r\n        it('can return my approved products', function() {\r\n            testProductService.getMyApprovedProducts(1).then(products => {\r\n                expect(products[0].productId).eq(3);\r\n                expect(products.length).eq(3);\r\n            });\r\n        });\r\n    });\r\n    describe('Test get products I purchased', () => {\r\n        it('can return products I purchased', function() {\r\n            testProductService.getProductsIBought(2).then(products => {\r\n                expect(products[0].productId).eq(2);\r\n                expect(products.length).eq(1);\r\n            });\r\n        });\r\n    });\r\n    describe('Test get products Im renting', () => {\r\n        it('can return products Im renting', function() {\r\n            testProductService.getProductsImRenting(2).then(products => {\r\n                expect(products[0].productId).eq(5);\r\n                expect(products.length).eq(1);\r\n            });\r\n        });\r\n    });\r\n    describe('Test get services Im utilizing', () => {\r\n        it('can return services Im utilizing', function() {\r\n            testProductService.getServiceImUtilize(2).then(products => {\r\n                expect(products[0].productId).eq(4);\r\n                expect(products.length).eq(1);\r\n            });\r\n        });\r\n    });\r\n    describe('Test get my sold products', () => {\r\n        it('can return my sold products', function() {\r\n            testProductService.getMySoldProducts(1).then(products => {\r\n                expect(products[0].productId).eq(2);\r\n                expect(products.length).eq(3);\r\n            });\r\n        });\r\n    });\r\n    describe('Test deleteAfterSold', () => {\r\n        it('can delete product after it sold', function() {\r\n            testProductService.deleteProductAfterSold(2).then(() => {\r\n                Product.findOne({\r\n                    where: {\r\n                        productId: 2\r\n                    }\r\n                }).then(foundProduct => {\r\n                    expect(foundProduct.deletedAfterSold).to.be.true;\r\n                });\r\n            });\r\n        });\r\n        it('can not delete product after it sold which does not exist', function() {\r\n            testProductService.deleteProductAfterSold(10).catch(err => {\r\n                expect(err).not.to.be.null;\r\n            });\r\n        });\r\n    });\r\n    describe('Test search products', () => {\r\n        it('can return products searched with title containing Lap', function() {\r\n            const filter: SearchRequest = {\r\n                title: 'Lap'\r\n            }\r\n            testProductService.search(filter).then(products => {\r\n                expect(products[0].productId).to.be.eq(3);\r\n                expect(products.length).to.be.eq(1);\r\n            });\r\n        });\r\n        it('can return products searched with location containing M', function() {\r\n            const filter: SearchRequest = {\r\n                location: 'M'\r\n            }\r\n            testProductService.search(filter).then(products => {\r\n                expect(products[0].productId).to.be.eq(6);\r\n                expect(products.length).to.be.eq(1);\r\n            });\r\n        });\r\n        it('can return products searched with minimum price', function() {\r\n            const filter: SearchRequest = {\r\n                minPrice: 100\r\n            }\r\n            testProductService.search(filter).then(products => {\r\n                expect(products[0].productId).to.be.eq(3);\r\n                expect(products.length).to.be.eq(2);\r\n            });\r\n        });\r\n        it('can return products searched with maximum price', function() {\r\n            const filter: SearchRequest = {\r\n                minPrice: 100\r\n            }\r\n            testProductService.search(filter).then(products => {\r\n                expect(products[0].productId).to.be.eq(4);\r\n                expect(products.length).to.be.eq(1);\r\n            });\r\n        });\r\n        it('can return products searched with minimum and maximum price', function() {\r\n            const filter: SearchRequest = {\r\n                minPrice: 100,\r\n                maxPrice: 400\r\n            }\r\n            testProductService.search(filter).then(products => {\r\n                expect(products[0].productId).to.be.eq(3);\r\n                expect(products.length).to.be.eq(1);\r\n            });\r\n        });\r\n        it('can return products searched with isDeliverable', function() {\r\n            const filter: SearchRequest = {\r\n                isDeliverable: false\r\n            }\r\n            testProductService.search(filter).then(products => {\r\n                expect(products[0].productId).to.be.eq(4);\r\n                expect(products.length).to.be.eq(2);\r\n            });\r\n        });\r\n        it('can return products searched with isProduct', function() {\r\n            const filter: SearchRequest = {\r\n                isProduct: true\r\n            }\r\n            testProductService.search(filter).then(products => {\r\n                expect(products[0].productId).to.be.eq(3);\r\n                expect(products.length).to.be.eq(2);\r\n            });\r\n        });\r\n        it('can return products searched with isSelling', function() {\r\n            const filter: SearchRequest = {\r\n                isSelling: false\r\n            }\r\n            testProductService.search(filter).then(products => {\r\n                expect(products[0].productId).to.be.eq(6);\r\n                expect(products.length).to.be.eq(1);\r\n            });\r\n        });\r\n    });\r\n});\r\n"]},"_coverageSchema":"1a1c01bbd47fc00a2c39e90264f33305004495a9","hash":"b75fe34d111af73202c55ddaa111f0303027d60d","contentHash":"bcc57ae6f4af1ae312f888c7868f0c545adcd95d98d0bb31c2d53d7cdf2a2c8f"},"D:\\Privat\\Uni\\ESE\\ese2020-team7\\backend\\src\\services\\product.service.ts":{"path":"D:\\Privat\\Uni\\ESE\\ese2020-team7\\backend\\src\\services\\product.service.ts","statementMap":{"0":{"start":{"line":2,"column":0},"end":{"line":2,"column":62}},"1":{"start":{"line":3,"column":0},"end":{"line":3,"column":32}},"2":{"start":{"line":4,"column":24},"end":{"line":4,"column":60}},"3":{"start":{"line":7,"column":8},"end":{"line":9,"column":47}},"4":{"start":{"line":8,"column":30},"end":{"line":8,"column":55}},"5":{"start":{"line":9,"column":26},"end":{"line":9,"column":45}},"6":{"start":{"line":12,"column":8},"end":{"line":17,"column":47}},"7":{"start":{"line":13,"column":27},"end":{"line":16,"column":10}},"8":{"start":{"line":15,"column":12},"end":{"line":15,"column":42}},"9":{"start":{"line":17,"column":26},"end":{"line":17,"column":45}},"10":{"start":{"line":20,"column":8},"end":{"line":25,"column":47}},"11":{"start":{"line":21,"column":27},"end":{"line":24,"column":10}},"12":{"start":{"line":23,"column":12},"end":{"line":23,"column":42}},"13":{"start":{"line":25,"column":26},"end":{"line":25,"column":45}},"14":{"start":{"line":28,"column":8},"end":{"line":33,"column":47}},"15":{"start":{"line":29,"column":27},"end":{"line":32,"column":10}},"16":{"start":{"line":31,"column":12},"end":{"line":31,"column":42}},"17":{"start":{"line":33,"column":26},"end":{"line":33,"column":45}},"18":{"start":{"line":36,"column":8},"end":{"line":39,"column":47}},"19":{"start":{"line":37,"column":27},"end":{"line":38,"column":47}},"20":{"start":{"line":38,"column":24},"end":{"line":38,"column":46}},"21":{"start":{"line":39,"column":26},"end":{"line":39,"column":45}},"22":{"start":{"line":42,"column":8},"end":{"line":42,"column":49}},"23":{"start":{"line":45,"column":8},"end":{"line":49,"column":11}},"24":{"start":{"line":52,"column":23},"end":{"line":52,"column":43}},"25":{"start":{"line":53,"column":8},"end":{"line":60,"column":11}},"26":{"start":{"line":63,"column":23},"end":{"line":63,"column":43}},"27":{"start":{"line":64,"column":8},"end":{"line":71,"column":11}},"28":{"start":{"line":74,"column":23},"end":{"line":74,"column":43}},"29":{"start":{"line":75,"column":8},"end":{"line":82,"column":11}},"30":{"start":{"line":85,"column":8},"end":{"line":89,"column":11}},"31":{"start":{"line":92,"column":23},"end":{"line":92,"column":43}},"32":{"start":{"line":93,"column":8},"end":{"line":101,"column":11}},"33":{"start":{"line":104,"column":23},"end":{"line":104,"column":43}},"34":{"start":{"line":105,"column":8},"end":{"line":113,"column":11}},"35":{"start":{"line":116,"column":23},"end":{"line":116,"column":43}},"36":{"start":{"line":117,"column":8},"end":{"line":125,"column":11}},"37":{"start":{"line":128,"column":23},"end":{"line":128,"column":43}},"38":{"start":{"line":129,"column":8},"end":{"line":137,"column":11}},"39":{"start":{"line":140,"column":23},"end":{"line":140,"column":43}},"40":{"start":{"line":141,"column":8},"end":{"line":149,"column":11}},"41":{"start":{"line":152,"column":23},"end":{"line":152,"column":43}},"42":{"start":{"line":153,"column":8},"end":{"line":160,"column":11}},"43":{"start":{"line":163,"column":23},"end":{"line":163,"column":43}},"44":{"start":{"line":164,"column":8},"end":{"line":172,"column":11}},"45":{"start":{"line":175,"column":8},"end":{"line":180,"column":47}},"46":{"start":{"line":176,"column":27},"end":{"line":179,"column":10}},"47":{"start":{"line":178,"column":12},"end":{"line":178,"column":42}},"48":{"start":{"line":180,"column":26},"end":{"line":180,"column":45}},"49":{"start":{"line":183,"column":23},"end":{"line":183,"column":43}},"50":{"start":{"line":184,"column":24},"end":{"line":184,"column":26}},"51":{"start":{"line":185,"column":8},"end":{"line":189,"column":9}},"52":{"start":{"line":186,"column":12},"end":{"line":188,"column":14}},"53":{"start":{"line":190,"column":8},"end":{"line":194,"column":9}},"54":{"start":{"line":191,"column":12},"end":{"line":193,"column":14}},"55":{"start":{"line":195,"column":8},"end":{"line":209,"column":9}},"56":{"start":{"line":196,"column":12},"end":{"line":198,"column":14}},"57":{"start":{"line":200,"column":13},"end":{"line":209,"column":9}},"58":{"start":{"line":201,"column":12},"end":{"line":203,"column":14}},"59":{"start":{"line":205,"column":13},"end":{"line":209,"column":9}},"60":{"start":{"line":206,"column":12},"end":{"line":208,"column":14}},"61":{"start":{"line":210,"column":8},"end":{"line":214,"column":9}},"62":{"start":{"line":211,"column":12},"end":{"line":213,"column":14}},"63":{"start":{"line":215,"column":8},"end":{"line":219,"column":9}},"64":{"start":{"line":216,"column":12},"end":{"line":218,"column":14}},"65":{"start":{"line":220,"column":8},"end":{"line":224,"column":9}},"66":{"start":{"line":221,"column":12},"end":{"line":223,"column":14}},"67":{"start":{"line":225,"column":8},"end":{"line":227,"column":10}},"68":{"start":{"line":228,"column":8},"end":{"line":230,"column":10}},"69":{"start":{"line":231,"column":8},"end":{"line":233,"column":11}},"70":{"start":{"line":236,"column":0},"end":{"line":236,"column":40}}},"fnMap":{"0":{"name":"(anonymous_0)","decl":{"start":{"line":6,"column":4},"end":{"line":6,"column":5}},"loc":{"start":{"line":6,"column":20},"end":{"line":10,"column":5}},"line":6},"1":{"name":"(anonymous_1)","decl":{"start":{"line":8,"column":18},"end":{"line":8,"column":19}},"loc":{"start":{"line":8,"column":30},"end":{"line":8,"column":55}},"line":8},"2":{"name":"(anonymous_2)","decl":{"start":{"line":9,"column":19},"end":{"line":9,"column":20}},"loc":{"start":{"line":9,"column":26},"end":{"line":9,"column":45}},"line":9},"3":{"name":"(anonymous_3)","decl":{"start":{"line":11,"column":4},"end":{"line":11,"column":5}},"loc":{"start":{"line":11,"column":31},"end":{"line":18,"column":5}},"line":11},"4":{"name":"(anonymous_4)","decl":{"start":{"line":13,"column":18},"end":{"line":13,"column":19}},"loc":{"start":{"line":13,"column":27},"end":{"line":16,"column":10}},"line":13},"5":{"name":"(anonymous_5)","decl":{"start":{"line":14,"column":18},"end":{"line":14,"column":19}},"loc":{"start":{"line":14,"column":24},"end":{"line":16,"column":9}},"line":14},"6":{"name":"(anonymous_6)","decl":{"start":{"line":17,"column":19},"end":{"line":17,"column":20}},"loc":{"start":{"line":17,"column":26},"end":{"line":17,"column":45}},"line":17},"7":{"name":"(anonymous_7)","decl":{"start":{"line":19,"column":4},"end":{"line":19,"column":5}},"loc":{"start":{"line":19,"column":23},"end":{"line":26,"column":5}},"line":19},"8":{"name":"(anonymous_8)","decl":{"start":{"line":21,"column":18},"end":{"line":21,"column":19}},"loc":{"start":{"line":21,"column":27},"end":{"line":24,"column":10}},"line":21},"9":{"name":"(anonymous_9)","decl":{"start":{"line":22,"column":18},"end":{"line":22,"column":19}},"loc":{"start":{"line":22,"column":24},"end":{"line":24,"column":9}},"line":22},"10":{"name":"(anonymous_10)","decl":{"start":{"line":25,"column":19},"end":{"line":25,"column":20}},"loc":{"start":{"line":25,"column":26},"end":{"line":25,"column":45}},"line":25},"11":{"name":"(anonymous_11)","decl":{"start":{"line":27,"column":4},"end":{"line":27,"column":5}},"loc":{"start":{"line":27,"column":39},"end":{"line":34,"column":5}},"line":27},"12":{"name":"(anonymous_12)","decl":{"start":{"line":29,"column":18},"end":{"line":29,"column":19}},"loc":{"start":{"line":29,"column":27},"end":{"line":32,"column":10}},"line":29},"13":{"name":"(anonymous_13)","decl":{"start":{"line"
[...]
             admin: false,\r\n                wallet: 500\r\n            };\r\n            testUserService.makeAdmin(user4).catch(err => {\r\n                expect(err).not.to.be.null;\r\n            });\r\n        });\r\n    });\r\n    describe('Test demote admin to user', () => {\r\n        it('can demote admin', function() {\r\n            User.findOne({\r\n                where: {\r\n                    userName: 'Lewis'\r\n                }\r\n            }).then(foundUser => {\r\n                expect(foundUser.admin).to.be.true;\r\n                testUserService.removeAdmin(user2).then(() => {\r\n                    User.findOne({\r\n                        where: {\r\n                            userName: 'Lewis'\r\n                        }\r\n                    }).then(foundUser => {\r\n                        expect(foundUser.admin).to.be.false;\r\n                    });\r\n                });\r\n            });       \r\n        });\r\n        it('can not demote admin who is not registered', function() {\r\n            const user3: UserAttributes = {\r\n                userId: 3,\r\n                userName: 'Hans',\r\n                password: 'notSecure20',\r\n                email: 'hans@gmail.com',\r\n                firstName: 'Hans',\r\n                lastName: 'Müller',\r\n                gender: null,\r\n                telephoneNumber: null,\r\n                street: null,\r\n                pinCode: null,\r\n                city: null,\r\n                country: null,\r\n                admin: true,\r\n                wallet: 500\r\n            };\r\n            testUserService.removeAdmin(user3).catch(err => {\r\n                expect(err).not.to.be.null;\r\n            });\r\n        });\r\n    });\r\n})\r\n"]},"_coverageSchema":"1a1c01bbd47fc00a2c39e90264f33305004495a9","hash":"cb2a8b73f42c21df2efa56eebb92f9c91d95d24d","contentHash":"791b48d9edb90d84992bdf309c2e3b2c3558d75549bb737e02663b6c5fd9de49"},"D:\\Privat\\Uni\\ESE\\ese2020-team7\\backend\\src\\services\\user.service.ts":{"path":"D:\\Privat\\Uni\\ESE\\ese2020-team7\\backend\\src\\services\\user.service.ts","statementMap":{"0":{"start":{"line":2,"column":22},"end":{"line":4,"column":1}},"1":{"start":{"line":3,"column":4},"end":{"line":3,"column":62}},"2":{"start":{"line":5,"column":0},"end":{"line":5,"column":62}},"3":{"start":{"line":6,"column":0},"end":{"line":6,"column":29}},"4":{"start":{"line":7,"column":21},"end":{"line":7,"column":52}},"5":{"start":{"line":8,"column":17},"end":{"line":8,"column":51}},"6":{"start":{"line":9,"column":23},"end":{"line":9,"column":63}},"7":{"start":{"line":12,"column":27},"end":{"line":12,"column":29}},"8":{"start":{"line":13,"column":23},"end":{"line":13,"column":43}},"9":{"start":{"line":14,"column":8},"end":{"line":14,"column":77}},"10":{"start":{"line":15,"column":8},"end":{"line":37,"column":62}},"11":{"start":{"line":24,"column":12},"end":{"line":34,"column":13}},"12":{"start":{"line":25,"column":16},"end":{"line":33,"column":17}},"13":{"start":{"line":26,"column":20},"end":{"line":26,"column":101}},"14":{"start":{"line":28,"column":21},"end":{"line":33,"column":17}},"15":{"start":{"line":29,"column":20},"end":{"line":29,"column":90}},"16":{"start":{"line":32,"column":20},"end":{"line":32,"column":88}},"17":{"start":{"line":35,"column":12},"end":{"line":35,"column":128}},"18":{"start":{"line":35,"column":67},"end":{"line":35,"column":92}},"19":{"start":{"line":35,"column":107},"end":{"line":35,"column":126}},"20":{"start":{"line":37,"column":28},"end":{"line":37,"column":60}},"21":{"start":{"line":40,"column":23},"end":{"line":40,"column":45}},"22":{"start":{"line":41,"column":23},"end":{"line":41,"column":43}},"23":{"start":{"line":42,"column":8},"end":{"line":59,"column":60}},"24":{"start":{"line":51,"column":12},"end":{"line":57,"column":13}},"25":{"start":{"line":52,"column":30},"end":{"line":52,"column":136}},"26":{"start":{"line":53,"column":16},"end":{"line":53,"column":56}},"27":{"start":{"line":56,"column":16},"end":{"line":56,"column":69}},"28":{"start":{"line":59,"column":26},"end":{"line":59,"column":58}},"29":{"start":{"line":62,"column":8},"end":{"line":67,"column":47}},"30":{"start":{"line":63,"column":27},"end":{"line":66,"column":10}},"31":{"start":{"line":65,"column":12},"end":{"line":65,"column":42}},"32":{"start":{"line":67,"column":26},"end":{"line":67,"column":45}},"33":{"start":{"line":70,"column":8},"end":{"line":70,"column":43}},"34":{"start":{"line":73,"column":8},"end":{"line":78,"column":47}},"35":{"start":{"line":78,"column":26},"end":{"line":78,"column":45}},"36":{"start":{"line":81,"column":8},"end":{"line":90,"column":47}},"37":{"start":{"line":86,"column":27},"end":{"line":89,"column":10}},"38":{"start":{"line":88,"column":12},"end":{"line":88,"column":42}},"39":{"start":{"line":90,"column":26},"end":{"line":90,"column":45}},"40":{"start":{"line":93,"column":8},"end":{"line":102,"column":47}},"41":{"start":{"line":98,"column":27},"end":{"line":101,"column":10}},"42":{"start":{"line":100,"column":12},"end":{"line":100,"column":42}},"43":{"start":{"line":102,"column":26},"end":{"line":102,"column":45}},"44":{"start":{"line":105,"column":0},"end":{"line":105,"column":34}}},"fnMap":{"0":{"name":"(anonymous_0)","decl":{"start":{"line":2,"column":56},"end":{"line":2,"column":57}},"loc":{"start":{"line":2,"column":71},"end":{"line":4,"column":1}},"line":2},"1":{"name":"(anonymous_1)","decl":{"start":{"line":11,"column":4},"end":{"line":11,"column":5}},"loc":{"start":{"line":11,"column":19},"end":{"line":38,"column":5}},"line":11},"2":{"name":"(anonymous_2)","decl":{"start":{"line":23,"column":18},"end":{"line":23,"column":19}},"loc":{"start":{"line":23,"column":29},"end":{"line":36,"column":9}},"line":23},"3":{"name":"(anonymous_3)","decl":{"start":{"line":35,"column":55},"end":{"line":35,"column":56}},"loc":{"start":{"line":35,"column":67},"end":{"line":35,"column":92}},"line":35},"4":{"name":"(anonymous_4)","decl":{"start":{"line":35,"column":100},"end":{"line":35,"column":101}},"loc":{"start":{"line":35,"column":107},"end":{"line":35,"column":126}},"line":35},"5":{"name":"(anonymous_5)","decl":{"start":{"line":37,"column":19},"end":{"line":37,"column":20}},"loc":{"start":{"line":37,"column":28},"end":{"line":37,"column":60}},"line":37},"6":{"name":"(anonymous_6)","decl":{"start":{"line":39,"column":4},"end":{"line":39,"column":5}},"loc":{"start":{"line":39,"column":26},"end":{"line":60,"column":5}},"line":39},"7":{"name":"(anonymous_7)","decl":{"start":{"line":50,"column":18},"end":{"line":50,"column":19}},"loc":{"start":{"line":50,"column":26},"end":{"line":58,"column":9}},"line":50},"8":{"name":"(anonymous_8)","decl":{"start":{"line":59,"column":19},"end":{"line":59,"column":20}},"loc":{"start":{"line":59,"column":26},"end":{"line":59,"column":58}},"line":59},"9":{"name":"(anonymous_9)","decl":{"start":{"line":61,"column":4},"end":{"line":61,"column":5}},"loc":{"start":{"line":61,"column":25},"end":{"line":68,"column":5}},"line":61},"10":{"name":"(anonymous_10)","decl":{"start":{"line":63,"column":18},"end":{"line":63,"column":19}},"loc":{"start":{"line":63,"column":27},"end":{"line":66,"column":10}},"line":63},"11":{"name":"(anonymous_11)","decl":{"start":{"line":64,"column":18},"end":{"line":64,"column":19}},"loc":{"start":{"line":64,"column":24},"end":{"line":66,"column":9}},"line":64},"12":{"name":"(anonymous_12)","decl":{"start":{"line":67,"column":19},"end":{"line":67,"column":20}},"loc":{"start":{"line":67,"column":26},"end":{"line":67,"column":45}},"line":67},"13":{"name":"(anonymous_13)","decl":{"start":{"line":69,"column":4},"end":{"line":69,"column":5}},"loc":{"start":{"line":69,"column":13},"end":{"line":71,"column":5}},"line":69},"14":{"name":"(anonymous_14)","decl":{"start":{"line":72,"column":4},"end":{"line":72,"column":5}},"loc":{"start":{"line":72,"column":24},"end":{"line":79,"column":5}},"line":72},"15":{"name":"(anonymous_15)","decl":{"start":{"line":78,"column":19},"end":{"line":78,"column":20}},"loc":{"start":{"line":78,"column":26},"end":{"line":78,"column":45}},"line":78},"16":{"name":"(anonymous_16)","decl":{"start":{"line":80,"column":4},"end":{"line":80,"column":5}},"loc":{"start":{"line":80,"column":20},"end":{"line":91,"column":5}},"line":80},"17":{"name":"(anonymous_17)","decl":{"start":{"line":86,"column":18},"end":{"line":86,"column":19}},"loc":{"start":{"line":86,"column":27},"end":{"line":89,"column":10}},"line":86},"18":{"name":"(anonymous_18)","decl":{"start":{"line":87,"column":18},"end":{"line":87,"column":19}},"loc":{"start":{"line":87,"column":24},"end":{"line":89,"column":9}},"line":87},"19":{"name":"(anonymous_19)","decl":{"start":{"line":90,"column":19},"end":{"line":90,"column":20}},"loc":{"start":{"line":90,"column":26},"end":{"line":90,"column":45}},"line":90},"20":{"name":"(anonymous_20)","decl":{"start":{"line":92,"column":4},"end":{"line":92,"column":5}},"loc":{"start":{"line":92,"column":22},"end":{"line":103,"column":5}},"line":92},"21":{"name":"(anonymous_21)","decl":{"start":{"line":98,"column":18},"end":{"line":98,"column":19}},"loc":{"start":{"line":98,"column":27},"end":{"line":101,"column":10}},"line":98},"22":{"name":"(anonymous_22)","decl":{"start":{"line":99,"column":18},"end":{"line":99,"column":19}},"loc":{"start":{"line":99,"column":24},"end":{"line":101,"column":9}},"line":99},"23":{"name":"(anonymous_23)","decl":{"start":{"line":102,"column":19},"end":{"line":102,"column":20}},"loc":{"start":{"line":102,"column":26},"end":{"line":102,"column":45}},"line":102}},"branchMap":{"0":{"loc":{"start":{"line":2,"column":22},"end":{"line":4,"column":1}},"type":"binary-expr","locations":[{"start":{"line":2,"column":23},"end":{"line":2,"column":27}},{"start":{"line":2,"column":31},"end":{"line":2,"column":51}},{"start":{"line":2,"column":56},"end":{"line":4,"column":1}}],"line":2},"1":{"loc":{"start":{"line":3,"column":11},"end":{"line":3,"column":61}},"type":"cond-expr","locations":[{"start":{"line":3,"column":37},"end":{"line":3,"column":40}},{"start":{"line":3,"column":43},"end":{"line":3,"column":61}}],"line":3},"2":{"loc":{"start":{"line":3,"column":12},"end":{"line":3,"column":33}},"type":"binary-expr","locations":[{"start":{"line":3,"column":12},"end":{"line":3,"column":15}},{"start":{"line":3,"column":19},"end":{"line":3,"column":33}}],"line":3},"3":{"loc":{"start":{"line":24,"column":12},"end":{"line":34,"column":13}},"type":"if","locations":[{"start":{"line":24,"column":12},"end":{"line":34,"column":13}},{"start":{"line":24,"column":12},"end":{"line":34,"column":13}}],"line":24},"4":{"loc":{"start":{"line":25,"column":16},"end":{"line":33,"column":17}},"type":"if","locations":[{"start":{"line":25,"column":16},"end":{"line":33,"column":17}},{"start":{"line":25,"column":16},"end":{"line":33,"column":17}}],"line":25},"5":{"loc":{"start":{"line":25,"column":20},"end":{"line":25,"column":86}},"type":"binary-expr","locations":[{"start":{"line":25,"column":20},"end":{"line":25,"column":54}},{"start":{"line":25,"column":58},"end":{"line":25,"column":86}}],"line":25},"6":{"loc":{"start":{"line":28,"column":21},"end":{"line":33,"column":17}},"type":"if","locations":[{"start":{"line":28,"column":21},"end":{"line":33,"column":17}},{"start":{"line":28,"column":21},"end":{"line":33,"column":17}}],"line":28},"7":{"loc":{"start":{"line":51,"column":12},"end":{"line":57,"column":13}},"type":"if","locations":[{"start":{"line":51,"column":12},"end":{"line":57,"column":13}},{"start":{"line":51,"column":12},"end":{"line":57,"column":13}}],"line":51}},"s":{"0":1,"1":2,"2":1,"3":1,"4":1,"5":1,"6":1,"7":4,"8":4,"9":4,"10":4,"11":0,"12":0,"13":0,"14":0,"15":0,"16":0,"17":0,"18":0,"19":0,"20":4,"21":4,"22":4,"23":4,"24":0,"25":0,"26":0,"27":0,"28":4,"29":3,"30":0,"31":0,"32":3,"33":1,"34":2,"35":2,"36":1,"37":0,"38":0,"39":1,"40":1,"41":0,"42":0,"43":1,"44":1},"f":{"0":2,"1":4,"2":0,"3":0,"4":0,"5":4,"6":4,"7":0,"8":4,"9":3,"10":0,"11":0,"12":3,"13":1,"14":2,"15":2,"16":1,"17":0,"18":0,"19":1,"20":1,"21":0,"22":0,"23":1},"b":{"0":[1,1,1],"1":[0,2],"2":[2,2],"3":[0,0],"4":[0,0],"5":[0,0],"6":[0,0],"7":[0,0]},"inputSourceMap":{"version":3,"file":"D:/Privat/Uni/ESE/ese2020-team7/backend/src/services/user.service.ts","sources":["D:/Privat/Uni/ESE/ese2020-team7/backend/src/services/user.service.ts"],"names":[],"mappings":";;;;;;AAAA,qDAA4D;AAE5D,oDAA4B;AAC5B,gEAA+B;AAE/B,MAAa,WAAW;IAEb,QAAQ,CAAC,IAAoB;QAChC,MAAM,UAAU,GAAG,EAAE,CAAC;QACtB,MAAM,EAAE,EAAE,EAAE,GAAG,OAAO,CAAC,WAAW,CAAC,CAAC;QACpC,IAAI,CAAC,QAAQ,GAAG,gBAAM,CAAC,QAAQ,CAAC,IAAI,CAAC,QAAQ,EAAE,UAAU,CAAC,CAAC;QAC3D,OAAO,iBAAI,CAAC,OAAO,CAAC;YAChB,KAAK,EAAE;gBACH,CAAC,EAAE,CAAC,EAAE,CAAC,EAAE;oBACL,EAAE,QAAQ,EAAE,IAAI,CAAC,QAAQ,EAAE;oBAC3B,EAAE,KAAK,EAAE,IAAI,CAAC,KAAK,EAAE;iBACxB;aACJ;SACJ,CAAC;aACD,IAAI,CAAC,OAAO,CAAC,EAAE;YACZ,IAAI,OAAO,EAAE;gBACT,IAAI,OAAO,CAAC,QAAQ,KAAK,IAAI,CAAC,QAAQ,IAAI,OAAO,CAAC,KAAK,KAAK,IAAI,CAAC,KAAK,EAAE;oBACpE,OAAO,OAAO,CAAC,MAAM,CAAC,EAAE,OAAO,EAAE,4CAA4C,EAAC,CAAC,CAAC;iBACnF;qBAAM,IAAI,OAAO,CAAC,QAAQ,KAAK,IAAI,CAAC,QAAQ,EAAE;oBAC3C,OAAO,OAAO,CAAC,MAAM,CAAC,EAAE,OAAO,EAAE,iCAAiC,EAAC,CAAC,CAAC;iBACxE;qBAAM;oBACH,OAAO,OAAO,CAAC,MAAM,CAAC,EAAE,OAAO,EAAE,+BAA+B,EAAC,CAAC,CAAC;iBACtE;aACJ;YACD,OAAO,iBAAI,CAAC,MAAM,CAAC,IAAI,CAAC,CAAC,IAAI,CAAC,QAAQ,CAAC,EAAE,CAAC,OAAO,CAAC,OAAO,CAAC,QAAQ,CAAC,CAAC,CAAC,KAAK,CAAC,GAAG,CAAC,EAAE,CAAC,OAAO,CAAC,MAAM,CAAC,GAAG,CAAC,CAAC,CAAC;QAC3G,CAAC,CAAC;aACD,KAAK,CAAC,CAAC,GAAG,EAAE,EAAE,CAAC,OAAO,CAAC,MAAM,CAAC,EAAE,OAAO,EAAE,GAAG,EAAC,CAAC,CAAC,CAAC;IACrD,CAAC;IAEM,KAAK,CAAC,cAA4B;QACrC,MAAM,MAAM,GAAG,OAAO,CAAC,GAAG,CAAC,UAAU,CAAC;QACtC,MAAM,EAAE,EAAE,EAAE,GAAG,OAAO,CAAC,WAAW,CAAC,CAAC;QACpC,OAAO,iBAAI,CAAC,OAAO,CAAC;YAChB,KAAK,EAAE;gBACF,CAAC,EAAE,CAAC,EAAE,CAAC,EAAE;oBACN,EAAE,QAAQ,EAAE,cAAc,CAAC,cAAc,EAAE;oBAC3C,EAAE,KAAK,EAAE,cAAc,CAAC,cAAc,EAAE;iBAC1C;aACL;SACJ,CAAC;aACD,IAAI,CAAC,IAAI,CAAC,EAAE;YACT,IAAI,gBAAM,CAAC,WAAW,CAAC,cAAc,CAAC,QAAQ,EAAE,IAAI,CAAC,QAAQ,CAAC,EAAE;gBAC5D,MAAM,KAAK,GAAW,sBAAG,CAAC,IAAI,CAAC,EAAE,QAAQ,EAAE,IAAI,CAAC,QAAQ,EAAE,MAAM,EAAE,IAAI,CAAC,MAAM,EAAE,EAAE,MAAM,EAAE,EAAE,SAAS,EAAE,IAAI,EAAE,CAAC,CAAC;gBAC9G,OAAO,OAAO,CAAC,OAAO,CAAC,EAAE,IAAI,EAAE,KAAK,EAAE,CAAC,CAAC;aAC3C;iBAAM;gBACH,OAAO,OAAO,CAAC,MAAM,CAAC,EAAE,OAAO,EAAE,gBAAgB,EAAE,CAAC,CAAC;aACxD;QACL,CAAC,CAAC;aACD,KAAK,CAAC,GAAG,CAAC,EAAE,CAAC,OAAO,CAAC,MAAM,CAAC,EAAE,OAAO,EAAE,GAAG,EAAE,CAAC,CAAC,CAAC;IACpD,CAAC;IAEM,MAAM,CAAC,MAAc,EAAE,IAAoB;QAC9C,OAAO,iBAAI,CAAC,QAAQ,CAAC,MAAM,CAAC;aAC3B,IAAI,CAAC,KAAK,CAAC,EAAE,CACV,KAAK,CAAC,MAAM,CAAC,IAAI,CAAC;aACjB,IAAI,CAAC,GAAG,EAAE;YAAG,OAAO,OAAO,CAAC,OAAO,CAAC,KAAK,CAAC,CAAC;QAC5C,CAAC,CAAC,CACL;aACA,KAAK,CAAC,GAAG,CAAC,EAAE,CAAC,OAAO,CAAC,MAAM,CAAC,GAAG,CAAC,CAAC,CAAC;IACvC,CAAC;IAEM,MAAM;QACT,OAAO,iBAAI,CAAC,OAAO,EAAE,CAAC;IAC1B,CAAC;IAEM,OAAO,CAAC,UAAkB;QAC7B,OAAO,iBAAI,CAAC,OAAO,CAAC;YAChB,KAAK,EAAE;gBACH,MAAM,EAAE,UAAU;aACrB;SACJ,CAAC;aACD,KAAK,CAAC,GAAG,CAAC,EAAE,CAAC,OAAO,CAAC,MAAM,CAAC,GAAG,CAAC,CAAC,CAAC;IACvC,CAAC;IAEM,SAAS,CAAC,IAAoB;QACjC,OAAO,iBAAI,CAAC,OAAO,CAAC;YAChB,KAAK,EAAE;gBACH,QAAQ,EAAE,IAAI,CAAC,QAAQ;aAC1B;SACJ,CAAC;aACD,IAAI,CAAC,KAAK,CAAC,EAAE,CACV,KAAK,CAAC,MAAM,CAAC,EAAC,KAAK,EAAE,IAAI,EAAC,CAAC;aAC1B,IAAI,CAAC,GAAG,EAAE;YAAG,OAAO,OAAO,CAAC,OAAO,CAAC,KAAK,CAAC,CAAC;QAC5C,CAAC,CAAC,CACL;aACA,KAAK,CAAC,GAAG,CAAC,EAAE,CAAC,OAAO,CAAC,MAAM,CAAC,GAAG,CAAC,CAAC,CAAC;IACvC,CAAC;IAEM,WAAW,CAAC,IAAoB;QACnC,OAAO,iBAAI,CAAC,OAAO,CAAC;YAChB,KAAK,EAAE;gBACH,QAAQ,EAAE,IAAI,CAAC,QAAQ;aAC1B;SACJ,CAAC;aACD,IAAI,CAAC,KAAK,CAAC,EAAE,CACV,KAAK,CAAC,MAAM,CAAC,EAAC,KAAK,EAAE,KAAK,EAAC,CAAC;aAC3B,IAAI,CAAC,GAAG,EAAE;YAAG,OAAO,OAAO,CAAC,OAAO,CAAC,KAAK,CAAC,CAAC;QAC5C,CAAC,CAAC,CACL;aACA,KAAK,CAAC,GAAG,CAAC,EAAE,CAAC,OAAO,CAAC,MAAM,CAAC,GAAG,CAAC,CAAC,CAAC;IACvC,CAAC;CACJ;AArGD,kCAqGC","sourcesContent":["import { UserAttributes, User } from '../models/user.model';\r\nimport { LoginResponse, LoginRequest } from '../models/login.model';\r\nimport bcrypt from 'bcrypt';\r\nimport jwt from 'jsonwebtoken';\r\n\r\nexport class UserService {\r\n\r\n    public register(user: UserAttributes): Promise<UserAttributes> {\r\n        const saltRounds = 12;\r\n        const { Op } = require('sequelize');\r\n        user.password = bcrypt.hashSync(user.password, saltRounds); // hashes the password, never store passwords as plaintext\r\n        return User.findOne({\r\n            where: {\r\n                [Op.or]: [\r\n                    { userName: user.userName },\r\n                    { email: user.email }\r\n                ]\r\n            }\r\n        })\r\n        .then(newUser => {\r\n            if (newUser) {\r\n                if (newUser.userName === user.userName && newUser.email === user.email) {\r\n                    return Promise.reject({ message: 'Both username and email are already taken!'});\r\n                } else if (newUser.userName === user.userName) {\r\n                    return Promise.reject({ message: 'This username is already taken!'});\r\n                } else {\r\n                    return Promise.reject({ message: 'This e-mail is already taken!'});\r\n                }\r\n            }\r\n            return User.create(user).then(inserted => Promise.resolve(inserted)).catch(err => Promise.reject(err));\r\n        })\r\n        .catch((err) => Promise.reject({ message: err}));\r\n    }\r\n\r\n    public login(loginRequestee: LoginRequest): Promise<User | LoginResponse> {\r\n        const secret = process.env.JWT_SECRET;\r\n        const { Op } = require('sequelize');\r\n        return User.findOne({\r\n            where: {\r\n                 [Op.or]: [\r\n                    { userName: loginRequestee.userNameOrMail },\r\n                    { email: loginRequestee.userNameOrMail }\r\n                 ]\r\n            }\r\n        })\r\n        .then(user => {\r\n            if (bcrypt.compareSync(loginRequestee.password, user.password)) {// compares the hash with the password from the lognin request\r\n                const token: string = jwt.sign({ userName: user.userName, userId: user.userId }, secret, { expiresIn: '2h' });\r\n                return Promise.resolve({ user, token });\r\n            } else {\r\n                return Promise.reject({ message: 'not authorized' });\r\n            }\r\n        })\r\n        .catch(err => Promise.reject({ message: err }));\r\n    }\r\n\r\n    public update(userId: number, user: UserAttributes): Promise<User> {\r\n        return User.findByPk(userId)\r\n        .then(found =>\r\n            found.update(user)\r\n            .then(() => { return Promise.resolve(found);\r\n            })\r\n        )\r\n        .catch(err => Promise.reject(err));\r\n    }\r\n\r\n    public getAll(): Promise<User[]> {\r\n        return User.findAll();\r\n    }\r\n\r\n    public getUser(thisUserId: number): Promise<User> {\r\n        return User.findOne({\r\n            where: {\r\n                userId: thisUserId\r\n            }\r\n        })\r\n        .catch(err => Promise.reject(err));\r\n    }\r\n\r\n    public makeAdmin(user: UserAttributes): Promise<User> {\r\n        return User.findOne({\r\n            where: {\r\n                userName: user.userName\r\n            }\r\n        })\r\n        .then(found =>\r\n            found.update({admin: true})\r\n            .then(() => { return Promise.resolve(found);\r\n            })\r\n        )\r\n        .catch(err => Promise.reject(err));\r\n    }\r\n\r\n    public removeAdmin(user: UserAttributes): Promise<User> {\r\n        return User.findOne({\r\n            where: {\r\n                userName: user.userName\r\n            }\r\n        })\r\n        .then(found =>\r\n            found.update({admin: false})\r\n            .then(() => { return Promise.resolve(found);\r\n            })\r\n        )\r\n        .catch(err => Promise.reject(err));\r\n    }\r\n}\r\n"]},"_coverageSchema":"1a1c01bbd47fc00a2c39e90264f33305004495a9","hash":"8a2d3501d9ad9376c9705aed02d8830a1d054ff7","contentHash":"a4cb1db0cbb1b43efd2f2dd57ea63f041326ccb9e89b55d148df6f5952675721"}}