{"D:\\Privat\\Uni\\ESE\\ese2020-team7\\backend\\tests\\services\\product.service.test.ts":{"path":"D:\\Privat\\Uni\\ESE\\ese2020-team7\\backend\\tests\\services\\product.service.test.ts","statementMap":{"0":{"start":{"line":2,"column":0},"end":{"line":2,"column":62}},"1":{"start":{"line":3,"column":26},"end":{"line":3,"column":71}},"2":{"start":{"line":4,"column":24},"end":{"line":4,"column":65}},"3":{"start":{"line":5,"column":21},"end":{"line":5,"column":59}},"4":{"start":{"line":6,"column":15},"end":{"line":6,"column":30}},"5":{"start":{"line":7,"column":0},"end":{"line":190,"column":3}},"6":{"start":{"line":8,"column":31},"end":{"line":8,"column":69}},"7":{"start":{"line":9,"column":18},"end":{"line":24,"column":5}},"8":{"start":{"line":25,"column":21},"end":{"line":41,"column":5}},"9":{"start":{"line":42,"column":4},"end":{"line":44,"column":7}},"10":{"start":{"line":43,"column":8},"end":{"line":43,"column":40}},"11":{"start":{"line":45,"column":4},"end":{"line":82,"column":7}},"12":{"start":{"line":46,"column":8},"end":{"line":59,"column":11}},"13":{"start":{"line":47,"column":12},"end":{"line":58,"column":15}},"14":{"start":{"line":48,"column":16},"end":{"line":48,"column":63}},"15":{"start":{"line":49,"column":16},"end":{"line":49,"column":59}},"16":{"start":{"line":50,"column":16},"end":{"line":50,"column":66}},"17":{"start":{"line":51,"column":16},"end":{"line":57,"column":19}},"18":{"start":{"line":56,"column":20},"end":{"line":56,"column":63}},"19":{"start":{"line":60,"column":8},"end":{"line":81,"column":11}},"20":{"start":{"line":61,"column":30},"end":{"line":77,"column":13}},"21":{"start":{"line":78,"column":12},"end":{"line":80,"column":15}},"22":{"start":{"line":79,"column":16},"end":{"line":79,"column":50}},"23":{"start":{"line":83,"column":4},"end":{"line":151,"column":7}},"24":{"start":{"line":84,"column":8},"end":{"line":106,"column":11}},"25":{"start":{"line":85,"column":29},"end":{"line":101,"column":13}},"26":{"start":{"line":102,"column":12},"end":{"line":105,"column":15}},"27":{"start":{"line":103,"column":16},"end":{"line":103,"column":69}},"28":{"start":{"line":104,"column":16},"end":{"line":104,"column":65}},"29":{"start":{"line":107,"column":8},"end":{"line":128,"column":11}},"30":{"start":{"line":108,"column":29},"end":{"line":124,"column":13}},"31":{"start":{"line":125,"column":12},"end":{"line":127,"column":15}},"32":{"start":{"line":126,"column":16},"end":{"line":126,"column":50}},"33":{"start":{"line":129,"column":8},"end":{"line":150,"column":11}},"34":{"start":{"line":130,"column":30},"end":{"line":146,"column":13}},"35":{"start":{"line":147,"column":12},"end":{"line":149,"column":15}},"36":{"start":{"line":148,"column":16},"end":{"line":148,"column":50}},"37":{"start":{"line":152,"column":4},"end":{"line":163,"column":7}},"38":{"start":{"line":153,"column":8},"end":{"line":157,"column":11}},"39":{"start":{"line":154,"column":12},"end":{"line":156,"column":15}},"40":{"start":{"line":155,"column":16},"end":{"line":155,"column":62}},"41":{"start":{"line":158,"column":8},"end":{"line":162,"column":11}},"42":{"start":{"line":159,"column":12},"end":{"line":161,"column":15}},"43":{"start":{"line":160,"column":16},"end":{"line":160,"column":50}},"44":{"start":{"line":164,"column":4},"end":{"line":176,"column":7}},"45":{"start":{"line":165,"column":8},"end":{"line":170,"column":11}},"46":{"start":{"line":166,"column":12},"end":{"line":169,"column":15}},"47":{"start":{"line":167,"column":16},"end":{"line":167,"column":63}},"48":{"start":{"line":168,"column":16},"end":{"line":168,"column":103}},"49":{"start":{"line":171,"column":8},"end":{"line":175,"column":11}},"50":{"start":{"line":172,"column":12},"end":{"line":174,"column":15}},"51":{"start":{"line":173,"column":16},"end":{"line":173,"column":50}},"52":{"start":{"line":177,"column":4},"end":{"line":189,"column":7}},"53":{"start":{"line":178,"column":8},"end":{"line":188,"column":11}},"54":{"start":{"line":179,"column":12},"end":{"line":187,"column":15}},"55":{"start":{"line":180,"column":16},"end":{"line":186,"column":19}},"56":{"start":{"line":185,"column":20},"end":{"line":185,"column":63}}},"fnMap":{"0":{"name":"(anonymous_0)","decl":{"start":{"line":7,"column":33},"end":{"line":7,"column":34}},"loc":{"start":{"line":7,"column":39},"end":{"line":190,"column":1}},"line":7},"1":{"name":"(anonymous_1)","decl":{"start":{"line":42,"column":27},"end":{"line":42,"column":28}},"loc":{"start":{"line":42,"column":39},"end":{"line":44,"column":5}},"line":42},"2":{"name":"(anonymous_2)","decl":{"start":{"line":45,"column":37},"end":{"line":45,"column":38}},"loc":{"start":{"line":45,"column":43},"end":{"line":82,"column":5}},"line":45},"3":{"name":"(anonymous_3)","decl":{"start":{"line":46,"column":46},"end":{"line":46,"column":47}},"loc":{"start":{"line":46,"column":58},"end":{"line":59,"column":9}},"line":46},"4":{"name":"(anonymous_4)","decl":{"start":{"line":47,"column":53},"end":{"line":47,"column":54}},"loc":{"start":{"line":47,"column":64},"end":{"line":58,"column":13}},"line":47},"5":{"name":"(anonymous_5)","decl":{"start":{"line":55,"column":24},"end":{"line":55,"column":25}},"loc":{"start":{"line":55,"column":40},"end":{"line":57,"column":17}},"line":55},"6":{"name":"(anonymous_6)","decl":{"start":{"line":60,"column":69},"end":{"line":60,"column":70}},"loc":{"start":{"line":60,"column":81},"end":{"line":81,"column":9}},"line":60},"7":{"name":"(anonymous_7)","decl":{"start":{"line":78,"column":54},"end":{"line":78,"column":55}},"loc":{"start":{"line":78,"column":61},"end":{"line":80,"column":13}},"line":78},"8":{"name":"(anonymous_8)","decl":{"start":{"line":83,"column":36},"end":{"line":83,"column":37}},"loc":{"start":{"line":83,"column":42},"end":{"line":151,"column":5}},"line":83},"9":{"name":"(anonymous_9)","decl":{"start":{"line":84,"column":33},"end":{"line":84,"column":34}},"loc":{"start":{"line":84,"column":45},"end":{"line":106,"column":9}},"line":84},"10":{"name":"(anonymous_10)","decl":{"start":{"line":102,"column":56},"end":{"line":102,"column":57}},"loc":{"start":{"line":102,"column":67},"end":{"line":105,"column":13}},"line":102},"11":{"name":"(anonymous_11)","decl":{"start":{"line":107,"column":57},"end":{"line":107,"column":58}},"loc":{"start":{"line":107,"column":69},"end":{"line":128,"column":9}},"line":107},"12":{"name":"(anonymous_12)","decl":{"start":{"line":125,"column":57},"end":{"line":125,"column":58}},"loc":{"start":{"line":125,"column":64},"end":{"line":127,"column":13}},"line":125},"13":{"name":"(anonymous_13)","decl":{"start":{"line":129,"column":58},"end":{"line":129,"column":59}},"loc":{"start":{"line":129,"column":70},"end":{"line":150,"column":9}},"line":129},"14":{"name":"(anonymous_14)","decl":{"start":{"line":147,"column":59},"end":{"line":147,"column":60}},"loc":{"start":{"line":147,"column":66},"end":{"line":149,"column":13}},"line":147},"15":{"name":"(anonymous_15)","decl":{"start":{"line":152,"column":37},"end":{"line":152,"column":38}},"loc":{"start":{"line":152,"column":43},"end":{"line":163,"column":5}},"line":152},"16":{"name":"(anonymous_16)","decl":{"start":{"line":153,"column":35},"end":{"line":153,"column":36}},"loc":{"start":{"line":153,"column":47},"end":{"line":157,"column":9}},"line":153},"17":{"name":"(anonymous_17)","decl":{"start":{"line":154,"column":47},"end":{"line":154,"column":48}},"loc":{"start":{"line":154,"column":59},"end":{"line":156,"column":13}},"line":154},"18":{"name":"(anonymous_18)","decl":{"start":{"line":158,"column":59},"end":{"line":158,"column":60}},"loc":{"start":{"line":158,"column":71},"end":{"line":162,"column":9}},"line":158},"19":{"name":"(anonymous_19)","decl":{"start":{"line":159,"column":48},"end":{"line":159,"column":49}},"loc":{"start":{"line":159,"column":55},"end":{"line":161,"column":13}},"line":159},"20":{"name":"(anonymous_20)","decl":{"start":{"line":164,"column":36},"end":{"line":164,"column":37}},"loc":{"start":{"line":164,"column":42},"end":{"line":176,"column":5}},"line":164},"21":{"name":"(anonymous_21)","decl":{"start":{"line":165,"column":34},"end":{"line":165,"column":35}},"loc":{"start":{"line":165,"column":46},"end":{"line":170,"column":9}},"line":165},"22":{"name":"(anonymous_22)","decl":{"start":{"line":166,"column":84},"end":{"line":166,"column":85}},"loc":{"start":{"line":166,"column":96},"end":{"line":169,"column":13}},"line":166},"23":{"name":"(anonymous_23)","decl":{"start":{"line":171,"column":58},"end":{"line":171,"column":59}},"loc":{"start":{"line":171,"column":70},"end":{"line":175,"column":9}},"line":171},"24":{"name":"(anonymous_24)","decl":{"start":{"line":172,"column":85},"end":{"line":172,"column":86}},"loc":{"start":{"line":172,"column":92},"end":{"line":174,"column":13}},"line":172},"25":{"name":"(anonymous_25)","decl":{"start":{"line":177,"column":36},"end":{"line":177,"column":37}},"loc":{"start":{"line":177,"column":42},"end":{"line":189,"column":5}},"line":177},"26":{"name":"(anonymous_26)","decl":{"start":{"line":178,"column":33},"end":{"line":178,"column":34}},"loc":{"start":{"line":178,"column":45},"end":{"line":188,"column":9}},"line":178},"27":{"name":"(anonymous_27)","decl":{"start":{"line":179,"column":46},"end":{"line":179,"column":47}},"loc":{"start":{"line":179,"column":52},"end":{"line":187,"column":13}},"line":179},"28":{"name":"(anonymous_28)","decl":{"start":{"line":184,"column":24},"end":{"line":184,"column":25}},"loc":{"start":{"line":184,"column":40},"end":{"line":186,"column":17}},"line":184}},"branchMap":{},"s":{"0":1,"1":1,"2":1,"3":1,"4":1,"5":1,"6":1,"7":1,"8":1,"9":1,"10":1,"11":1,"12":1,"13":1,"14":0,"15":0,"16":0,"17":0,"18":0,"19":1,"20":1,"21":1,"22":1,"23":1,"24":1,"25":1,"26":1,"27":0,"28":0,"29":1,"30":1,"31":1,"32":1,"33":1,"34":1,"35":1,"36":1,"37":1,"38":1,"39":1,"40":0,"41":1,"42":1,"43":1,"44":1,"45":1,"46":1,"47":0,"48":0,"49":1,"50":1,"51":1,"52":1,"53":1,"54":1,"55":0,"56":0},"f":{"0":1,"1":1,"2":1,"3":1,"4":0,"5":0,"6":1,"7":1,"8":1,"9":1,"10":0,"11":1,"12":1,"13":1,"14":1,"15":1,"16":1,"17":0,"18":1,"19":1,"20":1,"21":1,"22":0,"23":1,"24":1,"25":1,"26":1,"27":0,"28":0},"b":{},"inputSourceMap":{"version":3,"file":"D:/Privat/Uni/ESE/ese2020-team7/backend/tests/services/product.service.test.ts","sources":["D:/Privat/Uni/ESE/ese2020-team7/backend/tests/services/product.service.test.ts"],"names":[],"mappings":";;AAAA,wEAAoE;AACpE,kEAA4E;AAC5E,4DAAmE;AACnE,+BAA8B;AAE9B,QAAQ,CAAC,sBAAsB,EAAE,GAAG,EAAE;IAElC,MAAM,kBAAkB,GAAmB,IAAI,gCAAc,EAAE,CAAC;IAEhE,MAAM,KAAK,GAAmB;QAC1B,MAAM,EAAE,CAAC;QACT,QAAQ,EAAE,MAAM;QAChB,QAAQ,EAAE,aAAa;QACvB,KAAK,EAAE,gBAAgB;QACvB,SAAS,EAAE,MAAM;QACjB,QAAQ,EAAE,UAAU;QACpB,MAAM,EAAE,IAAI;QACZ,eAAe,EAAE,IAAI;QACrB,MAAM,EAAE,IAAI;QACZ,OAAO,EAAE,IAAI;QACb,IAAI,EAAE,WAAW;QACjB,OAAO,EAAE,IAAI;QACb,KAAK,EAAE,KAAK;QACZ,MAAM,EAAE,GAAG;KACd,CAAC;IAEF,MAAM,QAAQ,GAAsB;QAChC,SAAS,EAAE,CAAC;QACZ,UAAU,EAAE,KAAK;QACjB,KAAK,EAAE,OAAO;QACd,SAAS,EAAE,IAAI;QACf,KAAK,EAAE,GAAG;QACV,WAAW,EAAE,UAAU;QACvB,QAAQ,EAAE,MAAM;QAChB,SAAS,EAAE,IAAI;QACf,WAAW,EAAE,IAAI;QACjB,aAAa,EAAE,IAAI;QACnB,eAAe,EAAE,IAAI;QACrB,MAAM,EAAE,CAAC;QACT,OAAO,EAAE,IAAI;QACb,UAAU,EAAE,IAAI;QAChB,gBAAgB,EAAE,KAAK;KAC1B,CAAC;IAEF,MAAM,CAAC,cAAc,EAAE;QACnB,iBAAI,CAAC,MAAM,CAAC,KAAK,CAAC,CAAC;IACvB,CAAC,CAAC,CAAC;IAEH,QAAQ,CAAC,sBAAsB,EAAE,GAAG,EAAE;QAClC,EAAE,CAAC,iCAAiC,EAAE;YAClC,kBAAkB,CAAC,MAAM,CAAC,QAAQ,CAAC,CAAC,IAAI,CAAC,OAAO,CAAC,EAAE;gBAC/C,aAAM,CAAC,OAAO,CAAC,KAAK,CAAC,CAAC,EAAE,CAAC,EAAE,CAAC,EAAE,CAAC,OAAO,CAAC,CAAC;gBACxC,aAAM,CAAC,OAAO,CAAC,KAAK,CAAC,CAAC,EAAE,CAAC,EAAE,CAAC,EAAE,CAAC,GAAG,CAAC,CAAC;gBACpC,aAAM,CAAC,OAAO,CAAC,eAAe,CAAC,CAAC,EAAE,CAAC,EAAE,CAAC,IAAI,CAAC;gBAC3C,uBAAO,CAAC,OAAO,CAAC;oBACZ,KAAK,EAAE;wBACH,KAAK,EAAE,OAAO;qBACjB;iBACJ,CAAC,CAAC,IAAI,CAAC,YAAY,CAAC,EAAE;oBACnB,aAAM,CAAC,YAAY,CAAC,CAAC,GAAG,CAAC,EAAE,CAAC,EAAE,CAAC,IAAI,CAAC;gBACxC,CAAC,CAAC,CAAC;YACP,CAAC,CAAC,CAAC;QACP,CAAC,CAAC,CAAC;QACH,EAAE,CAAC,wDAAwD,EAAE;YACzD,MAAM,SAAS,GAAsB;gBACjC,SAAS,EAAE,CAAC;gBACZ,UAAU,EAAE,KAAK;gBACjB,KAAK,EAAE,IAAI;gBACX,SAAS,EAAE,IAAI;gBACf,KAAK,EAAE,GAAG;gBACV,WAAW,EAAE,UAAU;gBACvB,QAAQ,EAAE,MAAM;gBAChB,SAAS,EAAE,IAAI;gBACf,WAAW,EAAE,IAAI;gBACjB,aAAa,EAAE,IAAI;gBACnB,eAAe,EAAE,IAAI;gBACrB,MAAM,EAAE,CAAC;gBACT,OAAO,EAAE,IAAI;gBACb,UAAU,EAAE,IAAI;gBAChB,gBAAgB,EAAE,KAAK;aAC1B,CAAC;YACF,kBAAkB,CAAC,MAAM,CAAC,QAAQ,CAAC,CAAC,KAAK,CAAC,GAAG,CAAC,EAAE;gBAC5C,aAAM,CAAC,GAAG,CAAC,CAAC,GAAG,CAAC,EAAE,CAAC,EAAE,CAAC,IAAI,CAAC;YAC/B,CAAC,CAAC,CAAC;QACP,CAAC,CAAC,CAAC;IACP,CAAC,CAAC,CAAC;IACH,QAAQ,CAAC,qBAAqB,EAAE,GAAG,EAAE;QACjC,EAAE,CAAC,oBAAoB,EAAE;YACrB,MAAM,QAAQ,GAAsB;gBAChC,SAAS,EAAE,CAAC;gBACZ,UAAU,EAAE,KAAK;gBACjB,KAAK,EAAE,OAAO;gBACd,SAAS,EAAE,IAAI;gBACf,KAAK,EAAE,GAAG;gBACV,WAAW,EAAE,UAAU;gBACvB,QAAQ,EAAE,UAAU;gBACpB,SAAS,EAAE,IAAI;gBACf,WAAW,EAAE,IAAI;gBACjB,aAAa,EAAE,KAAK;gBACpB,eAAe,EAAE,IAAI;gBACrB,MAAM,EAAE,CAAC;gBACT,OAAO,EAAE,IAAI;gBACb,UAAU,EAAE,IAAI;gBAChB,gBAAgB,EAAE,KAAK;aAC1B,CAAC;YACF,kBAAkB,CAAC,MAAM,CAAC,CAAC,EAAE,QAAQ,CAAC,CAAC,IAAI,CAAC,OAAO,CAAC,EAAE;gBAClD,aAAM,CAAC,OAAO,CAAC,QAAQ,CAAC,CAAC,EAAE,CAAC,EAAE,CAAC,EAAE,CAAC,UAAU,CAAC,CAAC;gBAC9C,aAAM,CAAC,OAAO,CAAC,aAAa,CAAC,CAAC,EAAE,CAAC,EAAE,CAAC,KAAK,CAAC;YAC9C,CAAC,CAAC,CAAC;QACP,CAAC,CAAC,CAAC;QACH,EAAE,CAAC,4CAA4C,EAAE;YAC7C,MAAM,QAAQ,GAAsB;gBAChC,SAAS,EAAE,CAAC;gBACZ,UAAU,EAAE,KAAK;gBACjB,KAAK,EAAE,IAAI;gBACX,SAAS,EAAE,IAAI;gBACf,KAAK,EAAE,GAAG;gBACV,WAAW,EAAE,UAAU;gBACvB,QAAQ,EAAE,MAAM;gBAChB,SAAS,EAAE,IAAI;gBACf,WAAW,EAAE,IAAI;gBACjB,aAAa,EAAE,IAAI;gBACnB,eAAe,EAAE,IAAI;gBACrB,MAAM,EAAE,CAAC;gBACT,OAAO,EAAE,IAAI;gBACb,UAAU,EAAE,IAAI;gBAChB,gBAAgB,EAAE,KAAK;aAC1B,CAAC;YACF,kBAAkB,CAAC,MAAM,CAAC,CAAC,EAAE,QAAQ,CAAC,CAAC,KAAK,CAAC,GAAG,CAAC,EAAE;gBAC/C,aAAM,CAAC,GAAG,CAAC,CAAC,GAAG,CAAC,EAAE,CAAC,EAAE,CAAC,IAAI,CAAC;YAC/B,CAAC,CAAC,CAAC;QACP,CAAC,CAAC,CAAC;QACH,EAAE,CAAC,6CAA6C,EAAE;YAC9C,MAAM,SAAS,GAAsB;gBACjC,SAAS,EAAE,EAAE;gBACb,UAAU,EAAE,KAAK;gBACjB,KAAK,EAAE,OAAO;gBACd,SAAS,EAAE,IAAI;gBACf,KAAK,EAAE,GAAG;gBACV,WAAW,EAAE,UAAU;gBACvB,QAAQ,EAAE,MAAM;gBAChB,SAAS,EAAE,IAAI;gBACf,WAAW,EAAE,IAAI;gBACjB,aAAa,EAAE,IAAI;gBACnB,eAAe,EAAE,IAAI;gBACrB,MAAM,EAAE,CAAC;gBACT,OAAO,EAAE,IAAI;gBACb,UAAU,EAAE,IAAI;gBAChB,gBAAgB,EAAE,KAAK;aAC1B,CAAC;YACF,kBAAkB,CAAC,MAAM,CAAC,EAAE,EAAE,SAAS,CAAC,CAAC,KAAK,CAAC,GAAG,CAAC,EAAE;gBACjD,aAAM,CAAC,GAAG,CAAC,CAAC,GAAG,CAAC,EAAE,CAAC,EAAE,CAAC,IAAI,CAAC;YAC/B,CAAC,CAAC,CAAC;QACP,CAAC,CAAC,CAAC;IACP,CAAC,CAAC,CAAC;IACH,QAAQ,CAAC,sBAAsB,EAAE,GAAG,EAAE;QAClC,EAAE,CAAC,sBAAsB,EAAE;YACvB,kBAAkB,CAAC,OAAO,CAAC,CAAC,CAAC,CAAC,IAAI,CAAC,QAAQ,CAAC,EAAE;gBAC1C,aAAM,CAAC,QAAQ,CAAC,UAAU,CAAC,CAAC,EAAE,CAAC,EAAE,CAAC,IAAI,CAAC;YAC3C,CAAC,CAAC,CAAC;QACP,CAAC,CAAC,CAAC;QACH,EAAE,CAAC,8CAA8C,EAAE;YAC/C,kBAAkB,CAAC,OAAO,CAAC,CAAC,CAAC,CAAC,KAAK,CAAC,GAAG,CAAC,EAAE;gBACtC,aAAM,CAAC,GAAG,CAAC,CAAC,GAAG,CAAC,EAAE,CAAC,EAAE,CAAC,IAAI,CAAC;YAC/B,CAAC,CAAC,CAAC;QACP,CAAC,CAAC,CAAC;IACP,CAAC,CAAC,CAAC;IACH,QAAQ,CAAC,qBAAqB,EAAE,GAAG,EAAE;QACjC,EAAE,CAAC,qBAAqB,EAAE;YACtB,kBAAkB,CAAC,MAAM,CAAC,CAAC,EAAE,oCAAoC,CAAC,CAAC,IAAI,CAAC,QAAQ,CAAC,EAAE;gBAC/E,aAAM,CAAC,QAAQ,CAAC,UAAU,CAAC,CAAC,EAAE,CAAC,EAAE,CAAC,KAAK,CAAC;gBACxC,aAAM,CAAC,QAAQ,CAAC,eAAe,CAAC,CAAC,EAAE,CAAC,EAAE,CAAC,EAAE,CAAC,oCAAoC,CAAC,CAAC;YACpF,CAAC,CAAC,CAAC;QACP,CAAC,CAAC,CAAC;QACH,EAAE,CAAC,6CAA6C,EAAE;YAC9C,kBAAkB,CAAC,MAAM,CAAC,CAAC,EAAE,oCAAoC,CAAC,CAAC,KAAK,CAAC,GAAG,CAAC,EAAE;gBAC3E,aAAM,CAAC,GAAG,CAAC,CAAC,GAAG,CAAC,EAAE,CAAC,EAAE,CAAC,IAAI,CAAC;YAC/B,CAAC,CAAC,CAAC;QACP,CAAC,CAAC,CAAC;IACP,CAAC,CAAC,CAAC;IACH,QAAQ,CAAC,qBAAqB,EAAE,GAAG,EAAE;QACjC,EAAE,CAAC,oBAAoB,EAAE;YACrB,kBAAkB,CAAC,MAAM,CAAC,CAAC,CAAC,CAAC,IAAI,CAAC,GAAG,EAAE;gBACnC,uBAAO,CAAC,OAAO,CAAC;oBACZ,KAAK,EAAE;wBACH,KAAK,EAAE,OAAO;qBACjB;iBACJ,CAAC,CAAC,IAAI,CAAC,YAAY,CAAC,EAAE;oBACnB,aAAM,CAAC,YAAY,CAAC,CAAC,EAAE,CAAC,EAAE,CAAC,EAAE,CAAC,IAAI,CAAC,CAAC;gBACxC,CAAC,CAAC,CAAC;YACP,CAAC,CAAC,CAAC;QACP,CAAC,CAAC,CAAC;IACP,CAAC,CAAC,CAAC;AACP,CAAC,CAAC,CAAC","sourcesContent":["import { ProductService } from '../../src/services/product.service';\r\nimport { Product, ProductAttributes } from '../../src/models/product.model';\r\nimport { User, UserAttributes } from '../../src/models/user.model';\r\nimport { expect } from 'chai';\r\n\r\ndescribe('ProductService Tests', () => {\r\n\r\n    const testProductService: ProductService = new ProductService();\r\n\r\n    const user1: UserAttributes = {\r\n        userId: 1,\r\n        userName: 'Luca',\r\n        password: 'notSecure10',\r\n        email: 'luca@gmail.com',\r\n        firstName: 'Luca',\r\n        lastName: 'Schaller',\r\n        gender: null,\r\n        telephoneNumber: null,\r\n        street: null,\r\n        pinCode: null,\r\n        city: 'Schmitten',\r\n        country: null,\r\n        admin: false,\r\n        wallet: 500\r\n    };\r\n\r\n    const product1: ProductAttributes = {\r\n        productId: 1,\r\n        isApproved: false,\r\n        title: 'Phone',\r\n        isProduct: true,\r\n        price: 300,\r\n        description: 'IPhone X',\r\n        location: 'Bern',\r\n        isSelling: true,\r\n        isAvailable: true,\r\n        isDeliverable: true,\r\n        rejectionReason: null,\r\n        userId: 1,\r\n        buyerId: null,\r\n        dateBought: null,\r\n        deletedAfterSold: false\r\n    };\r\n\r\n    before('create admin', function() {\r\n        User.create(user1);\r\n    });\r\n\r\n    describe('Test product listing', () => {\r\n        it('can list a product successfully', function() {\r\n            testProductService.create(product1).then(product => {\r\n                expect(product.title).to.be.eq('Phone');\r\n                expect(product.price).to.be.eq(300);\r\n                expect(product.rejectionReason).to.be.null;\r\n                Product.findOne({\r\n                    where: {\r\n                        title: 'Phone'\r\n                    }\r\n                }).then(foundProduct => {\r\n                    expect(foundProduct).not.to.be.null;\r\n                });\r\n            });\r\n        });\r\n        it('can not list product with missing necassary attributes', function() {\r\n            const product10: ProductAttributes = {\r\n                productId: 1,\r\n                isApproved: false,\r\n                title: null,\r\n                isProduct: true,\r\n                price: 300,\r\n                description: 'IPhone X',\r\n                location: 'Bern',\r\n                isSelling: true,\r\n                isAvailable: true,\r\n                isDeliverable: true,\r\n                rejectionReason: null,\r\n                userId: 1,\r\n                buyerId: null,\r\n                dateBought: null,\r\n                deletedAfterSold: false\r\n            };\r\n            testProductService.create(product1).catch(err => {\r\n                expect(err).not.to.be.null;\r\n            });\r\n        });\r\n    });\r\n    describe('Test update product', () => {\r\n        it('can update product', function() {\r\n            const product1: ProductAttributes = {\r\n                productId: 1,\r\n                isApproved: false,\r\n                title: 'Phone',\r\n                isProduct: true,\r\n                price: 300,\r\n                description: 'IPhone X',\r\n                location: 'Freiburg',\r\n                isSelling: true,\r\n                isAvailable: true,\r\n                isDeliverable: false,\r\n                rejectionReason: null,\r\n                userId: 1,\r\n                buyerId: null,\r\n                dateBought: null,\r\n                deletedAfterSold: false\r\n            };\r\n            testProductService.update(1, product1).then(updated => {\r\n                expect(updated.location).to.be.eq('Freiburg');\r\n                expect(updated.isDeliverable).to.be.false;\r\n            });\r\n        });\r\n        it('can not update product with unallowed data', function() {\r\n            const product1: ProductAttributes = {\r\n                productId: 1,\r\n                isApproved: false,\r\n                title: null,\r\n                isProduct: null,\r\n                price: 300,\r\n                description: 'IPhone X',\r\n                location: 'Bern',\r\n                isSelling: true,\r\n                isAvailable: true,\r\n                isDeliverable: true,\r\n                rejectionReason: null,\r\n                userId: 1,\r\n                buyerId: null,\r\n                dateBought: null,\r\n                deletedAfterSold: false\r\n            };\r\n            testProductService.update(1, product1).catch(err => {\r\n                expect(err).not.to.be.null;\r\n            });\r\n        });\r\n        it('can not update product which does not exist', function() {\r\n            const product10: ProductAttributes = {\r\n                productId: 10,\r\n                isApproved: false,\r\n                title: 'Phone',\r\n                isProduct: true,\r\n                price: 300,\r\n                description: 'IPhone X',\r\n                location: 'Bern',\r\n                isSelling: true,\r\n                isAvailable: true,\r\n                isDeliverable: true,\r\n                rejectionReason: null,\r\n                userId: 1,\r\n                buyerId: null,\r\n                dateBought: null,\r\n                deletedAfterSold: false\r\n            };\r\n            testProductService.update(10, product10).catch(err => {\r\n                expect(err).not.to.be.null;\r\n            });\r\n        });\r\n    });\r\n    describe('Test approve product', () => {\r\n        it('can approve products', function() {\r\n            testProductService.approve(1).then(approved => {\r\n                expect(approved.isApproved).to.be.true;\r\n            });\r\n        });\r\n        it('can not approve product which does not exist', function() {\r\n            testProductService.approve(2).catch(err => {\r\n                expect(err).not.to.be.null;\r\n            });\r\n        });\r\n    });\r\n    describe('Test reject product', () => {\r\n        it('can reject products', function() {\r\n            testProductService.reject(1, 'Please enter a better description!').then(rejected => {\r\n                expect(rejected.isApproved).to.be.false;\r\n                expect(rejected.rejectionReason).to.be.eq('Please enter a better description!');\r\n            });\r\n        });\r\n        it('can not reject product which does not exist', function() {\r\n            testProductService.reject(2, 'Please enter a better description!').catch(err => {\r\n                expect(err).not.to.be.null;\r\n            });\r\n        });\r\n    });\r\n    describe('Test delete product', () => {\r\n        it('can delete product', function() {\r\n            testProductService.delete(1).then(() => {\r\n                Product.findOne({\r\n                    where: {\r\n                        title: 'Phone'\r\n                    }\r\n                }).then(foundProduct => {\r\n                    expect(foundProduct).to.be.eq(null);\r\n                });\r\n            });\r\n        });\r\n    });\r\n});\r\n"]},"_coverageSchema":"1a1c01bbd47fc00a2c39e90264f33305004495a9","hash":"277bbfdf6a1bc1d8875ce474b53cfecae95f92de","contentHash":"cbedefc4f2e73d2f683c15ac4540986dbc83af50f6cae7bd90dfe5c3c80b41ff"},"D:\\Privat\\Uni\\ESE\\ese2020-team7\\backend\\src\\services\\product.service.ts":{"path":"D:\\Privat\\Uni\\ESE\\ese2020-team7\\backend\\src\\services\\product.service.ts","statementMap":{"0":{"start":{"line":2,"column":0},"end":{"line":2,"column":62}},"1":{"start":{"line":3,"column":0},"end":{"line":3,"column":32}},"2":{"start":{"line":4,"column":24},"end":{"line":4,"column":60}},"3":{"start":{"line":7,"column":8},"end":{"line":9,"column":47}},"4":{"start":{"line":8,"column":30},"end":{"line":8,"column":55}},"5":{"start":{"line":9,"column":26},"end":{"line":9,"column":45}},"6":{"start":{"line":12,"column":8},"end":{"line":17,"column":47}},"7":{"start":{"line":13,"column":27},"end":{"line":16,"column":10}},"8":{"start":{"line":15,"column":12},"end":{"line":15,"column":42}},"9":{"start":{"line":17,"column":26},"end":{"line":17,"column":45}},"10":{"start":{"line":20,"column":8},"end":{"line":25,"column":47}},"11":{"start":{"line":21,"column":27},"end":{"line":24,"column":10}},"12":{"start":{"line":23,"column":12},"end":{"line":23,"column":42}},"13":{"start":{"line":25,"column":26},"end":{"line":25,"column":45}},"14":{"start":{"line":28,"column":8},"end":{"line":33,"column":47}},"15":{"start":{"line":29,"column":27},"end":{"line":32,"column":10}},"16":{"start":{"line":31,"column":12},"end":{"line":31,"column":42}},"17":{"start":{"line":33,"column":26},"end":{"line":33,"column":45}},"18":{"start":{"line":36,"column":8},"end":{"line":39,"column":47}},"19":{"start":{"line":37,"column":27},"end":{"line":38,"column":47}},"20":{"start":{"line":38,"column":24},"end":{"line":38,"column":46}},"21":{"start":{"line":39,"column":26},"end":{"line":39,"column":45}},"22":{"start":{"line":42,"column":8},"end":{"line":42,"column":49}},"23":{"start":{"line":45,"column":8},"end":{"line":49,"column":11}},"24":{"start":{"line":52,"column":23},"end":{"line":52,"column":43}},"25":{"start":{"line":53,"column":8},"end":{"line":60,"column":11}},"26":{"start":{"line":63,"column":23},"end":{"line":63,"column":43}},"27":{"start":{"line":64,"column":8},"end":{"line":71,"column":11}},"28":{"start":{"line":74,"column":23},"end":{"line":74,"column":43}},"29":{"start":{"line":75,"column":8},"end":{"line":82,"column":11}},"30":{"start":{"line":85,"column":8},"end":{"line":89,"column":11}},"31":{"start":{"line":92,"column":23},"end":{"line":92,"column":43}},"32":{"start":{"line":93,"column":8},"end":{"line":101,"column":11}},"33":{"start":{"line":104,"column":23},"end":{"line":104,"column":43}},"34":{"start":{"line":105,"column":8},"end":{"line":113,"column":11}},"35":{"start":{"line":116,"column":23},"end":{"line":116,"column":43}},"36":{"start":{"line":117,"column":8},"end":{"line":125,"column":11}},"37":{"start":{"line":128,"column":23},"end":{"line":128,"column":43}},"38":{"start":{"line":129,"column":8},"end":{"line":137,"column":11}},"39":{"start":{"line":140,"column":23},"end":{"line":140,"column":43}},"40":{"start":{"line":141,"column":8},"end":{"line":149,"column":11}},"41":{"start":{"line":152,"column":23},"end":{"line":152,"column":43}},"42":{"start":{"line":153,"column":8},"end":{"line":160,"column":11}},"43":{"start":{"line":163,"column":23},"end":{"line":163,"column":43}},"44":{"start":{"line":164,"column":8},"end":{"line":172,"column":11}},"45":{"start":{"line":175,"column":8},"end":{"line":180,"column":47}},"46":{"start":{"line":176,"column":27},"end":{"line":179,"column":10}},"47":{"start":{"line":178,"column":12},"end":{"line":178,"column":42}},"48":{"start":{"line":180,"column":26},"end":{"line":180,"column":45}},"49":{"start":{"line":183,"column":23},"end":{"line":183,"column":43}},"50":{"start":{"line":184,"column":24},"end":{"line":184,"column":26}},"51":{"start":{"line":185,"column":8},"end":{"line":189,"column":9}},"52":{"start":{"line":186,"column":12},"end":{"line":188,"column":14}},"53":{"start":{"line":190,"column":8},"end":{"line":194,"column":9}},"54":{"start":{"line":191,"column":12},"end":{"line":193,"column":14}},"55":{"start":{"line":195,"column":8},"end":{"line":209,"column":9}},"56":{"start":{"line":196,"column":12},"end":{"line":198,"column":14}},"57":{"start":{"line":200,"column":13},"end":{"line":209,"column":9}},"58":{"start":{"line":201,"column":12},"end":{"line":203,"column":14}},"59":{"start":{"line":205,"column":13},"end":{"line":209,"column":9}},"60":{"start":{"line":206,"column":12},"end":{"line":208,"column":14}},"61":{"start":{"line":210,"column":8},"end":{"line":214,"column":9}},"62":{"start":{"line":211,"column":12},"end":{"line":213,"column":14}},"63":{"start":{"line":215,"column":8},"end":{"line":219,"column":9}},"64":{"start":{"line":216,"column":12},"end":{"line":218,"column":14}},"65":{"start":{"line":220,"column":8},"end":{"line":224,"column":9}},"66":{"start":{"line":221,"column":12},"end":{"line":223,"column":14}},"67":{"start":{"line":225,"column":8},"end":{"line":227,"column":10}},"68":{"start":{"line":228,"column":8},"end":{"line":230,"column":11}},"69":{"start":{"line":233,"column":0},"end":{"line":233,"column":40}}},"fnMap":{"0":{"name":"(anonymous_0)","decl":{"start":{"line":6,"column":4},"end":{"line":6,"column":5}},"loc":{"start":{"line":6,"column":20},"end":{"line":10,"column":5}},"line":6},"1":{"name":"(anonymous_1)","decl":{"start":{"line":8,"column":18},"end":{"line":8,"column":19}},"loc":{"start":{"line":8,"column":30},"end":{"line":8,"column":55}},"line":8},"2":{"name":"(anonymous_2)","decl":{"start":{"line":9,"column":19},"end":{"line":9,"column":20}},"loc":{"start":{"line":9,"column":26},"end":{"line":9,"column":45}},"line":9},"3":{"name":"(anonymous_3)","decl":{"start":{"line":11,"column":4},"end":{"line":11,"column":5}},"loc":{"start":{"line":11,"column":31},"end":{"line":18,"column":5}},"line":11},"4":{"name":"(anonymous_4)","decl":{"start":{"line":13,"column":18},"end":{"line":13,"column":19}},"loc":{"start":{"line":13,"column":27},"end":{"line":16,"column":10}},"line":13},"5":{"name":"(anonymous_5)","decl":{"start":{"line":14,"column":18},"end":{"line":14,"column":19}},"loc":{"start":{"line":14,"column":24},"end":{"line":16,"column":9}},"line":14},"6":{"name":"(anonymous_6)","decl":{"start":{"line":17,"column":19},"end":{"line":17,"column":20}},"loc":{"start":{"line":17,"column":26},"end":{"line":17,"column":45}},"line":17},"7":{"name":"(anonymous_7)","decl":{"start":{"line":19,"column":4},"end":{"line":19,"column":5}},"loc":{"start":{"line":19,"column":23},"end":{"line":26,"column":5}},"line":19},"8":{"name":"(anonymous_8)","decl":{"start":{"line":21,"column":18},"end":{"line":21,"column":19}},"loc":{"start":{"line":21,"column":27},"end":{"line":24,"column":10}},"line":21},"9":{"name":"(anonymous_9)","decl":{"start":{"line":22,"column":18},"end":{"line":22,"column":19}},"loc":{"start":{"line":22,"column":24},"end":{"line":24,"column":9}},"line":22},"10":{"name":"(anonymous_10)","decl":{"start":{"line":25,"column":19},"end":{"line":25,"column":20}},"loc":{"start":{"line":25,"column":26},"end":{"line":25,"column":45}},"line":25},"11":{"name":"(anonymous_11)","decl":{"start":{"line":27,"column":4},"end":{"line":27,"column":5}},"loc":{"start":{"line":27,"column":39},"end":{"line":34,"column":5}},"line":27},"12":{"name":"(anonymous_12)","decl":{"start":{"line":29,"column":18},"end":{"line":29,"column":19}},"loc":{"start":{"line":29,"column":27},"end":{"line":32,"column":10}},"line":29},"13":{"name":"(anonymous_13)","decl":{"start":{"line":30,"column":18},"end":{"line":30,"column":19}},"loc":{"start":{"line":30,"column":24},"end":{"line":32,"column":9}},"line":30},"14":{"name":"(anonymous_14)","decl":{"start":{"line":33,"column":19},"end":{"line":33,"column":20}},"loc":{"start":{"line":33,"column":26},"end":{"line":33,"column":45}},"line":33},"15":{"name":"(anonymous_15)","decl":{"start":{"line":35,"column":4},"end":{"line":35,"column":5}},"loc":{"start":{"line":35,"column":22},"end":{"line":40,"column":5}},"line":35},"16":{"name":"(anonymous_16)","decl":{"start":{"line":37,"column":18},"end":{"line":37,"column":19}},"loc":{"start":{"line":37,"column":27},"end":{"line":38,"column":47}},"line":37},"17":{"name":"(anonymous_17)","decl":{"start":{"line":38,"column":18},"end":{"line":38,"column":19}},"loc":{"start":{"line":38,"column":24},"end":{"line":38,"column":46}},"line":38},"18":{"name":"(anonymous_18)","decl":{"start":{"line":39,"column":19},"end":{"line":39,"column":20}},"loc":{"start":{"line":39,"column":26},"end":{"line":39,"column":45}},"line":39},"19":{"name":"(anonymous_19)","decl":{"start":{"line":41,"column":4},"end":{"line":41,"column":5}},"loc":{"start":{"line":41,"column":21},"end":{"line":43,"column":5}},"line":41},"20":{"name":"(anonymous_20)","decl":{"start":{"line":44,"column":4},"end":{"line":44,"column":5}},"loc":{"start":{"line":44,"column":26},"end":{"line":50,"column":5}},"line":44},"21":{"name":"(anonymous_21)","decl":{"start":{"line":51,"column":4},"end":{"line":51,"column":5}},"loc":{"start":{"line":51,"column":26},"end":{"line":61,"column":5}},"line":51},"22":{"name":"(anonymous_22)","decl":{"start":{"line":62,"column":4},"end":{"line":62,"column":5}},"loc":{"start":{"line":62,"column":27},"end":{"line":72,"column":5}},"line":62},"23":{"name":"(anonymous_23)","decl":{"start":{"line":73,"column":4},"end":{"line":73,"column":5}},"loc":{"start":{"line":73,"column":30},"end":{"line":83,"column":5}},"line":73},"24":{"name":"(anonymous_24)","decl":{"start":{"line":84,"column":4},"end":{"line":84,"column":5}},"loc":{"start":{"line":84,"column":30},"end":{"line":90,"column":5}},"line":84},"25":{"name":"(anonymous_25)","decl":{"start":{"line":91,"column":4},"end":{"line":91,"column":5}},"loc":{"start":{"line":91,"column":38},"end":{"line":102,"column":5}},"line":91},"26":{"name":"(anonymous_26)","decl":{"start":{"line":103,"column":4},"end":{"line":103,"column":5}},"loc":{"start":{"line":103,"column":37},"end":{"line":114,"column":5}},"line":103},"27":{"name":"(anonymous_27)","decl":{"start":{"line":115,"column":4},"end":{"line":115,"column":5}},"loc":{"start":{"line":115,"column":38},"end":{"line":126,"column":5}},"line":115},"28":{"name":"(anonymous_28)","decl":{"start":{"line":127,"column":4},"end":{"line":127,"column":5}},"loc":{"start":{"line":127,"column":35},"end":{"line":138,"column":5}},"line":127},"29":{"name":"(anonymous_29)","decl":{"start":{"line":139,"column":4},"end":{"line":139,"column":5}},"loc":{"start":{"line":139,"column":37},"end":{"line":150,"column":5}},"line":139},"30":{"name":"(anonymous_30)","decl":{"start":{"line":151,"column":4},"end":{"line":151,"column":5}},"loc":{"start":{"line":151,"column":36},"end":{"line":161,"column":5}},"line":151},"31":{"name":"(anonymous_31)","decl":{"start":{"line":162,"column":4},"end":{"line":162,"column":5}},"loc":{"start":{"line":162,"column":34},"end":{"line":173,"column":5}},"line":162},"32":{"name":"(anonymous_32)","decl":{"start":{"line":174,"column":4},"end":{"line":174,"column":5}},"loc":{"start":{"line":174,"column":38},"end":{"line":181,"column":5}},"line":174},"33":{"name":"(anonymous_33)","decl":{"start":{"line":176,"column":18},"end":{"line":176,"column":19}},"loc":{"start":{"line":176,"column":27},"end":{"line":179,"column":10}},"line":176},"34":{"name":"(anonymous_34)","decl":{"start":{"line":177,"column":18},"end":{"line":177,"column":19}},"loc":{"start":{"line":177,"column":24},"end":{"line":179,"column":9}},"line":177},"35":{"name":"(anonymous_35)","decl":{"start":{"line":180,"column":19},"end":{"line":180,"column":20}},"loc":{"start":{"line":180,"column":26},"end":{"line":180,"column":45}},"line":180},"36":{"name":"(anonymous_36)","decl":{"start":{"line":182,"column":4},"end":{"line":182,"column":5}},"loc":{"start":{"line":182,"column":20},"end":{"line":231,"column":5}},"line":182}},"branchMap":{"0":{"loc":{"start":{"line":185,"column":8},"end":{"line":189,"column":9}},"type":"if","locations":[{"start":{"line":185,"column":8},"end":{"line":189,"column":9}},{"start":{"line":185,"column":8},"end":{"line":189,"column":9}}],"line":185},"1":{"loc":{"start":{"line":190,"column":8},"end":{"line":194,"column":9}},"type":"if","locations":[{"start":{"line":190,"column":8},"end":{"line":194,"column":9}},{"start":{"line":190,"column":8},"end":{"line":194,"column":9}}],"line":190},"2":{"loc":{"start":{"line":195,"column":8},"end":{"line":209,"column":9}},"type":"if","locations":[{"start":{"line":195,"column":8},"end":{"line":209,"column":9}},{"start":{"line":195,"column":8},"end":{"line":209,"column":9}}],"line":195},"3":{"loc":{"start":{"line":195,"column":12},"end":{"line":195,"column":48}},"type":"binary-expr","locations":[{"start":{"line":195,"column":12},"end":{"line":195,"column":28}},{"start":{"line":195,"column":32},"end":{"line":195,"column":48}}],"line":195},"4":{"loc":{"start":{"line":200,"column":13},"end":{"line":209,"column":9}},"type":"if","locations":[{"start":{"line":200,"column":13},"end":{"line":209,"column":9}},{"start":{"line":200,"column":13},"end":{"line":209,"column":9}}],"line":200},"5":{"loc":{"start":{"line":200,"column":17},"end":{"line":200,"column":54}},"type":"binary-expr","locations":[{"start":{"line":200,"column":17},"end":{"line":200,"column":33}},{"start":{"line":200,"column":37},"end":{"line":200,"column":54}}],"line":200},"6":{"loc":{"start":{"line":205,"column":13},"end":{"line":209,"column":9}},"type":"if","locations":[{"start":{"line":205,"column":13},"end":{"line":209,"column":9}},{"start":{"line":205,"column":13},"end":{"line":209,"column":9}}],"line":205},"7":{"loc":{"start":{"line":205,"column":17},"end":{"line":205,"column":54}},"type":"binary-expr","locations":[{"start":{"line":205,"column":17},"end":{"line":205,"column":34}},{"start":{"line":205,"column":38},"end":{"line":205,"column":54}}],"line":205},"8":{"loc":{"start":{"line":210,"column":8},"end":{"line":214,"column":9}},"type":"if","locations":[{"start":{"line":210,"column":8},"end":{"line":214,"column":9}},{"start":{"line":210,"column":8},"end":{"line":214,"column":9}}],"line":210},"9":{"loc":{"start":{"line":215,"column":8},"end":{"line":219,"column":9}},"type":"if","locations":[{"start":{"line":215,"column":8},"end":{"line":219,"column":9}},{"start":{"line":215,"column":8},"end":{"line":219,"column":9}}],"line":215},"10":{"loc":{"start":{"line":220,"column":8},"end":{"line":224,"column":9}},"type":"if","locations":[{"start":{"line":220,"column":8},"end":{"line":224,"column":9}},{"start":{"line":220,"column":8},"end":{"line":224,"column":9}}],"line":220}},"s":{"0":1,"1":1,"2":1,"3":2,"4":0,"5":2,"6":3,"7":0,"8":0,"9":3,"10":2,"11":0,"12":0,"13":2,"14":2,"15":0,"16":0,"17":2,"18":1,"19":0,"20":0,"21":1,"22":0,"23":0,"24":0,"25":0,"26":0,"27":0,"28":0,"29":0,"30":0,"31":0,"32":0,"33":0,"34":0,"35":0,"36":0,"37":0,"38":0,"39":0,"40":0,"41":0,"42":0,"43":0,"44":0,"45":0,"46":0,"47":0,"48":0,"49":0,"50":0,"51":0,"52":0,"53":0,"54":0,"55":0,"56":0,"57":0,"58":0,"59":0,"60":0,"61":0,"62":0,"63":0,"64":0,"65":0,"66":0,"67":0,"68":0,"69":1},"f":{"0":2,"1":0,"2":2,"3":3,"4":0,"5":0,"6":3,"7":2,"8":0,"9":0,"10":2,"11":2,"12":0,"13":0,"14":2,"15":1,"16":0,"17":0,"18":1,"19":0,"20":0,"21":0,"22":0,"23":0,"24":0,"25":0,"26":0,"27":0,"28":0,"29":0,"30":0,"31":0,"32":0,"33":0,"34":0,"35":0,"36":0},"b":{"0":[0,0],"1":[0,0],"2":[0,0],"3":[0,0],"4":[0,0],"5":[0,0],"6":[0,0],"7":[0,0],"8":[0,0],"9":[0,0],"10":[0,0]},"inputSourceMap":{"version":3,"file":"D:/Privat/Uni/ESE/ese2020-team7/backend/src/services/product.service.ts","sources":["D:/Privat/Uni/ESE/ese2020-team7/backend/src/services/product.service.ts"],"names":[],"mappings":";;;AACA,6DAAuE;AAEvE,MAAa,cAAc;IAEhB,MAAM,CAAC,OAA0B;QACpC,OAAO,uBAAO,CAAC,MAAM,CAAC,OAAO,CAAC;aAC7B,IAAI,CAAC,QAAQ,CAAC,EAAE,CAAC,OAAO,CAAC,OAAO,CAAC,QAAQ,CAAC,CAAC;aAC3C,KAAK,CAAC,GAAG,CAAC,EAAE,CAAC,OAAO,CAAC,MAAM,CAAC,GAAG,CAAC,CAAC,CAAC;IACvC,CAAC;IAEM,MAAM,CAAC,SAAiB,EAAE,OAA0B;QACvD,OAAO,uBAAO,CAAC,QAAQ,CAAC,SAAS,CAAC;aACjC,IAAI,CAAC,KAAK,CAAC,EAAE,CACN,KAAK,CAAC,MAAM,CAAC,OAAO,CAAC;aACpB,IAAI,CAAC,GAAG,EAAE;YAAG,OAAO,OAAO,CAAC,OAAO,CAAC,KAAK,CAAC,CAAC;QAC5C,CAAC,CAAC,CACT;aACA,KAAK,CAAC,GAAG,CAAC,EAAE,CAAC,OAAO,CAAC,MAAM,CAAC,GAAG,CAAC,CAAC,CAAC;IACvC,CAAC;IAEM,OAAO,CAAC,SAAiB;QAC5B,OAAO,uBAAO,CAAC,QAAQ,CAAC,SAAS,CAAC;aACjC,IAAI,CAAC,KAAK,CAAC,EAAE,CACV,KAAK,CAAC,MAAM,CAAC,EAAC,UAAU,EAAE,IAAI,EAAC,CAAC;aAC/B,IAAI,CAAC,GAAG,EAAE;YAAG,OAAO,OAAO,CAAC,OAAO,CAAC,KAAK,CAAC,CAAC;QAC5C,CAAC,CAAC,CACL;aACA,KAAK,CAAC,GAAG,CAAC,EAAE,CAAC,OAAO,CAAC,MAAM,CAAC,GAAG,CAAC,CAAC,CAAC;IACvC,CAAC;IAEM,MAAM,CAAC,SAAiB,EAAE,eAAuB;QACpD,OAAO,uBAAO,CAAC,QAAQ,CAAC,SAAS,CAAC;aACjC,IAAI,CAAC,KAAK,CAAC,EAAE,CACV,KAAK,CAAC,MAAM,CAAC,EAAC,UAAU,EAAE,KAAK,EAAE,eAAe,EAAE,eAAe,EAAC,CAAC;aAClE,IAAI,CAAC,GAAG,EAAE;YAAG,OAAO,OAAO,CAAC,OAAO,CAAC,KAAK,CAAC,CAAC;QAC5C,CAAC,CAAC,CACL;aACA,KAAK,CAAC,GAAG,CAAC,EAAE,CAAC,OAAO,CAAC,MAAM,CAAC,GAAG,CAAC,CAAC,CAAC;IACvC,CAAC;IAEM,MAAM,CAAC,SAAiB;QAC3B,OAAO,uBAAO,CAAC,QAAQ,CAAC,SAAS,CAAC;aACjC,IAAI,CAAC,KAAK,CAAC,EAAE,CACV,KAAK,CAAC,OAAO,EAAE;aACd,IAAI,CAAC,GAAG,EAAE,CAAC,OAAO,CAAC,OAAO,CAAC,KAAK,CAAC,CAAC,CACtC;aACA,KAAK,CAAC,GAAG,CAAC,EAAE,CAAC,OAAO,CAAC,MAAM,CAAC,GAAG,CAAC,CAAC,CAAC;IACvC,CAAC;IAEM,cAAc;QACjB,OAAO,uBAAO,CAAC,OAAO,EAAE,CAAC;IAC7B,CAAC;IAEM,mBAAmB;QACtB,OAAO,uBAAO,CAAC,OAAO,CAAC;YACnB,KAAK,EAAE;gBACH,UAAU,EAAE,IAAI;aACnB;SACJ,CAAC,CAAC;IACP,CAAC;IAEM,mBAAmB;QACtB,MAAM,EAAE,EAAE,EAAE,GAAG,OAAO,CAAC,WAAW,CAAC,CAAC;QACpC,OAAO,uBAAO,CAAC,OAAO,CAAC;YACnB,KAAK,EAAE;gBACH,CAAE,EAAE,CAAC,GAAG,CAAE,EAAE;oBACR,EAAE,UAAU,EAAE,KAAK,EAAE;oBACrB,EAAE,eAAe,EAAE,EAAE,CAAE,EAAE,CAAC,GAAG,CAAE,EAAE,IAAI,EAAE,EAAC;iBAC3C;aACJ;SACJ,CAAC,CAAC;IACP,CAAC;IAEM,oBAAoB;QACvB,MAAM,EAAE,EAAE,EAAE,GAAG,OAAO,CAAC,WAAW,CAAC,CAAC;QACpC,OAAO,uBAAO,CAAC,OAAO,CAAC;YACnB,KAAK,EAAE;gBACH,CAAE,EAAE,CAAC,GAAG,CAAE,EAAE;oBACR,EAAE,UAAU,EAAE,KAAK,EAAE;oBACrB,EAAE,eAAe,EAAE,IAAI,EAAC;iBAC3B;aACJ;SACJ,CAAC,CAAC;IACP,CAAC;IAEM,aAAa,CAAC,UAAkB;QACnC,MAAM,EAAE,EAAE,EAAE,GAAG,OAAO,CAAC,WAAW,CAAC,CAAC;QACpC,OAAO,uBAAO,CAAC,OAAO,CAAC;YACnB,KAAK,EAAE;gBACH,CAAE,EAAE,CAAC,GAAG,CAAE,EAAE;oBACR,EAAE,OAAO,EAAE,UAAU,EAAC;oBACtB,EAAE,gBAAgB,EAAE,KAAK,EAAE;iBAC9B;aACJ;SACJ,CAAC,CAAC;IACP,CAAC;IAEM,UAAU,CAAC,aAAqB;QACnC,OAAO,uBAAO,CAAC,OAAO,CAAC;YACnB,KAAK,EAAE;gBACH,SAAS,EAAE,aAAa;aAC3B;SACJ,CAAC,CAAC;IACP,CAAC;IAEM,qBAAqB,CAAC,UAAkB;QAC3C,MAAM,EAAE,EAAE,EAAE,GAAG,OAAO,CAAC,WAAW,CAAC,CAAC;QACpC,OAAO,uBAAO,CAAC,OAAO,CAAC;YACnB,KAAK,EAAE;gBACH,CAAE,EAAE,CAAC,GAAG,CAAE,EAAE;oBACR,EAAE,MAAM,EAAE,UAAU,EAAE;oBACtB,EAAE,UAAU,EAAE,KAAK,EAAC;oBACpB,EAAE,eAAe,EAAE,EAAE,CAAE,EAAE,CAAC,GAAG,CAAE,EAAE,IAAI,EAAE,EAAC;iBAC3C;aACJ;SACJ,CAAC,CAAC;IACP,CAAC;IAEM,oBAAoB,CAAC,UAAkB;QAC1C,MAAM,EAAE,EAAE,EAAE,GAAG,OAAO,CAAC,WAAW,CAAC,CAAC;QACpC,OAAO,uBAAO,CAAC,OAAO,CAAC;YACnB,KAAK,EAAE;gBACH,CAAE,EAAE,CAAC,GAAG,CAAE,EAAE;oBACR,EAAE,MAAM,EAAE,UAAU,EAAC;oBACrB,EAAE,UAAU,EAAE,KAAK,EAAC;oBACpB,EAAE,eAAe,EAAE,IAAI,EAAC;iBAC3B;aACJ;SACJ,CAAC,CAAC;IACP,CAAC;IAEM,qBAAqB,CAAC,UAAkB;QAC3C,MAAM,EAAE,EAAE,EAAE,GAAG,OAAO,CAAC,WAAW,CAAC,CAAC;QACpC,OAAO,uBAAO,CAAC,OAAO,CAAC;YACnB,KAAK,EAAE;gBACH,CAAE,EAAE,CAAC,GAAG,CAAE,EAAE;oBACR,EAAE,MAAM,EAAE,UAAU,EAAC;oBACrB,EAAE,UAAU,EAAE,IAAI,EAAC;oBACnB,EAAE,WAAW,EAAE,IAAI,EAAE;iBACxB;aACJ;SACJ,CAAC,CAAC;IACP,CAAC;IAEM,kBAAkB,CAAC,UAAkB;QACxC,MAAM,EAAE,EAAE,EAAE,GAAG,OAAO,CAAC,WAAW,CAAC,CAAC;QACpC,OAAO,uBAAO,CAAC,OAAO,CAAC;YACnB,KAAK,EAAE;gBACH,CAAE,EAAE,CAAC,GAAG,CAAE,EAAE;oBACR,EAAE,OAAO,EAAE,UAAU,EAAC;oBACtB,EAAE,SAAS,EAAE,IAAI,EAAE;oBACnB,EAAE,SAAS,EAAE,IAAI,EAAE;iBACtB;aACJ;SACJ,CAAC,CAAC;IACP,CAAC;IAEM,oBAAoB,CAAC,UAAkB;QAC1C,MAAM,EAAE,EAAE,EAAE,GAAG,OAAO,CAAC,WAAW,CAAC,CAAC;QACpC,OAAO,uBAAO,CAAC,OAAO,CAAC;YACnB,KAAK,EAAE;gBACH,CAAE,EAAE,CAAC,GAAG,CAAE,EAAE;oBACR,EAAE,OAAO,EAAE,UAAU,EAAC;oBACtB,EAAE,SAAS,EAAE,IAAI,EAAE;oBACnB,EAAE,SAAS,EAAE,KAAK,EAAE;iBACvB;aACJ;SACJ,CAAC,CAAC;IACP,CAAC;IAEM,mBAAmB,CAAC,UAAkB;QACzC,MAAM,EAAE,EAAE,EAAE,GAAG,OAAO,CAAC,WAAW,CAAC,CAAC;QACpC,OAAO,uBAAO,CAAC,OAAO,CAAC;YACnB,KAAK,EAAE;gBACH,CAAE,EAAE,CAAC,GAAG,CAAE,EAAE;oBACR,EAAE,OAAO,EAAE,UAAU,EAAC;oBACtB,EAAE,SAAS,EAAE,KAAK,EAAE;iBACvB;aACJ;SACJ,CAAC,CAAC;IACP,CAAC;IAEM,iBAAiB,CAAC,UAAkB;QACvC,MAAM,EAAE,EAAE,EAAE,GAAG,OAAO,CAAC,WAAW,CAAC,CAAC;QACpC,OAAO,uBAAO,CAAC,OAAO,CAAC;YACnB,KAAK,EAAE;gBACH,CAAE,EAAE,CAAC,GAAG,CAAE,EAAE;oBACR,EAAE,MAAM,EAAE,UAAU,EAAE;oBACtB,EAAE,OAAO,EAAE,EAAE,CAAE,EAAE,CAAC,GAAG,CAAE,EAAE,IAAI,EAAE,EAAC;oBAChC,EAAE,gBAAgB,EAAE,KAAK,EAAE;iBAC9B;aACJ;SACJ,CAAC,CAAC;IACP,CAAC;IAEM,sBAAsB,CAAC,SAAiB;QAC3C,OAAO,uBAAO,CAAC,QAAQ,CAAC,SAAS,CAAC;aACjC,IAAI,CAAC,KAAK,CAAC,EAAE,CACV,KAAK,CAAC,MAAM,CAAC,EAAC,gBAAgB,EAAE,IAAI,EAAC,CAAC;aACrC,IAAI,CAAC,GAAG,EAAE;YAAG,OAAO,OAAO,CAAC,OAAO,CAAC,KAAK,CAAC,CAAC;QAC5C,CAAC,CAAC,CACL;aACA,KAAK,CAAC,GAAG,CAAC,EAAE,CAAC,OAAO,CAAC,MAAM,CAAC,GAAG,CAAC,CAAC,CAAC;IACvC,CAAC;IAEM,MAAM,CAAC,OAAsB;QAChC,MAAM,EAAE,EAAE,EAAE,GAAG,OAAO,CAAC,WAAW,CAAC,CAAC;QAEpC,MAAM,OAAO,GAAQ,EAAE,CAAC;QAExB,IAAI,OAAO,CAAC,KAAK,EAAE;YACf,OAAO,CAAC,KAAK,GAAG;gBACZ,CAAE,EAAE,CAAC,SAAS,CAAE,EAAE,OAAO,CAAC,KAAK;aAClC,CAAC;SACL;QAED,IAAI,OAAO,CAAC,QAAQ,EAAE;YAClB,OAAO,CAAC,QAAQ,GAAG;gBACf,CAAE,EAAE,CAAC,SAAS,CAAE,EAAE,OAAO,CAAC,QAAQ;aACrC,CAAC;SACL;QAED,IAAI,OAAO,CAAC,QAAQ,IAAI,OAAO,CAAC,QAAQ,EAAE;YACtC,OAAO,CAAC,KAAK,GAAG;gBACZ,CAAE,EAAE,CAAC,OAAO,CAAE,EAAE,CAAE,OAAO,CAAC,QAAQ,EAAE,OAAO,CAAC,QAAQ,CAAC;aACxD,CAAC;SACL;aAAM,IAAI,OAAO,CAAC,QAAQ,IAAI,CAAC,OAAO,CAAC,QAAQ,EAAE;YAC9C,OAAO,CAAC,KAAK,GAAG;gBACZ,CAAE,EAAE,CAAC,GAAG,CAAE,EAAE,OAAO,CAAC,QAAQ;aAC/B,CAAC;SACL;aAAM,IAAI,CAAC,OAAO,CAAC,QAAQ,IAAI,OAAO,CAAC,QAAQ,EAAE;YAC9C,OAAO,CAAC,KAAK,GAAG;gBACZ,CAAE,EAAE,CAAC,GAAG,CAAE,EAAE,OAAO,CAAC,QAAQ;aAC/B,CAAC;SACL;QAED,IAAI,OAAO,CAAC,aAAa,IAAI,IAAI,EAAE;YAC/B,OAAO,CAAC,aAAa,GAAG;gBACpB,CAAE,EAAE,CAAC,EAAE,CAAE,EAAE,OAAO,CAAC,aAAa;aACnC,CAAC;SACL;QAED,IAAI,OAAO,CAAC,SAAS,IAAI,IAAI,EAAE;YAC3B,OAAO,CAAC,SAAS,GAAG;gBAChB,CAAE,EAAE,CAAC,EAAE,CAAE,EAAE,OAAO,CAAC,SAAS;aAC/B,CAAC;SACL;QAED,IAAI,OAAO,CAAC,SAAS,IAAI,IAAI,EAAE;YAC3B,OAAO,CAAC,SAAS,GAAG;gBAChB,CAAE,EAAE,CAAC,EAAE,CAAE,EAAE,OAAO,CAAC,SAAS;aAC/B,CAAC;SACL;QAED,OAAO,CAAC,UAAU,GAAG;YACjB,CAAE,EAAE,CAAC,EAAE,CAAE,EAAE,IAAI;SAClB,CAAC;QAEF,OAAO,uBAAO,CAAC,OAAO,CAAC;YACnB,KAAK,EAAE,OAAO;SACjB,CAAC,CAAC;IACP,CAAC;CACJ;AApQD,wCAoQC","sourcesContent":["import { SearchRequest } from '../models/search.model';\r\nimport { Product, ProductAttributes } from './../models/product.model';\r\n\r\nexport class ProductService {\r\n\r\n    public create(product: ProductAttributes): Promise<Product> {\r\n        return Product.create(product)\r\n        .then(inserted => Promise.resolve(inserted))\r\n        .catch(err => Promise.reject(err));\r\n    }\r\n\r\n    public update(productId: number, product: ProductAttributes): Promise<Product> {\r\n        return Product.findByPk(productId)\r\n        .then(found =>\r\n                found.update(product)\r\n                .then(() => { return Promise.resolve(found);\r\n                })\r\n        )\r\n        .catch(err => Promise.reject(err));\r\n    }\r\n\r\n    public approve(productId: number): Promise<Product> {\r\n        return Product.findByPk(productId)\r\n        .then(found =>\r\n            found.update({isApproved: true})\r\n            .then(() => { return Promise.resolve(found);\r\n            })\r\n        )\r\n        .catch(err => Promise.reject(err));\r\n    }\r\n\r\n    public reject(productId: number, rejectionReason: string): Promise<Product> {\r\n        return Product.findByPk(productId)\r\n        .then(found =>\r\n            found.update({isApproved: false, rejectionReason: rejectionReason})\r\n            .then(() => { return Promise.resolve(found);\r\n            })\r\n        )\r\n        .catch(err => Promise.reject(err));\r\n    }\r\n\r\n    public delete(productId: number): Promise<Product> {\r\n        return Product.findByPk(productId)\r\n        .then(found =>\r\n            found.destroy()\r\n            .then(() => Promise.resolve(found))\r\n        )\r\n        .catch(err => Promise.reject(err));\r\n    }\r\n\r\n    public getAllProducts(): Promise<Product[]> {\r\n        return Product.findAll();\r\n    }\r\n\r\n    public getApprovedProducts(): Promise<Product[]> {\r\n        return Product.findAll({\r\n            where: {\r\n                isApproved: true\r\n            }\r\n        });\r\n    }\r\n\r\n    public getRejectedProducts(): Promise<Product[]> {\r\n        const { Op } = require('sequelize');\r\n        return Product.findAll({\r\n            where: {\r\n                [ Op.and ]: [\r\n                    { isApproved: false },\r\n                    { rejectionReason: { [ Op.not ]: null }}\r\n                ]\r\n            }\r\n        });\r\n    }\r\n\r\n    public getUncheckedProducts(): Promise<Product[]> {\r\n        const { Op } = require('sequelize');\r\n        return Product.findAll({\r\n            where: {\r\n                [ Op.and ]: [\r\n                    { isApproved: false },\r\n                    { rejectionReason: null}\r\n                ]\r\n            }\r\n        });\r\n    }\r\n\r\n    public getMyProducts(thisUserId: number): Promise<Product[]> {\r\n        const { Op } = require('sequelize');\r\n        return Product.findAll({\r\n            where: {\r\n                [ Op.and ]: [\r\n                    { buyerId: thisUserId},\r\n                    { deletedAfterSold: false }\r\n                ]\r\n            }\r\n        });\r\n    }\r\n\r\n    public getProduct(thisProductId: number): Promise<Product> {\r\n        return Product.findOne({\r\n            where: {\r\n                productId: thisProductId\r\n            }\r\n        });\r\n    }\r\n\r\n    public getMyRejectedProducts(thisUserId: number): Promise<Product[]> {\r\n        const { Op } = require('sequelize');\r\n        return Product.findAll({\r\n            where: {\r\n                [ Op.and ]: [\r\n                    { userId: thisUserId },\r\n                    { isApproved: false},\r\n                    { rejectionReason: { [ Op.not ]: null }}\r\n                ]\r\n            }\r\n        });\r\n    }\r\n\r\n    public getMyPendingProducts(thisUserId: number): Promise<Product[]> {\r\n        const { Op } = require('sequelize');\r\n        return Product.findAll({\r\n            where: {\r\n                [ Op.and ]: [\r\n                    { userId: thisUserId},\r\n                    { isApproved: false},\r\n                    { rejectionReason: null}\r\n                ]\r\n            }\r\n        });\r\n    }\r\n\r\n    public getMyApprovedProducts(thisUserId: number): Promise<Product[]> {\r\n        const { Op } = require('sequelize');\r\n        return Product.findAll({\r\n            where: {\r\n                [ Op.and ]: [\r\n                    { userId: thisUserId},\r\n                    { isApproved: true},\r\n                    { isAvailable: true }\r\n                ]\r\n            }\r\n        });\r\n    }\r\n\r\n    public getProductsIBought(thisUserId: number): Promise<Product[]> {\r\n        const { Op } = require('sequelize');\r\n        return Product.findAll({\r\n            where: {\r\n                [ Op.and ]: [\r\n                    { buyerId: thisUserId},\r\n                    { isProduct: true },\r\n                    { isSelling: true }\r\n                ]\r\n            }\r\n        });\r\n    }\r\n\r\n    public getProductsImRenting(thisUserId: number): Promise<Product[]> {\r\n        const { Op } = require('sequelize');\r\n        return Product.findAll({\r\n            where: {\r\n                [ Op.and ]: [\r\n                    { buyerId: thisUserId},\r\n                    { isProduct: true },\r\n                    { isSelling: false }\r\n                ]\r\n            }\r\n        });\r\n    }\r\n\r\n    public getServiceImUtilize(thisUserId: number): Promise<Product[]> {\r\n        const { Op } = require('sequelize');\r\n        return Product.findAll({\r\n            where: {\r\n                [ Op.and ]: [\r\n                    { buyerId: thisUserId},\r\n                    { isProduct: false },\r\n                ]\r\n            }\r\n        });\r\n    }\r\n\r\n    public getMySoldProducts(thisUserId: number): Promise<Product[]> {\r\n        const { Op } = require('sequelize');\r\n        return Product.findAll({\r\n            where: {\r\n                [ Op.and ]: [\r\n                    { userId: thisUserId },\r\n                    { buyerId: { [ Op.not ]: null }},\r\n                    { deletedAfterSold: false }\r\n                ]\r\n            }\r\n        });\r\n    }\r\n\r\n    public deleteProductAfterSold(productId: number): Promise<Product> {\r\n        return Product.findByPk(productId)\r\n        .then(found =>\r\n            found.update({deletedAfterSold: true})\r\n            .then(() => { return Promise.resolve(found);\r\n            })\r\n        )\r\n        .catch(err => Promise.reject(err));\r\n    }\r\n\r\n    public search(filters: SearchRequest): Promise<Product[]> {\r\n        const { Op } = require('sequelize');\r\n\r\n        const options: any = {};\r\n\r\n        if (filters.title) {\r\n            options.title = {\r\n                [ Op.substring ]: filters.title\r\n            };\r\n        }\r\n\r\n        if (filters.location) {\r\n            options.location = {\r\n                [ Op.substring ]: filters.location\r\n            };\r\n        }\r\n\r\n        if (filters.minPrice && filters.maxPrice) {\r\n            options.price = {\r\n                [ Op.between ]: [ filters.minPrice, filters.maxPrice]\r\n            };\r\n        } else if (filters.minPrice && !filters.maxPrice) {\r\n            options.price = {\r\n                [ Op.gte ]: filters.minPrice\r\n            };\r\n        } else if (!filters.minPrice && filters.maxPrice) {\r\n            options.price = {\r\n                [ Op.lte ]: filters.maxPrice\r\n            };\r\n        }\r\n\r\n        if (filters.isDeliverable != null) {\r\n            options.isDeliverable = {\r\n                [ Op.is ]: filters.isDeliverable\r\n            };\r\n        }\r\n\r\n        if (filters.isProduct != null) {\r\n            options.isProduct = {\r\n                [ Op.is ]: filters.isProduct\r\n            };\r\n        }\r\n\r\n        if (filters.isSelling != null) {\r\n            options.isSelling = {\r\n                [ Op.is ]: filters.isSelling\r\n            };\r\n        }\r\n\r\n        options.isApproved = {\r\n            [ Op.is ]: true\r\n        };\r\n\r\n        return Product.findAll({\r\n            where: options\r\n        });\r\n    }\r\n}\r\n"]},"_coverageSchema":"1a1c01bbd47fc00a2c39e90264f33305004495a9","hash":"ac25981138705de4e14ecbf9b35c1fa27f117439","contentHash":"6528a890110944e034c51cd60334e2d40e319f0ecb86f23ea8721ed478244ac4"},"D:\\Privat\\Uni\\ESE\\ese2020-team7\\backend\\src\\models\\product.model.ts":{"path":"D:\\Privat\\Uni\\ESE\\ese2020-team7\\backend\\src\\models\\product.model.ts","statementMap":{"0":{"start":{"line":2,"column":0},"end":{"line":2,"column":62}},"1":{"start":{"line":3,"column":0},"end":{"line":3,"column":25}},"2":{"start":{"line":4,"column":20},"end":{"line":4,"column":40}},"3":{"start":{"line":5,"column":21},"end":{"line":5,"column":44}},"4":{"start":{"line":8,"column":8},"end":{"line":72,"column":11}},"5":{"start":{"line":75,"column":8},"end":{"line":80,"column":11}},"6":{"start":{"line":83,"column":0},"end":{"line":83,"column":26}}},"fnMap":{"0":{"name":"(anonymous_0)","decl":{"start":{"line":7,"column":4},"end":{"line":7,"column":5}},"loc":{"start":{"line":7,"column":33},"end":{"line":73,"column":5}},"line":7},"1":{"name":"(anonymous_1)","decl":{"start":{"line":74,"column":4},"end":{"line":74,"column":5}},"loc":{"start":{"line":74,"column":32},"end":{"line":81,"column":5}},"line":74}},"branchMap":{},"s":{"0":1,"1":1,"2":1,"3":1,"4":0,"5":0,"6":1},"f":{"0":0,"1":0},"b":{},"inputSourceMap":{"version":3,"file":"D:/Privat/Uni/ESE/ese2020-team7/backend/src/models/product.model.ts","sources":["D:/Privat/Uni/ESE/ese2020-team7/backend/src/models/product.model.ts"],"names":[],"mappings":";;;AAAA,yCAAkE;AAClE,6CAAoC;AAsBpC,MAAa,OAAQ,SAAQ,iBAAmD;IAiBrE,MAAM,CAAC,UAAU,CAAC,SAAoB;QACzC,OAAO,CAAC,IAAI,CAAC;YACT,SAAS,EAAE;gBACP,IAAI,EAAE,qBAAS,CAAC,OAAO;gBACvB,aAAa,EAAE,IAAI;gBACnB,UAAU,EAAE,IAAI;aACnB;YACD,UAAU,EAAE;gBACR,IAAI,EAAE,qBAAS,CAAC,OAAO;gBACvB,YAAY,EAAE,KAAK;gBACnB,SAAS,EAAE,KAAK;aACnB;YACD,KAAK,EAAE;gBACH,IAAI,EAAE,qBAAS,CAAC,MAAM;gBACtB,SAAS,EAAE,KAAK;aACnB;YACD,SAAS,EAAE;gBACP,IAAI,EAAE,qBAAS,CAAC,OAAO;gBACvB,SAAS,EAAE,KAAK;aACnB;YACD,KAAK,EAAE;gBACH,IAAI,EAAE,qBAAS,CAAC,MAAM;gBACtB,SAAS,EAAE,KAAK;aACnB;YACD,WAAW,EAAE;gBACT,IAAI,EAAE,qBAAS,CAAC,MAAM;gBACtB,SAAS,EAAE,KAAK;aACnB;YACD,QAAQ,EAAE;gBACN,IAAI,EAAE,qBAAS,CAAC,MAAM;gBACtB,SAAS,EAAE,KAAK;aACnB;YACD,SAAS,EAAE;gBACP,IAAI,EAAE,qBAAS,CAAC,OAAO;gBACvB,SAAS,EAAE,KAAK;aACnB;YACD,WAAW,EAAE;gBACT,IAAI,EAAE,qBAAS,CAAC,OAAO;gBACvB,SAAS,EAAE,KAAK;aACnB;YACD,aAAa,EAAE;gBACX,IAAI,EAAE,qBAAS,CAAC,OAAO;gBACvB,SAAS,EAAE,KAAK;aACnB;YACD,eAAe,EAAE;gBACb,IAAI,EAAE,qBAAS,CAAC,MAAM;aACzB;YACD,MAAM,EAAE;gBACJ,IAAI,EAAE,qBAAS,CAAC,OAAO;gBACvB,SAAS,EAAE,KAAK;aACnB;YACD,OAAO,EAAE;gBACL,IAAI,EAAE,qBAAS,CAAC,OAAO;aAC1B;YACD,UAAU,EAAE;gBACR,IAAI,EAAE,qBAAS,CAAC,IAAI;aACvB;YACD,gBAAgB,EAAE;gBACd,IAAI,EAAE,qBAAS,CAAC,OAAO;gBACvB,YAAY,EAAE,KAAK;gBACnB,SAAS,EAAE,KAAK;aACnB;SACJ,EACG;YACI,SAAS;YACT,SAAS,EAAE,UAAU;SACxB,CACJ,CAAC;IACN,CAAC;IAEM,MAAM,CAAC,kBAAkB;QAC5B,OAAO,CAAC,SAAS,CAAC,iBAAI,EAAE;YACpB,SAAS,EAAE,QAAQ;YACnB,EAAE,EAAE,MAAM;YACV,QAAQ,EAAE,SAAS;YACnB,UAAU,EAAE,QAAQ;SACvB,CAAC,CAAC;IACP,CAAC;CACJ;AA/FD,0BA+FC","sourcesContent":["import { Optional, Model, Sequelize, DataTypes } from 'sequelize';\r\nimport { User } from './user.model';\r\n\r\nexport interface ProductAttributes {\r\n    productId: number;\r\n    isApproved: boolean;\r\n    title: string;\r\n    isProduct: boolean;\r\n    price: number;\r\n    description: string;\r\n    location: string;\r\n    isSelling: boolean;\r\n    isAvailable: boolean;\r\n    isDeliverable: boolean;\r\n    rejectionReason: string;\r\n    userId: number;\r\n    buyerId: number;\r\n    dateBought: Date;\r\n    deletedAfterSold: boolean;\r\n}\r\n\r\nexport interface ProductCreationAttributes extends Optional<ProductAttributes, 'productId'> { }\r\n\r\nexport class Product extends Model<ProductAttributes, ProductCreationAttributes> implements ProductAttributes {\r\n    productId!: number;\r\n    isApproved!: boolean;\r\n    title!: string;\r\n    isProduct!: boolean;\r\n    price!: number;\r\n    description!: string;\r\n    location!: string;\r\n    isSelling!: boolean;\r\n    isAvailable!: boolean;\r\n    isDeliverable!: boolean;\r\n    rejectionReason!: string;\r\n    userId!: number;\r\n    buyerId!: number;\r\n    dateBought!: Date;\r\n    deletedAfterSold!: boolean;\r\n\r\n    public static initialize(sequelize: Sequelize) {\r\n        Product.init({\r\n            productId: {\r\n                type: DataTypes.INTEGER,\r\n                autoIncrement: true,\r\n                primaryKey: true\r\n            },\r\n            isApproved: {\r\n                type: DataTypes.BOOLEAN,\r\n                defaultValue: false,\r\n                allowNull: false\r\n            },\r\n            title: {\r\n                type: DataTypes.STRING,\r\n                allowNull: false\r\n            },\r\n            isProduct: {\r\n                type: DataTypes.BOOLEAN,\r\n                allowNull: false\r\n            },\r\n            price: {\r\n                type: DataTypes.NUMBER,\r\n                allowNull: false\r\n            },\r\n            description: {\r\n                type: DataTypes.STRING,\r\n                allowNull: false\r\n            },\r\n            location: {\r\n                type: DataTypes.STRING,\r\n                allowNull: false\r\n            },\r\n            isSelling: {\r\n                type: DataTypes.BOOLEAN,\r\n                allowNull: false\r\n            },\r\n            isAvailable: {\r\n                type: DataTypes.BOOLEAN,\r\n                allowNull: false\r\n            },\r\n            isDeliverable: {\r\n                type: DataTypes.BOOLEAN,\r\n                allowNull: false\r\n            },\r\n            rejectionReason: {\r\n                type: DataTypes.STRING\r\n            },\r\n            userId: {\r\n                type: DataTypes.INTEGER,\r\n                allowNull: false\r\n            },\r\n            buyerId: {\r\n                type: DataTypes.INTEGER\r\n            },\r\n            dateBought: {\r\n                type: DataTypes.DATE\r\n            },\r\n            deletedAfterSold: {\r\n                type: DataTypes.BOOLEAN,\r\n                defaultValue: false,\r\n                allowNull: false\r\n            }\r\n        },\r\n            {\r\n                sequelize,\r\n                tableName: 'products'\r\n            }\r\n        );\r\n    }\r\n\r\n    public static createAssociations() {\r\n        Product.belongsTo(User, {\r\n            targetKey: 'userId',\r\n            as: 'user',\r\n            onDelete: 'cascade',\r\n            foreignKey: 'userId'\r\n        });\r\n    }\r\n}\r\n"]},"_coverageSchema":"1a1c01bbd47fc00a2c39e90264f33305004495a9","hash":"e5c080964fe2111b528ac5d017c125b0b5ea1fc1","contentHash":"6d82a980ecca9005df40ae4338ae5ce7e48fc03ec2f50bcd95ca57ba568c9c08"},"D:\\Privat\\Uni\\ESE\\ese2020-team7\\backend\\src\\models\\user.model.ts":{"path":"D:\\Privat\\Uni\\ESE\\ese2020-team7\\backend\\src\\models\\user.model.ts","statementMap":{"0":{"start":{"line":2,"column":0},"end":{"line":2,"column":62}},"1":{"start":{"line":3,"column":0},"end":{"line":3,"column":22}},"2":{"start":{"line":4,"column":20},"end":{"line":4,"column":40}},"3":{"start":{"line":5,"column":24},"end":{"line":5,"column":50}},"4":{"start":{"line":8,"column":8},"end":{"line":65,"column":11}},"5":{"start":{"line":68,"column":8},"end":{"line":71,"column":11}},"6":{"start":{"line":74,"column":0},"end":{"line":74,"column":20}}},"fnMap":{"0":{"name":"(anonymous_0)","decl":{"start":{"line":7,"column":4},"end":{"line":7,"column":5}},"loc":{"start":{"line":7,"column":33},"end":{"line":66,"column":5}},"line":7},"1":{"name":"(anonymous_1)","decl":{"start":{"line":67,"column":4},"end":{"line":67,"column":5}},"loc":{"start":{"line":67,"column":32},"end":{"line":72,"column":5}},"line":67}},"branchMap":{},"s":{"0":1,"1":1,"2":1,"3":1,"4":0,"5":0,"6":1},"f":{"0":0,"1":0},"b":{},"inputSourceMap":{"version":3,"file":"D:/Privat/Uni/ESE/ese2020-team7/backend/src/models/user.model.ts","sources":["D:/Privat/Uni/ESE/ese2020-team7/backend/src/models/user.model.ts"],"names":[],"mappings":";;;AAAA,yCAAkE;AAClE,mDAA0C;AAqB1C,MAAa,IAAK,SAAQ,iBAA6C;IAgB5D,MAAM,CAAC,UAAU,CAAC,SAAoB;QACzC,IAAI,CAAC,IAAI,CAAC;YACN,MAAM,EAAE;gBACJ,IAAI,EAAE,qBAAS,CAAC,OAAO;gBACvB,aAAa,EAAE,IAAI;gBACnB,UAAU,EAAE,IAAI;aACnB;YACD,QAAQ,EAAE;gBACN,IAAI,EAAE,qBAAS,CAAC,MAAM;gBACtB,SAAS,EAAE,KAAK;aACnB;YACD,QAAQ,EAAE;gBACN,IAAI,EAAE,qBAAS,CAAC,MAAM;gBACtB,SAAS,EAAE,KAAK;aACnB;YACD,KAAK,EAAE;gBACH,IAAI,EAAE,qBAAS,CAAC,MAAM;gBACtB,SAAS,EAAE,KAAK;aACnB;YACD,SAAS,EAAE;gBACP,IAAI,EAAE,qBAAS,CAAC,MAAM;gBACtB,SAAS,EAAE,KAAK;aACnB;YACD,QAAQ,EAAE;gBACN,IAAI,EAAE,qBAAS,CAAC,MAAM;gBACtB,SAAS,EAAE,KAAK;aACnB;YACD,MAAM,EAAE;gBACJ,IAAI,EAAE,qBAAS,CAAC,MAAM;aACzB;YACD,eAAe,EAAE;gBACd,IAAI,EAAE,qBAAS,CAAC,MAAM;aACxB;YACD,MAAM,EAAE;gBACJ,IAAI,EAAE,qBAAS,CAAC,MAAM;aACzB;YACD,OAAO,EAAE;gBACL,IAAI,EAAE,qBAAS,CAAC,MAAM;aACzB;YACD,IAAI,EAAE;gBACF,IAAI,EAAE,qBAAS,CAAC,MAAM;aACzB;YACD,OAAO,EAAE;gBACL,IAAI,EAAE,qBAAS,CAAC,MAAM;aACzB;YACD,KAAK,EAAE;gBACH,IAAI,EAAE,qBAAS,CAAC,OAAO;gBACvB,YAAY,EAAE,KAAK;gBACnB,SAAS,EAAE,KAAK;aACnB;YACD,MAAM,EAAE;gBACJ,IAAI,EAAE,qBAAS,CAAC,MAAM;gBACtB,YAAY,EAAE,GAAG;gBACjB,SAAS,EAAE,KAAK;aACnB;SACJ,EACG;YACI,SAAS;YACT,SAAS,EAAE,OAAO;SACrB,CACJ,CAAC;IACN,CAAC;IACM,MAAM,CAAC,kBAAkB;QAC5B,IAAI,CAAC,OAAO,CAAC,uBAAO,EAAE;YAClB,EAAE,EAAE,UAAU;YACd,UAAU,EAAE,QAAQ;SACvB,CAAC,CAAC;IACP,CAAC;CACJ;AApFD,oBAoFC","sourcesContent":["import { Optional, Model, Sequelize, DataTypes } from 'sequelize';\r\nimport { Product } from './product.model';\r\n\r\nexport interface UserAttributes {\r\n    userId: number;\r\n    userName: string;\r\n    password: string;\r\n    email: string;\r\n    firstName: string;\r\n    lastName: string;\r\n    gender: string;\r\n    telephoneNumber: number;\r\n    street: string;\r\n    pinCode: number;\r\n    city: string;\r\n    country: string;\r\n    admin: boolean;\r\n    wallet: number;\r\n}\r\n\r\nexport interface UserCreationAttributes extends Optional<UserAttributes, 'userId'> { }\r\n\r\nexport class User extends Model<UserAttributes, UserCreationAttributes> implements UserAttributes {\r\n    userId!: number;\r\n    userName!: string;\r\n    password!: string;\r\n    email!: string;\r\n    firstName!: string;\r\n    lastName!: string;\r\n    gender!: string;\r\n    telephoneNumber!: number;\r\n    street!: string;\r\n    pinCode!: number;\r\n    city!: string;\r\n    country!: string;\r\n    admin!: boolean;\r\n    wallet!: number;\r\n\r\n    public static initialize(sequelize: Sequelize) {\r\n        User.init({\r\n            userId: {\r\n                type: DataTypes.INTEGER,\r\n                autoIncrement: true,\r\n                primaryKey: true\r\n            },\r\n            userName: {\r\n                type: DataTypes.STRING,\r\n                allowNull: false\r\n            },\r\n            password: {\r\n                type: DataTypes.STRING,\r\n                allowNull: false\r\n            },\r\n            email: {\r\n                type: DataTypes.STRING,\r\n                allowNull: false\r\n            },\r\n            firstName: {\r\n                type: DataTypes.STRING,\r\n                allowNull: false\r\n            },\r\n            lastName: {\r\n                type: DataTypes.STRING,\r\n                allowNull: false\r\n            },\r\n            gender: {\r\n                type: DataTypes.STRING,\r\n            },\r\n            telephoneNumber: {\r\n               type: DataTypes.NUMBER,\r\n            },\r\n            street: {\r\n                type: DataTypes.STRING,\r\n            },\r\n            pinCode: {\r\n                type: DataTypes.NUMBER,\r\n            },\r\n            city: {\r\n                type: DataTypes.STRING,\r\n            },\r\n            country: {\r\n                type: DataTypes.STRING,\r\n            },\r\n            admin: {\r\n                type: DataTypes.BOOLEAN,\r\n                defaultValue: false,\r\n                allowNull: false\r\n            },\r\n            wallet: {\r\n                type: DataTypes.NUMBER,\r\n                defaultValue: 500,\r\n                allowNull: false\r\n            }\r\n        },\r\n            {\r\n                sequelize,\r\n                tableName: 'users'\r\n            }\r\n        );\r\n    }\r\n    public static createAssociations() {\r\n        User.hasMany(Product, {\r\n            as: 'products',\r\n            foreignKey: 'userId'\r\n        });\r\n    }\r\n}\r\n"]},"_coverageSchema":"1a1c01bbd47fc00a2c39e90264f33305004495a9","hash":"a19dfa822974905e82278f877a913cca370d5156","contentHash":"b4bdc000eb1917bffefeba88826d4125e09ed4620d928dd1bf1ae5367042a043"},"D:\\Privat\\Uni\\ESE\\ese2020-team7\\backend\\tests\\services\\user.service.test.ts":{"path":"D:\\Privat\\Uni\\ESE\\ese2020-team7\\backend\\tests\\services\\user.service.test.ts","statementMap":{"0":{"start":{"line":2,"column":0},"end":{"line":2,"column":62}},"1":{"start":{"line":3,"column":23},"end":{"line":3,"column":65}},"2":{"start":{"line":4,"column":21},"end":{"line":4,"column":59}},"3":{"start":{"line":5,"column":15},"end":{"line":5,"column":30}},"4":{"start":{"line":6,"column":0},"end":{"line":311,"column":3}},"5":{"start":{"line":7,"column":28},"end":{"line":7,"column":60}},"6":{"start":{"line":8,"column":18},"end":{"line":23,"column":5}},"7":{"start":{"line":24,"column":18},"end":{"line":39,"column":5}},"8":{"start":{"line":40,"column":4},"end":{"line":42,"column":7}},"9":{"start":{"line":41,"column":8},"end":{"line":41,"column":40}},"10":{"start":{"line":43,"column":4},"end":{"line":122,"column":7}},"11":{"start":{"line":44,"column":8},"end":{"line":58,"column":11}},"12":{"start":{"line":45,"column":12},"end":{"line":57,"column":15}},"13":{"start":{"line":46,"column":16},"end":{"line":46,"column":62}},"14":{"start":{"line":47,"column":16},"end":{"line":47,"column":63}},"15":{"start":{"line":48,"column":16},"end":{"line":48,"column":54}},"16":{"start":{"line":49,"column":16},"end":{"line":56,"column":19}},"17":{"start":{"line":54,"column":20},"end":{"line":54,"column":60}},"18":{"start":{"line":55,"column":20},"end":{"line":55,"column":82}},"19":{"start":{"line":59,"column":8},"end":{"line":79,"column":11}},"20":{"start":{"line":60,"column":26},"end":{"line":75,"column":13}},"21":{"start":{"line":76,"column":12},"end":{"line":78,"column":15}},"22":{"start":{"line":77,"column":16},"end":{"line":77,"column":50}},"23":{"start":{"line":80,"column":8},"end":{"line":100,"column":11}},"24":{"start":{"line":81,"column":26},"end":{"line":96,"column":13}},"25":{"start":{"line":97,"column":12},"end":{"line":99,"column":15}},"26":{"start":{"line":98,"column":16},"end":{"line":98,"column":87}},"27":{"start":{"line":101,"column":8},"end":{"line":121,"column":11}},"28":{"start":{"line":102,"column":26},"end":{"line":117,"column":13}},"29":{"start":{"line":118,"column":12},"end":{"line":120,"column":15}},"30":{"start":{"line":119,"column":16},"end":{"line":119,"column":85}},"31":{"start":{"line":123,"column":4},"end":{"line":156,"column":7}},"32":{"start":{"line":124,"column":8},"end":{"line":131,"column":11}},"33":{"start":{"line":125,"column":12},"end":{"line":130,"column":15}},"34":{"start":{"line":129,"column":16},"end":{"line":129,"column":66}},"35":{"start":{"line":132,"column":8},"end":{"line":139,"column":11}},"36":{"start":{"line":133,"column":12},"end":{"line":138,"column":15}},"37":{"start":{"line":137,"column":16},"end":{"line":137,"column":66}},"38":{"start":{"line":140,"column":8},"end":{"line":147,"column":11}},"39":{"start":{"line":141,"column":12},"end":{"line":146,"column":15}},"40":{"start":{"line":145,"column":16},"end":{"line":145,"column":70}},"41":{"start":{"line":148,"column":8},"end":{"line":155,"column":11}},"42":{"start":{"line":149,"column":12},"end":{"line":154,"column":15}},"43":{"start":{"line":153,"column":16},"end":{"line":153,"column":70}},"44":{"start":{"line":157,"column":4},"end":{"line":220,"column":7}},"45":{"start":{"line":158,"column":8},"end":{"line":178,"column":11}},"46":{"start":{"line":159,"column":12},"end":{"line":177,"column":15}},"47":{"start":{"line":175,"column":16},"end":{"line":175,"column":65}},"48":{"start":{"line":176,"column":16},"end":{"line":176,"column":71}},"49":{"start":{"line":179,"column":8},"end":{"line":199,"column":11}},"50":{"start":{"line":180,"column":12},"end":{"line":198,"column":15}},"51":{"start":{"line":196,"column":16},"end":{"line":196,"column":50}},"52":{"start":{"line":200,"column":8},"end":{"line":219,"column":11}},"53":{"start":{"line":201,"column":12},"end":{"line":218,"column":15}},"54":{"start":{"line":217,"column":16},"end":{"line":217,"column":50}},"55":{"start":{"line":221,"column":4},"end":{"line":228,"column":7}},"56":{"start":{"line":222,"column":8},"end":{"line":227,"column":11}},"57":{"start":{"line":223,"column":12},"end":{"line":226,"column":15}},"58":{"start":{"line":224,"column":16},"end":{"line":224,"column":66}},"59":{"start":{"line":225,"column":16},"end":{"line":225,"column":56}},"60":{"start":{"line":229,"column":4},"end":{"line":240,"column":7}},"61":{"start":{"line":230,"column":8},"end":{"line":234,"column":11}},"62":{"start":{"line":231,"column":12},"end":{"line":233,"column":15}},"63":{"start":{"line":232,"column":16},"end":{"line":232,"column":62}},"64":{"start":{"line":235,"column":8},"end":{"line":239,"column":11}},"65":{"start":{"line":236,"column":12},"end":{"line":238,"column":15}},"66":{"start":{"line":237,"column":16},"end":{"line":237,"column":50}},"67":{"start":{"line":241,"column":4},"end":{"line":275,"column":7}},"68":{"start":{"line":242,"column":8},"end":{"line":253,"column":11}},"69":{"start":{"line":243,"column":12},"end":{"line":252,"column":15}},"70":{"start":{"line":248,"column":16},"end":{"line":248,"column":59}},"71":{"start":{"line":249,"column":16},"end":{"line":251,"column":19}},"72":{"start":{"line":250,"column":20},"end":{"line":250,"column":61}},"73":{"start":{"line":254,"column":8},"end":{"line":274,"column":11}},"74":{"start":{"line":255,"column":26},"end":{"line":270,"column":13}},"75":{"start":{"line":271,"column":12},"end":{"line":273,"column":15}},"76":{"start":{"line":272,"column":16},"end":{"line":272,"column":50}},"77":{"start":{"line":276,"column":4},"end":{"line":310,"column":7}},"78":{"start":{"line":277,"column":8},"end":{"line":288,"column":11}},"79":{"start":{"line":278,"column":12},"end":{"line":287,"column":15}},"80":{"start":{"line":283,"column":16},"end":{"line":283,"column":58}},"81":{"start":{"line":284,"column":16},"end":{"line":286,"column":19}},"82":{"start":{"line":285,"column":20},"end":{"line":285,"column":62}},"83":{"start":{"line":289,"column":8},"end":{"line":309,"column":11}},"84":{"start":{"line":290,"column":26},"end":{"line":305,"column":13}},"85":{"start":{"line":306,"column":12},"end":{"line":308,"column":15}},"86":{"start":{"line":307,"column":16},"end":{"line":307,"column":50}}},"fnMap":{"0":{"name":"(anonymous_0)","decl":{"start":{"line":6,"column":30},"end":{"line":6,"column":31}},"loc":{"start":{"line":6,"column":36},"end":{"line":311,"column":1}},"line":6},"1":{"name":"(anonymous_1)","decl":{"start":{"line":40,"column":27},"end":{"line":40,"column":28}},"loc":{"start":{"line":40,"column":39},"end":{"line":42,"column":5}},"line":40},"2":{"name":"(anonymous_2)","decl":{"start":{"line":43,"column":34},"end":{"line":43,"column":35}},"loc":{"start":{"line":43,"column":40},"end":{"line":122,"column":5}},"line":43},"3":{"name":"(anonymous_3)","decl":{"start":{"line":44,"column":41},"end":{"line":44,"column":42}},"loc":{"start":{"line":44,"column":53},"end":{"line":58,"column":9}},"line":44},"4":{"name":"(anonymous_4)","decl":{"start":{"line":45,"column":49},"end":{"line":45,"column":50}},"loc":{"start":{"line":45,"column":57},"end":{"line":57,"column":13}},"line":45},"5":{"name":"(anonymous_5)","decl":{"start":{"line":53,"column":24},"end":{"line":53,"column":25}},"loc":{"start":{"line":53,"column":37},"end":{"line":56,"column":17}},"line":53},"6":{"name":"(anonymous_6)","decl":{"start":{"line":59,"column":65},"end":{"line":59,"column":66}},"loc":{"start":{"line":59,"column":77},"end":{"line":79,"column":9}},"line":59},"7":{"name":"(anonymous_7)","decl":{"start":{"line":76,"column":50},"end":{"line":76,"column":51}},"loc":{"start":{"line":76,"column":57},"end":{"line":78,"column":13}},"line":76},"8":{"name":"(anonymous_8)","decl":{"start":{"line":80,"column":51},"end":{"line":80,"column":52}},"loc":{"start":{"line":80,"column":63},"end":{"line":100,"column":9}},"line":80},"9":{"name":"(anonymous_9)","decl":{"start":{"line":97,"column":50},"end":{"line":97,"column":51}},"loc":{"start":{"line":97,"column":57},"end":{"line":99,"column":13}},"line":97},"10":{"name":"(anonymous_10)","decl":{"start":{"line":101,"column":48},"end":{"line":101,"column":49}},"loc":{"start":{"line":101,"column":60},"end":{"line":121,"column":9}},"line":101},"11":{"name":"(anonymous_11)","decl":{"start":{"line":118,"column":50},"end":{"line":118,"column":51}},"loc":{"start":{"line":118,"column":57},"end":{"line":120,"column":13}},"line":118},"12":{"name":"(anonymous_12)","decl":{"start":{"line":123,"column":27},"end":{"line":123,"column":28}},"loc":{"start":{"line":123,"column":33},"end":{"line":156,"column":5}},"line":123},"13":{"name":"(anonymous_13)","decl":{"start":{"line":124,"column":52},"end":{"line":124,"column":53}},"loc":{"start":{"line":124,"column":64},"end":{"line":131,"column":9}},"line":124},"14":{"name":"(anonymous_14)","decl":{"start":{"line":128,"column":20},"end":{"line":128,"column":21}},"loc":{"start":{"line":128,"column":32},"end":{"line":130,"column":13}},"line":128},"15":{"name":"(anonymous_15)","decl":{"start":{"line":132,"column":49},"end":{"line":132,"column":50}},"loc":{"start":{"line":132,"column":61},"end":{"line":139,"column":9}},"line":132},"16":{"name":"(anonymous_16)","decl":{"start":{"line":136,"column":20},"end":{"line":136,"column":21}},"loc":{"start":{"line":136,"column":32},"end":{"line":138,"column":13}},"line":136},"17":{"name":"(anonymous_17)","decl":{"start":{"line":140,"column":49},"end":{"line":140,"column":50}},"loc":{"start":{"line":140,"column":61},"end":{"line":147,"column":9}},"line":140},"18":{"name":"(anonymous_18)","decl":{"start":{"line":144,"column":21},"end":{"line":144,"column":22}},"loc":{"start":{"line":144,"column":28},"end":{"line":146,"column":13}},"line":144},"19":{"name":"(anonymous_19)","decl":{"start":{"line":148,"column":49},"end":{"line":148,"column":50}},"loc":{"start":{"line":148,"column":61},"end":{"line":155,"column":9}},"line":148},"20":{"name":"(anonymous_20)","decl":{"start":{"line":152,"column":21},"end":{"line":152,"column":22}},"loc":{"start":{"line":152,"column":28},"end":{"line":154,"column":13}},"line":152},"21":{"name":"(anonymous_21)","decl":{"start":{"line":157,"column":33},"end":{"line":157,"column":34}},"loc":{"start":{"line":157,"column":39},"end":{"line":220,"column":5}},"line":157},"22":{"name":"(anonymous_22)","decl":{"start":{"line":158,"column":44},"end":{"line":158,"column":45}},"loc":{"start":{"line":158,"column":56},"end":{"line":178,"column":9}},"line":158},"23":{"name":"(anonymous_23)","decl":{"start":{"line":174,"column":20},"end":{"line":174,"column":21}},"loc":{"start":{"line":174,"column":31},"end":{"line":177,"column":13}},"line":174},"24":{"name":"(anonymous_24)","decl":{"start":{"line":179,"column":54},"end":{"line":179,"column":55}},"loc":{"start":{"line":179,"column":66},"end":{"line":199,"column":9}},"line":179},"25":{"name":"(anonymous_25)","decl":{"start":{"line":195,"column":21},"end":{"line":195,"column":22}},"loc":{"start":{"line":195,"column":28},"end":{"line":198,"column":13}},"line":195},"26":{"name":"(anonymous_26)","decl":{"start":{"line":200,"column":57},"end":{"line":200,"column":58}},"loc":{"start":{"line":200,"column":69},"end":{"line":219,"column":9}},"line":200},"27":{"name":"(anonymous_27)","decl":{"start":{"line":216,"column":21},"end":{"line":216,"column":22}},"loc":{"start":{"line":216,"column":28},"end":{"line":218,"column":13}},"line":216},"28":{"name":"(anonymous_28)","decl":{"start":{"line":221,"column":29},"end":{"line":221,"column":30}},"loc":{"start":{"line":221,"column":35},"end":{"line":228,"column":5}},"line":221},"29":{"name":"(anonymous_29)","decl":{"start":{"line":222,"column":46},"end":{"line":222,"column":47}},"loc":{"start":{"line":222,"column":58},"end":{"line":227,"column":9}},"line":222},"30":{"name":"(anonymous_30)","decl":{"start":{"line":223,"column":42},"end":{"line":223,"column":43}},"loc":{"start":{"line":223,"column":51},"end":{"line":226,"column":13}},"line":223},"31":{"name":"(anonymous_31)","decl":{"start":{"line":229,"column":30},"end":{"line":229,"column":31}},"loc":{"start":{"line":229,"column":36},"end":{"line":240,"column":5}},"line":229},"32":{"name":"(anonymous_32)","decl":{"start":{"line":230,"column":45},"end":{"line":230,"column":46}},"loc":{"start":{"line":230,"column":57},"end":{"line":234,"column":9}},"line":230},"33":{"name":"(anonymous_33)","decl":{"start":{"line":231,"column":44},"end":{"line":231,"column":45}},"loc":{"start":{"line":231,"column":52},"end":{"line":233,"column":13}},"line":231},"34":{"name":"(anonymous_34)","decl":{"start":{"line":235,"column":48},"end":{"line":235,"column":49}},"loc":{"start":{"line":235,"column":60},"end":{"line":239,"column":9}},"line":235},"35":{"name":"(anonymous_35)","decl":{"start":{"line":236,"column":45},"end":{"line":236,"column":46}},"loc":{"start":{"line":236,"column":52},"end":{"line":238,"column":13}},"line":236},"36":{"name":"(anonymous_36)","decl":{"start":{"line":241,"column":43},"end":{"line":241,"column":44}},"loc":{"start":{"line":241,"column":49},"end":{"line":275,"column":5}},"line":241},"37":{"name":"(anonymous_37)","decl":{"start":{"line":242,"column":31},"end":{"line":242,"column":32}},"loc":{"start":{"line":242,"column":43},"end":{"line":253,"column":9}},"line":242},"38":{"name":"(anonymous_38)","decl":{"start":{"line":247,"column":20},"end":{"line":247,"column":21}},"loc":{"start":{"line":247,"column":33},"end":{"line":252,"column":13}},"line":247},"39":{"name":"(anonymous_39)","decl":{"start":{"line":249,"column":54},"end":{"line":249,"column":55}},"loc":{"start":{"line":249,"column":66},"end":{"line":251,"column":17}},"line":249},"40":{"name":"(anonymous_40)","decl":{"start"
[...]
 'Müller',\r\n                gender: null,\r\n                telephoneNumber: null,\r\n                street: null,\r\n                pinCode: null,\r\n                city: null,\r\n                country: null,\r\n                admin: false,\r\n                wallet: 500\r\n            };\r\n            testUserService.makeAdmin(user4).catch(err => {\r\n                expect(err).not.to.be.null;\r\n            });\r\n        });\r\n    });\r\n    describe('Test demote admin to user', () => {\r\n        it('can demote admin', function() {\r\n            User.findOne({\r\n                where: {\r\n                    userName: 'Lewis'\r\n                }\r\n            }).then(foundUser => {\r\n                expect(foundUser.admin).to.be.true;\r\n                testUserService.removeAdmin(user2).then(promoted => {\r\n                    expect(promoted.admin).to.be.false;\r\n                });\r\n            });       \r\n        });\r\n        it('can not demote admin who is not registered', function() {\r\n            const user3: UserAttributes = {\r\n                userId: 3,\r\n                userName: 'Hans',\r\n                password: 'notSecure20',\r\n                email: 'hans@gmail.com',\r\n                firstName: 'Hans',\r\n                lastName: 'Müller',\r\n                gender: null,\r\n                telephoneNumber: null,\r\n                street: null,\r\n                pinCode: null,\r\n                city: null,\r\n                country: null,\r\n                admin: true,\r\n                wallet: 500\r\n            };\r\n            testUserService.removeAdmin(user3).catch(err => {\r\n                expect(err).not.to.be.null;\r\n            });\r\n        });\r\n    });\r\n})\r\n"]},"_coverageSchema":"1a1c01bbd47fc00a2c39e90264f33305004495a9","hash":"2f35eb0b5890b229412c3a4f3b6d35f70cbaf57e","contentHash":"08915a3f7afe1df71ad76a5942707c7e3ba417756bf66b66de6993a571df2c1c"},"D:\\Privat\\Uni\\ESE\\ese2020-team7\\backend\\src\\services\\user.service.ts":{"path":"D:\\Privat\\Uni\\ESE\\ese2020-team7\\backend\\src\\services\\user.service.ts","statementMap":{"0":{"start":{"line":2,"column":22},"end":{"line":4,"column":1}},"1":{"start":{"line":3,"column":4},"end":{"line":3,"column":62}},"2":{"start":{"line":5,"column":0},"end":{"line":5,"column":62}},"3":{"start":{"line":6,"column":0},"end":{"line":6,"column":29}},"4":{"start":{"line":7,"column":21},"end":{"line":7,"column":52}},"5":{"start":{"line":8,"column":17},"end":{"line":8,"column":51}},"6":{"start":{"line":9,"column":23},"end":{"line":9,"column":63}},"7":{"start":{"line":12,"column":27},"end":{"line":12,"column":29}},"8":{"start":{"line":13,"column":23},"end":{"line":13,"column":43}},"9":{"start":{"line":14,"column":8},"end":{"line":14,"column":77}},"10":{"start":{"line":15,"column":8},"end":{"line":37,"column":62}},"11":{"start":{"line":24,"column":12},"end":{"line":34,"column":13}},"12":{"start":{"line":25,"column":16},"end":{"line":33,"column":17}},"13":{"start":{"line":26,"column":20},"end":{"line":26,"column":101}},"14":{"start":{"line":28,"column":21},"end":{"line":33,"column":17}},"15":{"start":{"line":29,"column":20},"end":{"line":29,"column":90}},"16":{"start":{"line":32,"column":20},"end":{"line":32,"column":88}},"17":{"start":{"line":35,"column":12},"end":{"line":35,"column":128}},"18":{"start":{"line":35,"column":67},"end":{"line":35,"column":92}},"19":{"start":{"line":35,"column":107},"end":{"line":35,"column":126}},"20":{"start":{"line":37,"column":28},"end":{"line":37,"column":60}},"21":{"start":{"line":40,"column":23},"end":{"line":40,"column":45}},"22":{"start":{"line":41,"column":23},"end":{"line":41,"column":43}},"23":{"start":{"line":42,"column":8},"end":{"line":59,"column":60}},"24":{"start":{"line":51,"column":12},"end":{"line":57,"column":13}},"25":{"start":{"line":52,"column":30},"end":{"line":52,"column":136}},"26":{"start":{"line":53,"column":16},"end":{"line":53,"column":56}},"27":{"start":{"line":56,"column":16},"end":{"line":56,"column":69}},"28":{"start":{"line":59,"column":26},"end":{"line":59,"column":58}},"29":{"start":{"line":62,"column":8},"end":{"line":67,"column":47}},"30":{"start":{"line":63,"column":27},"end":{"line":66,"column":10}},"31":{"start":{"line":65,"column":12},"end":{"line":65,"column":42}},"32":{"start":{"line":67,"column":26},"end":{"line":67,"column":45}},"33":{"start":{"line":70,"column":8},"end":{"line":70,"column":43}},"34":{"start":{"line":73,"column":8},"end":{"line":78,"column":47}},"35":{"start":{"line":78,"column":26},"end":{"line":78,"column":45}},"36":{"start":{"line":81,"column":8},"end":{"line":90,"column":47}},"37":{"start":{"line":86,"column":27},"end":{"line":89,"column":10}},"38":{"start":{"line":88,"column":12},"end":{"line":88,"column":42}},"39":{"start":{"line":90,"column":26},"end":{"line":90,"column":45}},"40":{"start":{"line":93,"column":8},"end":{"line":102,"column":47}},"41":{"start":{"line":98,"column":27},"end":{"line":101,"column":10}},"42":{"start":{"line":100,"column":12},"end":{"line":100,"column":42}},"43":{"start":{"line":102,"column":26},"end":{"line":102,"column":45}},"44":{"start":{"line":105,"column":0},"end":{"line":105,"column":34}}},"fnMap":{"0":{"name":"(anonymous_0)","decl":{"start":{"line":2,"column":56},"end":{"line":2,"column":57}},"loc":{"start":{"line":2,"column":71},"end":{"line":4,"column":1}},"line":2},"1":{"name":"(anonymous_1)","decl":{"start":{"line":11,"column":4},"end":{"line":11,"column":5}},"loc":{"start":{"line":11,"column":19},"end":{"line":38,"column":5}},"line":11},"2":{"name":"(anonymous_2)","decl":{"start":{"line":23,"column":18},"end":{"line":23,"column":19}},"loc":{"start":{"line":23,"column":29},"end":{"line":36,"column":9}},"line":23},"3":{"name":"(anonymous_3)","decl":{"start":{"line":35,"column":55},"end":{"line":35,"column":56}},"loc":{"start":{"line":35,"column":67},"end":{"line":35,"column":92}},"line":35},"4":{"name":"(anonymous_4)","decl":{"start":{"line":35,"column":100},"end":{"line":35,"column":101}},"loc":{"start":{"line":35,"column":107},"end":{"line":35,"column":126}},"line":35},"5":{"name":"(anonymous_5)","decl":{"start":{"line":37,"column":19},"end":{"line":37,"column":20}},"loc":{"start":{"line":37,"column":28},"end":{"line":37,"column":60}},"line":37},"6":{"name":"(anonymous_6)","decl":{"start":{"line":39,"column":4},"end":{"line":39,"column":5}},"loc":{"start":{"line":39,"column":26},"end":{"line":60,"column":5}},"line":39},"7":{"name":"(anonymous_7)","decl":{"start":{"line":50,"column":18},"end":{"line":50,"column":19}},"loc":{"start":{"line":50,"column":26},"end":{"line":58,"column":9}},"line":50},"8":{"name":"(anonymous_8)","decl":{"start":{"line":59,"column":19},"end":{"line":59,"column":20}},"loc":{"start":{"line":59,"column":26},"end":{"line":59,"column":58}},"line":59},"9":{"name":"(anonymous_9)","decl":{"start":{"line":61,"column":4},"end":{"line":61,"column":5}},"loc":{"start":{"line":61,"column":25},"end":{"line":68,"column":5}},"line":61},"10":{"name":"(anonymous_10)","decl":{"start":{"line":63,"column":18},"end":{"line":63,"column":19}},"loc":{"start":{"line":63,"column":27},"end":{"line":66,"column":10}},"line":63},"11":{"name":"(anonymous_11)","decl":{"start":{"line":64,"column":18},"end":{"line":64,"column":19}},"loc":{"start":{"line":64,"column":24},"end":{"line":66,"column":9}},"line":64},"12":{"name":"(anonymous_12)","decl":{"start":{"line":67,"column":19},"end":{"line":67,"column":20}},"loc":{"start":{"line":67,"column":26},"end":{"line":67,"column":45}},"line":67},"13":{"name":"(anonymous_13)","decl":{"start":{"line":69,"column":4},"end":{"line":69,"column":5}},"loc":{"start":{"line":69,"column":13},"end":{"line":71,"column":5}},"line":69},"14":{"name":"(anonymous_14)","decl":{"start":{"line":72,"column":4},"end":{"line":72,"column":5}},"loc":{"start":{"line":72,"column":24},"end":{"line":79,"column":5}},"line":72},"15":{"name":"(anonymous_15)","decl":{"start":{"line":78,"column":19},"end":{"line":78,"column":20}},"loc":{"start":{"line":78,"column":26},"end":{"line":78,"column":45}},"line":78},"16":{"name":"(anonymous_16)","decl":{"start":{"line":80,"column":4},"end":{"line":80,"column":5}},"loc":{"start":{"line":80,"column":20},"end":{"line":91,"column":5}},"line":80},"17":{"name":"(anonymous_17)","decl":{"start":{"line":86,"column":18},"end":{"line":86,"column":19}},"loc":{"start":{"line":86,"column":27},"end":{"line":89,"column":10}},"line":86},"18":{"name":"(anonymous_18)","decl":{"start":{"line":87,"column":18},"end":{"line":87,"column":19}},"loc":{"start":{"line":87,"column":24},"end":{"line":89,"column":9}},"line":87},"19":{"name":"(anonymous_19)","decl":{"start":{"line":90,"column":19},"end":{"line":90,"column":20}},"loc":{"start":{"line":90,"column":26},"end":{"line":90,"column":45}},"line":90},"20":{"name":"(anonymous_20)","decl":{"start":{"line":92,"column":4},"end":{"line":92,"column":5}},"loc":{"start":{"line":92,"column":22},"end":{"line":103,"column":5}},"line":92},"21":{"name":"(anonymous_21)","decl":{"start":{"line":98,"column":18},"end":{"line":98,"column":19}},"loc":{"start":{"line":98,"column":27},"end":{"line":101,"column":10}},"line":98},"22":{"name":"(anonymous_22)","decl":{"start":{"line":99,"column":18},"end":{"line":99,"column":19}},"loc":{"start":{"line":99,"column":24},"end":{"line":101,"column":9}},"line":99},"23":{"name":"(anonymous_23)","decl":{"start":{"line":102,"column":19},"end":{"line":102,"column":20}},"loc":{"start":{"line":102,"column":26},"end":{"line":102,"column":45}},"line":102}},"branchMap":{"0":{"loc":{"start":{"line":2,"column":22},"end":{"line":4,"column":1}},"type":"binary-expr","locations":[{"start":{"line":2,"column":23},"end":{"line":2,"column":27}},{"start":{"line":2,"column":31},"end":{"line":2,"column":51}},{"start":{"line":2,"column":56},"end":{"line":4,"column":1}}],"line":2},"1":{"loc":{"start":{"line":3,"column":11},"end":{"line":3,"column":61}},"type":"cond-expr","locations":[{"start":{"line":3,"column":37},"end":{"line":3,"column":40}},{"start":{"line":3,"column":43},"end":{"line":3,"column":61}}],"line":3},"2":{"loc":{"start":{"line":3,"column":12},"end":{"line":3,"column":33}},"type":"binary-expr","locations":[{"start":{"line":3,"column":12},"end":{"line":3,"column":15}},{"start":{"line":3,"column":19},"end":{"line":3,"column":33}}],"line":3},"3":{"loc":{"start":{"line":24,"column":12},"end":{"line":34,"column":13}},"type":"if","locations":[{"start":{"line":24,"column":12},"end":{"line":34,"column":13}},{"start":{"line":24,"column":12},"end":{"line":34,"column":13}}],"line":24},"4":{"loc":{"start":{"line":25,"column":16},"end":{"line":33,"column":17}},"type":"if","locations":[{"start":{"line":25,"column":16},"end":{"line":33,"column":17}},{"start":{"line":25,"column":16},"end":{"line":33,"column":17}}],"line":25},"5":{"loc":{"start":{"line":25,"column":20},"end":{"line":25,"column":86}},"type":"binary-expr","locations":[{"start":{"line":25,"column":20},"end":{"line":25,"column":54}},{"start":{"line":25,"column":58},"end":{"line":25,"column":86}}],"line":25},"6":{"loc":{"start":{"line":28,"column":21},"end":{"line":33,"column":17}},"type":"if","locations":[{"start":{"line":28,"column":21},"end":{"line":33,"column":17}},{"start":{"line":28,"column":21},"end":{"line":33,"column":17}}],"line":28},"7":{"loc":{"start":{"line":51,"column":12},"end":{"line":57,"column":13}},"type":"if","locations":[{"start":{"line":51,"column":12},"end":{"line":57,"column":13}},{"start":{"line":51,"column":12},"end":{"line":57,"column":13}}],"line":51}},"s":{"0":1,"1":2,"2":1,"3":1,"4":1,"5":1,"6":1,"7":4,"8":4,"9":4,"10":4,"11":0,"12":0,"13":0,"14":0,"15":0,"16":0,"17":0,"18":0,"19":0,"20":4,"21":4,"22":4,"23":4,"24":0,"25":0,"26":0,"27":0,"28":4,"29":3,"30":0,"31":0,"32":3,"33":1,"34":2,"35":2,"36":1,"37":0,"38":0,"39":1,"40":1,"41":0,"42":0,"43":1,"44":1},"f":{"0":2,"1":4,"2":0,"3":0,"4":0,"5":4,"6":4,"7":0,"8":4,"9":3,"10":0,"11":0,"12":3,"13":1,"14":2,"15":2,"16":1,"17":0,"18":0,"19":1,"20":1,"21":0,"22":0,"23":1},"b":{"0":[1,1,1],"1":[0,2],"2":[2,2],"3":[0,0],"4":[0,0],"5":[0,0],"6":[0,0],"7":[0,0]},"inputSourceMap":{"version":3,"file":"D:/Privat/Uni/ESE/ese2020-team7/backend/src/services/user.service.ts","sources":["D:/Privat/Uni/ESE/ese2020-team7/backend/src/services/user.service.ts"],"names":[],"mappings":";;;;;;AAAA,qDAA4D;AAE5D,oDAA4B;AAC5B,gEAA+B;AAE/B,MAAa,WAAW;IAEb,QAAQ,CAAC,IAAoB;QAChC,MAAM,UAAU,GAAG,EAAE,CAAC;QACtB,MAAM,EAAE,EAAE,EAAE,GAAG,OAAO,CAAC,WAAW,CAAC,CAAC;QACpC,IAAI,CAAC,QAAQ,GAAG,gBAAM,CAAC,QAAQ,CAAC,IAAI,CAAC,QAAQ,EAAE,UAAU,CAAC,CAAC;QAC3D,OAAO,iBAAI,CAAC,OAAO,CAAC;YAChB,KAAK,EAAE;gBACH,CAAC,EAAE,CAAC,EAAE,CAAC,EAAE;oBACL,EAAE,QAAQ,EAAE,IAAI,CAAC,QAAQ,EAAE;oBAC3B,EAAE,KAAK,EAAE,IAAI,CAAC,KAAK,EAAE;iBACxB;aACJ;SACJ,CAAC;aACD,IAAI,CAAC,OAAO,CAAC,EAAE;YACZ,IAAI,OAAO,EAAE;gBACT,IAAI,OAAO,CAAC,QAAQ,KAAK,IAAI,CAAC,QAAQ,IAAI,OAAO,CAAC,KAAK,KAAK,IAAI,CAAC,KAAK,EAAE;oBACpE,OAAO,OAAO,CAAC,MAAM,CAAC,EAAE,OAAO,EAAE,4CAA4C,EAAC,CAAC,CAAC;iBACnF;qBAAM,IAAI,OAAO,CAAC,QAAQ,KAAK,IAAI,CAAC,QAAQ,EAAE;oBAC3C,OAAO,OAAO,CAAC,MAAM,CAAC,EAAE,OAAO,EAAE,iCAAiC,EAAC,CAAC,CAAC;iBACxE;qBAAM;oBACH,OAAO,OAAO,CAAC,MAAM,CAAC,EAAE,OAAO,EAAE,+BAA+B,EAAC,CAAC,CAAC;iBACtE;aACJ;YACD,OAAO,iBAAI,CAAC,MAAM,CAAC,IAAI,CAAC,CAAC,IAAI,CAAC,QAAQ,CAAC,EAAE,CAAC,OAAO,CAAC,OAAO,CAAC,QAAQ,CAAC,CAAC,CAAC,KAAK,CAAC,GAAG,CAAC,EAAE,CAAC,OAAO,CAAC,MAAM,CAAC,GAAG,CAAC,CAAC,CAAC;QAC3G,CAAC,CAAC;aACD,KAAK,CAAC,CAAC,GAAG,EAAE,EAAE,CAAC,OAAO,CAAC,MAAM,CAAC,EAAE,OAAO,EAAE,GAAG,EAAC,CAAC,CAAC,CAAC;IACrD,CAAC;IAEM,KAAK,CAAC,cAA4B;QACrC,MAAM,MAAM,GAAG,OAAO,CAAC,GAAG,CAAC,UAAU,CAAC;QACtC,MAAM,EAAE,EAAE,EAAE,GAAG,OAAO,CAAC,WAAW,CAAC,CAAC;QACpC,OAAO,iBAAI,CAAC,OAAO,CAAC;YAChB,KAAK,EAAE;gBACF,CAAC,EAAE,CAAC,EAAE,CAAC,EAAE;oBACN,EAAE,QAAQ,EAAE,cAAc,CAAC,cAAc,EAAE;oBAC3C,EAAE,KAAK,EAAE,cAAc,CAAC,cAAc,EAAE;iBAC1C;aACL;SACJ,CAAC;aACD,IAAI,CAAC,IAAI,CAAC,EAAE;YACT,IAAI,gBAAM,CAAC,WAAW,CAAC,cAAc,CAAC,QAAQ,EAAE,IAAI,CAAC,QAAQ,CAAC,EAAE;gBAC5D,MAAM,KAAK,GAAW,sBAAG,CAAC,IAAI,CAAC,EAAE,QAAQ,EAAE,IAAI,CAAC,QAAQ,EAAE,MAAM,EAAE,IAAI,CAAC,MAAM,EAAE,EAAE,MAAM,EAAE,EAAE,SAAS,EAAE,IAAI,EAAE,CAAC,CAAC;gBAC9G,OAAO,OAAO,CAAC,OAAO,CAAC,EAAE,IAAI,EAAE,KAAK,EAAE,CAAC,CAAC;aAC3C;iBAAM;gBACH,OAAO,OAAO,CAAC,MAAM,CAAC,EAAE,OAAO,EAAE,gBAAgB,EAAE,CAAC,CAAC;aACxD;QACL,CAAC,CAAC;aACD,KAAK,CAAC,GAAG,CAAC,EAAE,CAAC,OAAO,CAAC,MAAM,CAAC,EAAE,OAAO,EAAE,GAAG,EAAE,CAAC,CAAC,CAAC;IACpD,CAAC;IAEM,MAAM,CAAC,MAAc,EAAE,IAAoB;QAC9C,OAAO,iBAAI,CAAC,QAAQ,CAAC,MAAM,CAAC;aAC3B,IAAI,CAAC,KAAK,CAAC,EAAE,CACV,KAAK,CAAC,MAAM,CAAC,IAAI,CAAC;aACjB,IAAI,CAAC,GAAG,EAAE;YAAG,OAAO,OAAO,CAAC,OAAO,CAAC,KAAK,CAAC,CAAC;QAC5C,CAAC,CAAC,CACL;aACA,KAAK,CAAC,GAAG,CAAC,EAAE,CAAC,OAAO,CAAC,MAAM,CAAC,GAAG,CAAC,CAAC,CAAC;IACvC,CAAC;IAEM,MAAM;QACT,OAAO,iBAAI,CAAC,OAAO,EAAE,CAAC;IAC1B,CAAC;IAEM,OAAO,CAAC,UAAkB;QAC7B,OAAO,iBAAI,CAAC,OAAO,CAAC;YAChB,KAAK,EAAE;gBACH,MAAM,EAAE,UAAU;aACrB;SACJ,CAAC;aACD,KAAK,CAAC,GAAG,CAAC,EAAE,CAAC,OAAO,CAAC,MAAM,CAAC,GAAG,CAAC,CAAC,CAAC;IACvC,CAAC;IAEM,SAAS,CAAC,IAAoB;QACjC,OAAO,iBAAI,CAAC,OAAO,CAAC;YAChB,KAAK,EAAE;gBACH,QAAQ,EAAE,IAAI,CAAC,QAAQ;aAC1B;SACJ,CAAC;aACD,IAAI,CAAC,KAAK,CAAC,EAAE,CACV,KAAK,CAAC,MAAM,CAAC,EAAC,KAAK,EAAE,IAAI,EAAC,CAAC;aAC1B,IAAI,CAAC,GAAG,EAAE;YAAG,OAAO,OAAO,CAAC,OAAO,CAAC,KAAK,CAAC,CAAC;QAC5C,CAAC,CAAC,CACL;aACA,KAAK,CAAC,GAAG,CAAC,EAAE,CAAC,OAAO,CAAC,MAAM,CAAC,GAAG,CAAC,CAAC,CAAC;IACvC,CAAC;IAEM,WAAW,CAAC,IAAoB;QACnC,OAAO,iBAAI,CAAC,OAAO,CAAC;YAChB,KAAK,EAAE;gBACH,QAAQ,EAAE,IAAI,CAAC,QAAQ;aAC1B;SACJ,CAAC;aACD,IAAI,CAAC,KAAK,CAAC,EAAE,CACV,KAAK,CAAC,MAAM,CAAC,EAAC,KAAK,EAAE,KAAK,EAAC,CAAC;aAC3B,IAAI,CAAC,GAAG,EAAE;YAAG,OAAO,OAAO,CAAC,OAAO,CAAC,KAAK,CAAC,CAAC;QAC5C,CAAC,CAAC,CACL;aACA,KAAK,CAAC,GAAG,CAAC,EAAE,CAAC,OAAO,CAAC,MAAM,CAAC,GAAG,CAAC,CAAC,CAAC;IACvC,CAAC;CACJ;AArGD,kCAqGC","sourcesContent":["import { UserAttributes, User } from '../models/user.model';\r\nimport { LoginResponse, LoginRequest } from '../models/login.model';\r\nimport bcrypt from 'bcrypt';\r\nimport jwt from 'jsonwebtoken';\r\n\r\nexport class UserService {\r\n\r\n    public register(user: UserAttributes): Promise<UserAttributes> {\r\n        const saltRounds = 12;\r\n        const { Op } = require('sequelize');\r\n        user.password = bcrypt.hashSync(user.password, saltRounds); // hashes the password, never store passwords as plaintext\r\n        return User.findOne({\r\n            where: {\r\n                [Op.or]: [\r\n                    { userName: user.userName },\r\n                    { email: user.email }\r\n                ]\r\n            }\r\n        })\r\n        .then(newUser => {\r\n            if (newUser) {\r\n                if (newUser.userName === user.userName && newUser.email === user.email) {\r\n                    return Promise.reject({ message: 'Both username and email are already taken!'});\r\n                } else if (newUser.userName === user.userName) {\r\n                    return Promise.reject({ message: 'This username is already taken!'});\r\n                } else {\r\n                    return Promise.reject({ message: 'This e-mail is already taken!'});\r\n                }\r\n            }\r\n            return User.create(user).then(inserted => Promise.resolve(inserted)).catch(err => Promise.reject(err));\r\n        })\r\n        .catch((err) => Promise.reject({ message: err}));\r\n    }\r\n\r\n    public login(loginRequestee: LoginRequest): Promise<User | LoginResponse> {\r\n        const secret = process.env.JWT_SECRET;\r\n        const { Op } = require('sequelize');\r\n        return User.findOne({\r\n            where: {\r\n                 [Op.or]: [\r\n                    { userName: loginRequestee.userNameOrMail },\r\n                    { email: loginRequestee.userNameOrMail }\r\n                 ]\r\n            }\r\n        })\r\n        .then(user => {\r\n            if (bcrypt.compareSync(loginRequestee.password, user.password)) {// compares the hash with the password from the lognin request\r\n                const token: string = jwt.sign({ userName: user.userName, userId: user.userId }, secret, { expiresIn: '2h' });\r\n                return Promise.resolve({ user, token });\r\n            } else {\r\n                return Promise.reject({ message: 'not authorized' });\r\n            }\r\n        })\r\n        .catch(err => Promise.reject({ message: err }));\r\n    }\r\n\r\n    public update(userId: number, user: UserAttributes): Promise<User> {\r\n        return User.findByPk(userId)\r\n        .then(found =>\r\n            found.update(user)\r\n            .then(() => { return Promise.resolve(found);\r\n            })\r\n        )\r\n        .catch(err => Promise.reject(err));\r\n    }\r\n\r\n    public getAll(): Promise<User[]> {\r\n        return User.findAll();\r\n    }\r\n\r\n    public getUser(thisUserId: number): Promise<User> {\r\n        return User.findOne({\r\n            where: {\r\n                userId: thisUserId\r\n            }\r\n        })\r\n        .catch(err => Promise.reject(err));\r\n    }\r\n\r\n    public makeAdmin(user: UserAttributes): Promise<User> {\r\n        return User.findOne({\r\n            where: {\r\n                userName: user.userName\r\n            }\r\n        })\r\n        .then(found =>\r\n            found.update({admin: true})\r\n            .then(() => { return Promise.resolve(found);\r\n            })\r\n        )\r\n        .catch(err => Promise.reject(err));\r\n    }\r\n\r\n    public removeAdmin(user: UserAttributes): Promise<User> {\r\n        return User.findOne({\r\n            where: {\r\n                userName: user.userName\r\n            }\r\n        })\r\n        .then(found =>\r\n            found.update({admin: false})\r\n            .then(() => { return Promise.resolve(found);\r\n            })\r\n        )\r\n        .catch(err => Promise.reject(err));\r\n    }\r\n}\r\n"]},"_coverageSchema":"1a1c01bbd47fc00a2c39e90264f33305004495a9","hash":"8a2d3501d9ad9376c9705aed02d8830a1d054ff7","contentHash":"a4cb1db0cbb1b43efd2f2dd57ea63f041326ccb9e89b55d148df6f5952675721"}}